... logging to /root/.ros/log/f2e4082c-5817-11f1-97d3-c285ead2937b/roslaunch-LPA3588-26741.log
Checking log directory for disk usage. This may take a while.
Press Ctrl-C to interrupt
Done checking log file disk usage. Usage is <1GB.
]2;/home/neardi/work/Grinder/catkin_ws/src/grinder_scheduler/launch/grinder_system.launch
[1mstarted roslaunch server http://LPA3588:35189/[0m

SUMMARY
========

PARAMETERS
 * /chassis_driver/baudrate: 19200
 * /chassis_driver/cmd_source_hold_sec: 0.2
 * /chassis_driver/cmd_vel_deadband_angular: 0.0
 * /chassis_driver/cmd_vel_deadband_linear: 0.0
 * /chassis_driver/cmd_vel_drive_left_sign: 1
 * /chassis_driver/cmd_vel_drive_right_sign: 1
 * /chassis_driver/cmd_vel_drive_swap_lr: False
 * /chassis_driver/cmd_vel_enabled: True
 * /chassis_driver/cmd_vel_filter_angular_accel: 0.2
 * /chassis_driver/cmd_vel_filter_angular_deadband: 0.01
 * /chassis_driver/cmd_vel_filter_enabled: True
 * /chassis_driver/cmd_vel_filter_linear_accel: 0.2
 * /chassis_driver/cmd_vel_filter_sign_confirm_count: 2
 * /chassis_driver/cmd_vel_gear_ratio: 60.0
 * /chassis_driver/cmd_vel_max_abs_wheel_rpm: 3000.0
 * /chassis_driver/cmd_vel_max_angular: 0.1
 * /chassis_driver/cmd_vel_max_input_v: 0.1
 * /chassis_driver/cmd_vel_max_input_w: 0.1
 * /chassis_driver/cmd_vel_max_linear: 0.1
 * /chassis_driver/cmd_vel_scale: 1.0
 * /chassis_driver/cmd_vel_topic: /cmd_vel
 * /chassis_driver/cmd_vel_wheel_radius_m: 0.15
 * /chassis_driver/cmd_vel_wheel_track_m: 0.79
 * /chassis_driver/command_timeout: 5
 * /chassis_driver/disc_speed_max: 32767
 * /chassis_driver/disc_speed_min: -32768
 * /chassis_driver/drive_left_sign: -1
 * /chassis_driver/drive_right_sign: -1
 * /chassis_driver/drive_swap_lr: False
 * /chassis_driver/enable_cmd_ramp_limit: False
 * /chassis_driver/enable_safe_stop_on_comm_error: False
 * /chassis_driver/left_speed_max: 32767
 * /chassis_driver/left_speed_min: -32768
 * /chassis_driver/manual_drive_max_wheel_speed: 600
 * /chassis_driver/manual_wheel_deadband_rpm: 30
 * /chassis_driver/manual_wheel_hyst_enter_rpm: 60
 * /chassis_driver/manual_wheel_hyst_exit_rpm: 30
 * /chassis_driver/max_cmd_step_rpm: 50
 * /chassis_driver/max_echo_deviation: 2000
 * /chassis_driver/max_echo_failures: 20
 * /chassis_driver/max_retries: 3
 * /chassis_driver/poll_rate_hz: 20.0
 * /chassis_driver/port: /dev/ttyS0
 * /chassis_driver/right_speed_max: 32767
 * /chassis_driver/right_speed_min: -32768
 * /chassis_driver/rs485_raw_log_enabled: False
 * /chassis_driver/rs485_raw_log_file: temp/chassis_rs48...
 * /chassis_driver/safe_stop_on_error_interval: 2.0
 * /chassis_driver/slave_id: 1
 * /chassis_driver/startup_zero_output: True
 * /chassis_driver/stop_on_timeout: True
 * /chassis_driver/task_enable_default: False
 * /chassis_driver/timeout: 0.1
 * /chassis_driver/write_verify: False
 * /grinder_scheduler/aurora_ip_address: 192.168.11.1
 * /grinder_scheduler/aurora_no_preview_image: False
 * /grinder_scheduler/aurora_raw_image_on: True
 * /grinder_scheduler/change_map_service: /change_map
 * /grinder_scheduler/default_path_spacing: 0.8
 * /grinder_scheduler/depth_image_colorized_topic: /slamware_ros_sdk...
 * /grinder_scheduler/first_frame_save_dir: temp
 * /grinder_scheduler/global_plan_publish_hz: 2
 * /grinder_scheduler/inflation_radius: 0.65
 * /grinder_scheduler/initial_map_preview_dir: temp
 * /grinder_scheduler/initial_map_preview_format: jpg
 * /grinder_scheduler/initial_map_preview_max_edge: 320
 * /grinder_scheduler/left_image_topic: /slamware_ros_sdk...
 * /grinder_scheduler/live_map_dir: temp/live_map
 * /grinder_scheduler/live_map_enabled: True
 * /grinder_scheduler/live_map_hz: 1.0
 * /grinder_scheduler/live_map_image_name: map1.pgm
 * /grinder_scheduler/live_map_yaml_name: map.yaml
 * /grinder_scheduler/live_preview_enabled: True
 * /grinder_scheduler/live_preview_file: temp/aurora_map_p...
 * /grinder_scheduler/live_preview_format: jpg
 * /grinder_scheduler/live_preview_hz: 1.0
 * /grinder_scheduler/live_preview_max_edge: 320
 * /grinder_scheduler/local_rtsp_enabled: True
 * /grinder_scheduler/local_rtsp_encoder: libx264
 * /grinder_scheduler/local_rtsp_fps: 15
 * /grinder_scheduler/local_rtsp_host: 0.0.0.0
 * /grinder_scheduler/local_rtsp_log_dir: temp
 * /grinder_scheduler/local_rtsp_mediamtx_path: /home/neardi/work...
 * /grinder_scheduler/local_rtsp_port: 8554
 * /grinder_scheduler/local_rtsp_public_host: auto
 * /grinder_scheduler/local_rtsp_start_server: True
 * /grinder_scheduler/local_rtsp_width: 640
 * /grinder_scheduler/manual_reverse_guard_sec: 1.0
 * /grinder_scheduler/map_topic: /map
 * /grinder_scheduler/navigation_map_yaml_path: /home/neardi/work...
 * /grinder_scheduler/odom_topic: /odom
 * /grinder_scheduler/overlap_ratio: 0.1
 * /grinder_scheduler/path_goal_reach_dist: 0.03
 * /grinder_scheduler/path_segment_timeout: 60.0
 * /grinder_scheduler/persist_state_dir: temp/grinder_sche...
 * /grinder_scheduler/persist_state_enabled: True
 * /grinder_scheduler/planned_path_preview_arrow_len_px: 12
 * /grinder_scheduler/planned_path_preview_arrow_step: 10
 * /grinder_scheduler/planned_path_preview_dir: temp
 * /grinder_scheduler/planned_path_preview_format: jpg
 * /grinder_scheduler/planned_path_preview_include_overlay: True
 * /grinder_scheduler/planned_path_preview_max_edge: 320
 * /grinder_scheduler/planned_path_preview_show_direction: True
 * /grinder_scheduler/planner_script_path: third_party/path_...
 * /grinder_scheduler/right_image_topic: /slamware_ros_sdk...
 * /grinder_scheduler/save_first_frame_on_startup: False
 * /grinder_scheduler/scheduler_tick_hz: 5
 * /grinder_scheduler/set_map_localization_topic: /slamware_ros_sdk...
 * /grinder_scheduler/set_map_update_topic: /slamware_ros_sdk...
 * /grinder_scheduler/sl_linka_host: 0.0.0.0
 * /grinder_scheduler/sl_linka_port: 8002
 * /grinder_scheduler/sl_linka_python_sdk_dir: third_party/sl_li...
 * /grinder_scheduler/start_aurora_driver: False
 * /grinder_scheduler/stcm_local_dir: maps/raw
 * /grinder_scheduler/stream_enabled: True
 * /grinder_scheduler/stream_fps: 8
 * /grinder_scheduler/stream_push_hz: 20
 * /grinder_scheduler/stream_url: rtmp://127.0.0.1:...
 * /grinder_scheduler/stream_width: 1280
 * /grinder_scheduler/sync_get_stcm_service: /slamware_ros_sdk...
 * /grinder_scheduler/sync_set_stcm_service: /slamware_ros_sdk...
 * /grinder_scheduler/turn_radius: 0.8
 * /grinder_scheduler/use_depth_colorized_image: False
 * /grinder_scheduler/vehicle_length: 0.5
 * /grinder_scheduler/vehicle_width: 0.5
 * /move_base/TebLocalPlannerROS/acc_lim_theta: 0.05
 * /move_base/TebLocalPlannerROS/acc_lim_x: 0.1
 * /move_base/TebLocalPlannerROS/allow_init_with_backwards_motion: False
 * /move_base/TebLocalPlannerROS/complete_global_plan: True
 * /move_base/TebLocalPlannerROS/costmap_converter/CostmapToLinesDBSRANSAC/cluster_max_distance: 0.2
 * /move_base/TebLocalPlannerROS/costmap_converter/CostmapToLinesDBSRANSAC/cluster_min_pts: 2
 * /move_base/TebLocalPlannerROS/costmap_converter/CostmapToLinesDBSRANSAC/convex_hull_min_pt_separation: 0.1
 * /move_base/TebLocalPlannerROS/costmap_converter/CostmapToLinesDBSRANSAC/ransac_convert_outlier_pts: True
 * /move_base/TebLocalPlannerROS/costmap_converter/CostmapToLinesDBSRANSAC/ransac_filter_remaining_outlier_pts: False
 * /move_base/TebLocalPlannerROS/costmap_converter/CostmapToLinesDBSRANSAC/ransac_inlier_distance: 0.15
 * /move_base/TebLocalPlannerROS/costmap_converter/CostmapToLinesDBSRANSAC/ransac_min_inliers: 10
 * /move_base/TebLocalPlannerROS/costmap_converter/CostmapToLinesDBSRANSAC/ransac_no_iterations: 1500
 * /move_base/TebLocalPlannerROS/costmap_converter/CostmapToLinesDBSRANSAC/ransac_remainig_outliers: 3
 * /move_base/TebLocalPlannerROS/costmap_converter_plugin: 
 * /move_base/TebLocalPlannerROS/costmap_converter_rate: 5
 * /move_base/TebLocalPlannerROS/costmap_converter_spin_thread: True
 * /move_base/TebLocalPlannerROS/costmap_obstacles_behind_robot_dist: 0.3
 * /move_base/TebLocalPlannerROS/delete_detours_backwards: True
 * /move_base/TebLocalPlannerROS/dt_hysteresis: 0.1
 * /move_base/TebLocalPlannerROS/dt_ref: 0.4
 * /move_base/TebLocalPlannerROS/dynamic_obstacle_inflation_dist: 0.3
 * /move_base/TebLocalPlannerROS/enable_homotopy_class_planning: False
 * /move_base/TebLocalPlannerROS/enable_multithreading: True
 * /move_base/TebLocalPlannerROS/exact_arc_length: False
 * /move_base/TebLocalPlannerROS/feasibility_check_no_poses: 2
 * /move_base/TebLocalPlannerROS/footprint_model/type: polygon
 * /move_base/TebLocalPlannerROS/footprint_model/vertices: [[-0.15, 0.5], [1...
 * /move_base/TebLocalPlannerROS/free_goal_vel: False
 * /move_base/TebLocalPlannerROS/global_plan_overwrite_orientation: False
 * /move_base/TebLocalPlannerROS/global_plan_prune_distance: 1
 * /move_base/TebLocalPlannerROS/global_plan_viapoint_sep: 0.8
 * /move_base/TebLocalPlannerROS/h_signature_prescaler: 0.5
 * /move_base/TebLocalPlannerROS/h_signature_threshold: 0.1
 * /move_base/TebLocalPlannerROS/include_costmap_obstacles: True
 * /move_base/TebLocalPlannerROS/include_dynamic_obstacles: False
 * /move_base/TebLocalPlannerROS/inflation_dist: 0.35
 * /move_base/TebLocalPlannerROS/max_global_plan_lookahead_dist: 1.0
 * /move_base/TebLocalPlannerROS/max_number_classes: 4
 * /move_base/TebLocalPlannerROS/max_ratio_detours_duration_best_duration: 3.0
 * /move_base/TebLocalPlannerROS/max_samples: 200
 * /move_base/TebLocalPlannerROS/max_vel_theta: 0.1
 * /move_base/TebLocalPlannerROS/max_vel_x: 0.1
 * /move_base/TebLocalPlannerROS/max_vel_x_backwards: 0.05
 * /move_base/TebLocalPlannerROS/max_vel_y: 0.0
 * /move_base/TebLocalPlannerROS/min_obstacle_dist: 0.25
 * /move_base/TebLocalPlannerROS/min_turning_radius: 0.0
 * /move_base/TebLocalPlannerROS/no_inner_iterations: 3
 * /move_base/TebLocalPlannerROS/no_outer_iterations: 2
 * /move_base/TebLocalPlannerROS/obstacle_cost_exponent: 4
 * /move_base/TebLocalPlannerROS/obstacle_heading_threshold: 0.45
 * /move_base/TebLocalPlannerROS/obstacle_poses_affected: 15
 * /move_base/TebLocalPlannerROS/odom_topic: odom
 * /move_base/TebLocalPlannerROS/optimization_activate: True
 * /move_base/TebLocalPlannerROS/optimization_verbose: False
 * /move_base/TebLocalPlannerROS/oscillation_filter_duration: 10
 * /move_base/TebLocalPlannerROS/oscillation_omega_eps: 0.1
 * /move_base/TebLocalPlannerROS/oscillation_recovery: True
 * /move_base/TebLocalPlannerROS/oscillation_recovery_min_duration: 10
 * /move_base/TebLocalPlannerROS/oscillation_v_eps: 0.1
 * /move_base/TebLocalPlannerROS/penalty_epsilon: 0.03
 * /move_base/TebLocalPlannerROS/publish_feedback: False
 * /move_base/TebLocalPlannerROS/roadmap_graph_area_length_scale: 1.0
 * /move_base/TebLocalPlannerROS/roadmap_graph_area_width: 5
 * /move_base/TebLocalPlannerROS/roadmap_graph_no_samples: 15
 * /move_base/TebLocalPlannerROS/selection_alternative_time_cost: False
 * /move_base/TebLocalPlannerROS/selection_cost_hysteresis: 1.0
 * /move_base/TebLocalPlannerROS/selection_obst_cost_scale: 100.0
 * /move_base/TebLocalPlannerROS/selection_prefer_initial_plan: 0.9
 * /move_base/TebLocalPlannerROS/shrink_horizon_backup: True
 * /move_base/TebLocalPlannerROS/shrink_horizon_min_duration: 10
 * /move_base/TebLocalPlannerROS/switching_blocking_period: 0.0
 * /move_base/TebLocalPlannerROS/teb_autosize: True
 * /move_base/TebLocalPlannerROS/viapoints_all_candidates: True
 * /move_base/TebLocalPlannerROS/visualize_hc_graph: False
 * /move_base/TebLocalPlannerROS/visualize_with_time_as_z_axis_scale: False
 * /move_base/TebLocalPlannerROS/weight_acc_lim_theta: 1.0
 * /move_base/TebLocalPlannerROS/weight_acc_lim_x: 1.0
 * /move_base/TebLocalPlannerROS/weight_adapt_factor: 2
 * /move_base/TebLocalPlannerROS/weight_dynamic_obstacle: 10
 * /move_base/TebLocalPlannerROS/weight_dynamic_obstacle_inflation: 0.2
 * /move_base/TebLocalPlannerROS/weight_inflation: 0.2
 * /move_base/TebLocalPlannerROS/weight_kinematics_forward_drive: 800
 * /move_base/TebLocalPlannerROS/weight_kinematics_nh: 1000
 * /move_base/TebLocalPlannerROS/weight_kinematics_turning_radius: 1
 * /move_base/TebLocalPlannerROS/weight_max_vel_theta: 1
 * /move_base/TebLocalPlannerROS/weight_max_vel_x: 2
 * /move_base/TebLocalPlannerROS/weight_obstacle: 100
 * /move_base/TebLocalPlannerROS/weight_optimaltime: 1
 * /move_base/TebLocalPlannerROS/weight_shortest_path: 1
 * /move_base/TebLocalPlannerROS/weight_viapoint: 20
 * /move_base/TebLocalPlannerROS/xy_goal_tolerance: 0.1
 * /move_base/TebLocalPlannerROS/yaw_goal_tolerance: 0.05
 * /move_base/base_global_planner: carrot_planner/Ca...
 * /move_base/base_local_planner: teb_local_planner...
 * /move_base/controller_frequency: 10.0
 * /move_base/controller_patience: 10.0
 * /move_base/global_costmap/always_send_full_costmap: True
 * /move_base/global_costmap/footprint: [[-0.15, 0.5], [1...
 * /move_base/global_costmap/footprint_padding: 0.0
 * /move_base/global_costmap/global_frame: map
 * /move_base/global_costmap/inflation_layer/cost_scaling_factor: 10.0
 * /move_base/global_costmap/inflation_layer/enabled: True
 * /move_base/global_costmap/inflation_layer/inflation_radius: 0.1
 * /move_base/global_costmap/map_type: costmap
 * /move_base/global_costmap/obstacle_layer/combination_method: 1
 * /move_base/global_costmap/obstacle_layer/enabled: True
 * /move_base/global_costmap/obstacle_layer/inflation_radius: 0.2
 * /move_base/global_costmap/obstacle_layer/laser_scan_sensor/clearing: True
 * /move_base/global_costmap/obstacle_layer/laser_scan_sensor/data_type: LaserScan
 * /move_base/global_costmap/obstacle_layer/laser_scan_sensor/marking: True
 * /move_base/global_costmap/obstacle_layer/laser_scan_sensor/topic: scan
 * /move_base/global_costmap/obstacle_layer/observation_sources: laser_scan_sensor
 * /move_base/global_costmap/obstacle_layer/obstacle_range: 3.0
 * /move_base/global_costmap/obstacle_layer/raytrace_range: 4.0
 * /move_base/global_costmap/obstacle_layer/track_unknown_space: True
 * /move_base/global_costmap/plugins: [{'name': 'static...
 * /move_base/global_costmap/publish_frequency: 2.0
 * /move_base/global_costmap/robot_base_frame: base_link
 * /move_base/global_costmap/robot_radius: 0.0
 * /move_base/global_costmap/static_layer/enabled: True
 * /move_base/global_costmap/static_layer/map_topic: map
 * /move_base/global_costmap/static_map: True
 * /move_base/global_costmap/transform_tolerance: 0.5
 * /move_base/global_costmap/update_frequency: 2.0
 * /move_base/local_costmap/always_send_full_costmap: True
 * /move_base/local_costmap/footprint: [[-0.15, 0.5], [1...
 * /move_base/local_costmap/footprint_padding: 0.0
 * /move_base/local_costmap/global_frame: map
 * /move_base/local_costmap/height: 5
 * /move_base/local_costmap/inflation_layer/cost_scaling_factor: 10.0
 * /move_base/local_costmap/inflation_layer/enabled: True
 * /move_base/local_costmap/inflation_layer/inflation_radius: 0.1
 * /move_base/local_costmap/map_type: costmap
 * /move_base/local_costmap/obstacle_layer/combination_method: 1
 * /move_base/local_costmap/obstacle_layer/enabled: True
 * /move_base/local_costmap/obstacle_layer/inflation_radius: 0.2
 * /move_base/local_costmap/obstacle_layer/laser_scan_sensor/clearing: True
 * /move_base/local_costmap/obstacle_layer/laser_scan_sensor/data_type: LaserScan
 * /move_base/local_costmap/obstacle_layer/laser_scan_sensor/marking: True
 * /move_base/local_costmap/obstacle_layer/laser_scan_sensor/topic: scan
 * /move_base/local_costmap/obstacle_layer/observation_sources: laser_scan_sensor
 * /move_base/local_costmap/obstacle_layer/obstacle_range: 3.0
 * /move_base/local_costmap/obstacle_layer/raytrace_range: 4.0
 * /move_base/local_costmap/obstacle_layer/track_unknown_space: True
 * /move_base/local_costmap/plugins: [{'name': 'static...
 * /move_base/local_costmap/publish_frequency: 5.0
 * /move_base/local_costmap/resolution: 0.1
 * /move_base/local_costmap/robot_base_frame: base_link
 * /move_base/local_costmap/robot_radius: 0.0
 * /move_base/local_costmap/rolling_window: True
 * /move_base/local_costmap/static_layer/enabled: True
 * /move_base/local_costmap/static_layer/map_topic: map
 * /move_base/local_costmap/static_map: False
 * /move_base/local_costmap/transform_tolerance: 0.5
 * /move_base/local_costmap/update_frequency: 5.0
 * /move_base/local_costmap/width: 5
 * /rosdistro: noetic
 * /rosversion: 1.17.4
 * /slamware_ros_sdk_server_node/angle_compensate: True
 * /slamware_ros_sdk_server_node/camera_left: base_camera_left
 * /slamware_ros_sdk_server_node/camera_right: base_camera_right
 * /slamware_ros_sdk_server_node/imu_frame: base_imu_link
 * /slamware_ros_sdk_server_node/imu_raw_data_period: 0.005
 * /slamware_ros_sdk_server_node/ip_address: 192.168.11.1
 * /slamware_ros_sdk_server_node/ladar_data_clockwise: True
 * /slamware_ros_sdk_server_node/laser_frame: base_laser_link
 * /slamware_ros_sdk_server_node/map_frame: map
 * /slamware_ros_sdk_server_node/map_pub_period: 0.2
 * /slamware_ros_sdk_server_node/no_preview_image: False
 * /slamware_ros_sdk_server_node/odom_frame: odom
 * /slamware_ros_sdk_server_node/raw_image_on: False
 * /slamware_ros_sdk_server_node/robot_frame: base_link
 * /slamware_ros_sdk_server_node/robot_pose_pub_period: 0.05
 * /slamware_ros_sdk_server_node/robot_pose_topic: robot_pose
 * /slamware_ros_sdk_server_node/scan_pub_period: 0.1
 * /use_sim_time: False

NODES
  /
    baselink2map (tf2_ros/static_transform_publisher)
    chassis_driver (grinder_chassis_driver/chassis_driver_node.py)
    grinder_scheduler (grinder_scheduler/scheduler_node.py)
    move_base (move_base/move_base)
    odom2map (tf2_ros/static_transform_publisher)
    rviz (rviz/rviz)
    slamware_ros_sdk_server_node (slamware_ros_sdk/slamware_ros_sdk_server_node)
QStandardPaths: XDG_RUNTIME_DIR not set, defaulting to '/tmp/runtime-root'
Cannot find EGLConfig, returning null config
Unable to find an X11 visual which matches EGL config 0
[0m[INFO] [1779699553.807009739]: Trying to connect to Aurora, tryCnt: 1.[0m
[0m[INFO] [1779699553.814378406]: Selected device: tcp/192.168.11.1:7447[0m
[0m[INFO] [1779699553.814453656]: Connecting to the selected device...[0m
[0m[INFO] [1779699554.685516952]: Connected to the selected device[0m
[0m[INFO] [1779699554.712747538]: Connected to Aurora, OK, tryCnt: 1.[0m
[0m[INFO] [1779699554.712933622]: Odometry:0.1000[0m
[0m[INFO] [1779699554.717721330]: RobotPose:0.0500[0m
[0m[INFO] [1779699554.719120456]: ExploreMapUpdate:0.2000[0m
[0m[INFO] [1779699554.719155747]: ExploreMapPublish:0.2000[0m
[0m[INFO] [1779699554.729766582]: LaserScan:0.1000[0m
[0m[INFO] [1779699554.732222415]: ServerImuRawDataWorker:0.0050[0m
[0m[INFO] [1779699554.733467249]: RosConnectWorker:0.1000[0m
[0m[INFO] [1779699554.734593957]: SystemStatus:0.0500[0m
[0m[INFO] [1779699554.735965666]: StereoImage:0.0500[0m
[0m[INFO] [1779699554.741456291]: PointCloud:0.1000[0m
[0m[INFO] [1779699554.760522251]: SlamwareRosSdkServer, work thread begin.[0m
[0m[INFO] [1779699554.760634835]: reset all 12 workers on work loop begin.[0m
[0m[INFO] [1779699554.760878668]: Depth camera supported, subscription enabled, post-filtering on[0m
[0m[INFO] [1779699554.761008751]: Semantic segmentation supported and subscription enabled[0m
[0m[INFO] [1779699554.761074960]: Semantic segmentation label set: coco80[0m
[0m[INFO] [1779699554.761153126]: Label ID: 0, Name: (null)[0m
[0m[INFO] [1779699554.761201251]: Label ID: 1, Name: person[0m
[0m[INFO] [1779699554.766850835]: Label ID: 2, Name: bicycle[0m
[0m[INFO] [1779699554.766981210]: Label ID: 3, Name: car[0m
[0m[INFO] [1779699554.767033127]: Label ID: 4, Name: motorcycle[0m
[0m[INFO] [1779699554.767083002]: Label ID: 5, Name: airplane[0m
[0m[INFO] [1779699554.767131710]: Label ID: 6, Name: bus[0m
[0m[INFO] [1779699554.767179835]: Label ID: 7, Name: train[0m
[0m[INFO] [1779699554.767253919]: Label ID: 8, Name: truck[0m
[0m[INFO] [1779699554.767304085]: Label ID: 9, Name: boat[0m
[0m[INFO] [1779699554.767352794]: Label ID: 10, Name: traffic light[0m
[0m[INFO] [1779699554.767401210]: Label ID: 11, Name: fire hydrant[0m
[0m[INFO] [1779699554.767449044]: Label ID: 12, Name: stop sign[0m
[0m[INFO] [1779699554.767495710]: Label ID: 13, Name: parking meter[0m
[0m[INFO] [1779699554.767543544]: Label ID: 14, Name: bench[0m
[0m[INFO] [1779699554.767589919]: Label ID: 15, Name: bird[0m
[0m[INFO] [1779699554.767638044]: Label ID: 16, Name: cat[0m
[0m[INFO] [1779699554.767684710]: Label ID: 17, Name: dog[0m
[0m[INFO] [1779699554.767731377]: Label ID: 18, Name: horse[0m
[0m[INFO] [1779699554.767777752]: Label ID: 19, Name: sheep[0m
[0m[INFO] [1779699554.767826752]: Label ID: 20, Name: cow[0m
[0m[INFO] [1779699554.767874294]: Label ID: 21, Name: elephant[0m
[0m[INFO] [1779699554.767922127]: Label ID: 22, Name: bear[0m
[0m[INFO] [1779699554.767969377]: Label ID: 23, Name: zebra[0m
[0m[INFO] [1779699554.768018960]: Label ID: 24, Name: giraffe[0m
[0m[INFO] [1779699554.768056877]: Label ID: 25, Name: backpack[0m
[0m[INFO] [1779699554.768101502]: Label ID: 26, Name: umbrella[0m
[0m[INFO] [1779699554.768139419]: Label ID: 27, Name: handbag[0m
[0m[INFO] [1779699554.768181419]: Label ID: 28, Name: tie[0m
[0m[INFO] [1779699554.768217877]: Label ID: 29, Name: suitcase[0m
[0m[INFO] [1779699554.768259585]: Label ID: 30, Name: frisbee[0m
[0m[INFO] [1779699554.768296627]: Label ID: 31, Name: skis[0m
[0m[INFO] [1779699554.768346210]: Label ID: 32, Name: snowboard[0m
[0m[INFO] [1779699554.768382960]: Label ID: 33, Name: sports ball[0m
[0m[INFO] [1779699554.768424960]: Label ID: 34, Name: kite[0m
[0m[INFO] [1779699554.768462294]: Label ID: 35, Name: baseball bat[0m
[0m[INFO] [1779699554.768497877]: Label ID: 36, Name: baseball glove[0m
[0m[INFO] [1779699554.768539294]: Label ID: 37, Name: skateboard[0m
[0m[INFO] [1779699554.768575461]: Label ID: 38, Name: surfboard[0m
[0m[INFO] [1779699554.768617752]: Label ID: 39, Name: tennis racket[0m
[0m[[33m[WARN] [1779699554.991956858]: global_costmap: Pre-Hydro parameter "static_map" unused since "plugins" is provided[0m
[33m[WARN] [1779699554.994944692]: global_costmap: Pre-Hydro parameter "map_type" unused since "plugins" is provided[0m
[33m[WARN] [1779699555.496532950]: local_costmap: Pre-Hydro parameter "static_map" unused since "plugins" is provided[0m
[33m[WARN] [1779699555.497155950]: local_costmap: Pre-Hydro parameter "map_type" unused since "plugins" is provided[0m
[33m[WARN] [1779699659.347178510]: makePlan is called.
[0m
[0m[INFO] [1779699554.997445442]: global_costmap: Using plugin "static_layer"[0m
[0m[INFO] [1779699555.026003403]: Requesting the map...[0m
[0m[INFO] [1779699555.243472717]: Resizing costmap to 4 X 4 at 0.050000 m/pix[0m
[0m[INFO] [1779699555.335005601]: Received a 4 X 4 map at 0.050000 m/pix[0m
[0m[INFO] [1779699555.364637479]: global_costmap: Using plugin "obstacle_layer"[0m
[0m[INFO] [1779699555.381797689]:     Subscribed to Topics: laser_scan_sensor[0m
[0m[INFO] [1779699555.421634693]: global_costmap: Using plugin "inflation_layer"[0m
[0m[INFO] [1779699555.498291992]: local_costmap: Using plugin "static_layer"[0m
[0m[INFO] [1779699555.502480909]: Requesting the map...[0m
[0m[INFO] [1779699555.504107534]: Resizing costmap to 321 X 321 at 0.050000 m/pix[0m
[0m[INFO] [1779699555.505287910]: Resizing static layer to 321 X 321 at 0.050000 m/pix[0m
[0m[INFO] [1779699555.604228836]: Received a 321 X 321 map at 0.050000 m/pix[0m
[0m[INFO] [1779699555.621982296]: local_costmap: Using plugin "obstacle_layer"[0m
[0m[INFO] [1779699555.629279505]:     Subscribed to Topics: laser_scan_sensor[0m
[0m[INFO] [1779699555.725494515]: Created local_planner teb_local_planner/TebLocalPlannerROS[0m
[0m[INFO] [1779699555.845807027]: Footprint model 'polygon' loaded for trajectory optimization.[0m
[0m[INFO] [1779699555.846475527]: Parallel planning in distinctive topologies disabled.[0m
[0m[INFO] [1779699555.846570902]: No costmap conversion plugin specified. All occupied costmap cells are treaten as point obstacles.[0m
[0m[INFO] [1779699555.959468664]: max_vel_trans is not set, setting it equal to max_vel_x: 0.1[0m
[0m[INFO] [1779699555.964755414]: Footprint model 'polygon' loaded for trajectory optimization.[0m
[0m[INFO] [1779699556.531577846]: Recovery behavior will clear layer 'obstacles'[0m
[0m[INFO] [1779699556.546895598]: Recovery behavior will clear layer 'obstacles'[0m
[0m[INFO] [1779699556.656177567]: odom received![0m
[0m[INFO] [1779699564.848119723]: Resizing costmap to 663 X 645 at 0.050000 m/pix[0m
[0m[INFO] [1779699564.855871932]: Resizing static layer to 663 X 645 at 0.050000 m/pix[0m
[0m[INFO] [1779699659.365654137]: delta_orient: 1.767677, ??????????????????.[0m
[0m[INFO] [1779699659.451923312]: delta_orient: 1.767539, ??????????????????.[0m
[0m[INFO] [1779699659.555142114]: delta_orient: 1.767539, ??????????????????.[0m
[0m[INFO] [1779699659.650359915]: delta_orient: 1.767700, ??????????????????.[0m
[0m[INFO] [1779699659.753632092]: delta_orient: 1.767922, ??????????????????.[0m
[0m[INFO] [1779699659.852595477]: delta_orient: 1.767922, ??????????????????.[0m
[0m[INFO] [1779699659.952540112]: delta_orient: 1.766591, ??????????????????.[0m
[0m[INFO] [1779699660.051358414]: delta_orient: 1.766346, ??????????????????.[0m
[0m[INFO] [1779699660.154849924]: delta_orient: 1.766019, ??????????????????.[0m
[0m[INFO] [1779699660.269048394]: delta_orient: 1.764035, ??????????????????.[0m
[0m[INFO] [1779699660.361739070]: delta_orient: 1.754657, ??????????????????.[0m
[0m[INFO] [1779699660.455985205]: delta_orient: 1.745993, ??????????????????.[0m
[0m[INFO] [1779699660.550398881]: delta_orient: 1.728350, ??????????????????.[0m
[0m[INFO] [1779699660.661966059]: delta_orient: 1.720468, ??????????????????.[0m
[0m[INFO] [1779699660.788203196]: delta_orient: 1.708038, ??????????????????.[0m
[0m[INFO] [1779699660.852430536]: delta_orient: 1.708038, ??????????????????.[0m
[0m[INFO] [1779699660.959526755]: delta_orient: 1.692591, ??????????????????.[0m
[0m[INFO] [1779699661.061487599]: delta_orient: 1.671691, ??????????????????.[0m
[0m[INFO] [1779699661.159910692]: delta_orient: 1.659133, ??????????????????.[0m
[0m[INFO] [1779699661.259512410]: delta_orient: 1.634515, ??????????????????.[0m
[0m[INFO] [1779699661.368060880]: delta_orient: 1.604907, ??????????????????.[0m
[0m[INFO] [1779699661.455204555]: delta_orient: 1.595049, ??????????????????.[0m
[0m[INFO] [1779699661.566606816]: delta_orient: 1.585538, ??????????????????.[0m
[0m[INFO] [1779699661.697096079]: delta_orient: 1.583415, ??????????????????.[0m
[0m[INFO] [1779699661.759481461]: delta_orient: 1.573782, ??????????????????.[0m
[0m[INFO] [1779699661.854006845]: delta_orient: 1.560457, ??????????????????.[0m
[0m[INFO] [1779699661.955009272]: delta_orient: 1.552694, ??????????????????.[0m
[0m[INFO] [1779699662.059604157]: delta_orient: 1.544344, ??????????????????.[0m
[0m[INFO] [1779699662.157851792]: delta_orient: 1.544344, ??????????????????.[0m
[0m[INFO] [1779699662.253214927]: delta_orient: 1.519802, ??????????????????.[0m
[0m[INFO] [1779699662.352275312]: delta_orient: 1.506228, ??????????????????.[0m
[0m[INFO] [1779699662.452310280]: delta_orient: 1.491757, ??????????????????.[0m
[0m[INFO] [1779699662.560684291]: delta_orient: 1.482934, ??????????????????.[0m
[0m[INFO] [1779699662.652811675]: delta_orient: 1.474535, ??????????????????.[0m
[0m[INFO] [1779699662.752170519]: delta_orient: 1.458278, ??????????????????.[0m
[0m[INFO] [1779699662.855092737]: delta_orient: 1.450548, ??????????????????.[0m
[0m[INFO] [1779699662.957224998]: delta_orient: 1.428207, ??????????????????.[0m
[0m[INFO] [1779699663.057566799]: delta_orient: 1.428207, ??????????????????.[0m
[0m[INFO] [1779699663.154936226]: delta_orient: 1.411301, ??????????????????.[0m
[0m[INFO] [1779699663.249788277]: delta_orient: 1.402703, ??????????????????.[0m
[0m[INFO] [1779699663.363227372]: delta_orient: 1.386279, ??????????????????.[0m
[0m[INFO] [1779699663.453237922]: delta_orient: 1.365008, ??????????????????.[0m
[0m[INFO] [1779699663.563631559]: delta_orient: 1.365008, ??????????????????.[0m
[0m[INFO] [1779699663.659362068]: delta_orient: 1.357479, ??????????????????.[0m
[0m[INFO] [1779699663.754208786]: delta_orient: 1.341525, ??????????????????.[0m
[0m[INFO] [1779699663.854950713]: delta_orient: 1.332945, ??????????????????.[0m
[0m[INFO] [1779699663.955009598]: delta_orient: 1.315911, ??????????????????.[0m
[0m[INFO] [1779699664.052474691]: delta_orient: 1.300905, ??????????????????.[0m
[0m[INFO] [1779699664.169213661]: delta_orient: 1.286133, ??????????????????.[0m
[0m[INFO] [1779699664.254970461]: delta_orient: 1.286133, ??????????????????.[0m
[0m[INFO] [1779699664.356230430]: delta_orient: 1.286133, ??????????????????.[0m
[0m[INFO] [1779699664.451201773]: delta_orient: 1.270809, ??????????????????.[0m
[0m[INFO] [1779699664.553386033]: delta_orient: 1.253679, ??????????????????.[0m
[0m[INFO] [1779699664.653053501]: delta_orient: 1.237282, ??????????????????.[0m
[0m[INFO] [1779699664.752845511]: delta_orient: 1.220750, ??????????????????.[0m
[0m[INFO] [1779699664.856286855]: delta_orient: 1.213029, ??????????????????.[0m
[0m[INFO] [1779699664.956513115]: delta_orient: 1.198567, ??????????????????.[0m
[0m[INFO] [1779699665.051764625]: delta_orient: 1.183358, ??????????????????.[0m
[0m[INFO] [1779699665.150145343]: delta_orient: 1.175014, ??????????????????.[0m
[0m[INFO] [1779699665.253527020]: delta_orient: 1.161756, ??????????????????.[0m
[0m[INFO] [1779699665.366076240]: delta_orient: 1.154290, ??????????????????.[0m
[0m[INFO] [1779699665.458418791]: delta_orient: 1.146581, ??????????????????.[0m
[0m[INFO] [1779699665.556528425]: delta_orient: 1.123258, ??????????????????.[0m
[0m[INFO] [1779699665.655224935]: delta_orient: 1.115111, ??????????????????.[0m
[0m[INFO] [1779699665.753541112]: delta_orient: 1.107383, ??????????????????.[0m
[0m[INFO] [1779699665.854216580]: delta_orient: 1.107383, ??????????????????.[0m
[0m[INFO] [1779699665.969373009]: delta_orient: 1.098886, ??????????????????.[0m
[0m[INFO] [1779699666.057803726]: delta_orient: 1.073070, ??????????????????.[0m
[0m[INFO] [1779699666.206900241]: delta_orient: 1.059505, ??????????????????.[0m
[0m[INFO] [1779699666.268315039]: delta_orient: 1.047078, ??????????????????.[0m
[0m[INFO] [1779699666.394873593]: delta_orient: 1.047078, ??????????????????.[0m
[0m[INFO] [1779699666.522357023]: delta_orient: 1.030875, ??????????????????.[0m
[0m[INFO] [1779699666.631453783]: delta_orient: 1[33m[WARN] [1779699666.815326594]: TebLocalPlannerROS: trajectory is not feasible. Resetting planner...[0m
[INFO] [1779699554.604465]: Loaded task registry state: 8 map-bound tasks
[INFO] [1779699554.672434]: Loaded map overlay state: map_id=map_1778827104561 dir=/home/neardi/work/Grinder/temp/grinder_scheduler_state/map_states/map_1778827104561
[INFO] [1779699554.676934]: Loaded scheduler local state from /home/neardi/work/Grinder/temp/grinder_scheduler_state
[INFO] [1779699556.822770]: Starting mediamtx on rtsp://192.168.11.127:8554 using /home/neardi/work/Grinder/tools/mediamtx/mediamtx
[INFO] [1779699556.931892]: mediamtx rtsp listener is ready on 127.0.0.1:8554
[INFO] [1779699557.578247]: Starting ffmpeg RTSP publisher left -> rtsp://127.0.0.1:8554/left (encoder=libx264)
[INFO] [1779699557.721607]: Map switched, loaded task-map binding: map_id=map_1778827104561 task_id=<empty> selected_regions=work_region_1
[INFO] [1779699557.783509]: Starting ffmpeg RTSP publisher right -> rtsp://127.0.0.1:8554/right (encoder=libx264)
[INFO] [1779699557.807659]: Saved initial map preview to /home/neardi/work/Grinder/temp/aurora_map_preview_s1p0031_res0p05_oxm6p25_oym9p1_ow321_oh321_pw320_ph320_v47.jpg
[INFO] [1779699557.897809]: Live map cropped to free-space bbox: size=321x321 margin=0.50m
[INFO] [1779699563.476271]: Live map cropped to free-space bbox: size=321x321 margin=0.50m
[INFO] [1779699569.517425]: Live map cropped to free-space bbox: size=663x645 margin=0.50m
[INFO] [1779699575.691328]: Live map cropped to free-space bbox: size=663x645 margin=0.50m
[INFO] [1779699581.083314]: Live map cropped to free-space bbox: size=663x645 margin=0.50m
[INFO] [1779699587.140120]: Live map cropped to free-space bbox: size=663x645 margin=0.50m
[INFO] [1779699593.185261]: Live map cropped to free-space bbox: size=663x645 margin=0.50m
[INFO] [1779699599.196893]: Live map cropped to free-space bbox: size=663x645 margin=0.50m
[INFO] [1779699604.442432]: Live map cropped to free-space bbox: size=663x645 margin=0.50m
[INFO] [1779699610.021482]: Live map cropped to free-space bbox: size=663x645 margin=0.50m
[INFO] [1779699616.016702]: Live map cropped to free-space bbox: size=663x645 margin=0.50m
[INFO] [1779699621.155293]: Live map cropped to free-space bbox: size=663x645 margin=0.50m
[INFO] [1779699626.530327]: Live map cropped to free-space bbox: size=663x645 margin=0.50m
[INFO] [1779699631.987480]: Live map cropped to free-space bbox: size=663x645 margin=0.50m
[INFO] [1779699637.825916]: Live map cropped to free-space bbox: size=663x645 margin=0.50m
[INFO] [1779699643.143161]: Live map cropped to free-space bbox: size=663x645 margin=0.50m
[INFO] [1779699643.649610]: PathPlanRequest: request_id=req_1779699564 active_work_region_id=work_region_1 force_replan=true use_all_regions=false work_region_count=1 has_start=false has_end=false global_direction=y
[INFO] [1779699643.661436]: PathPlanRequest selection: map_id=map_1778827104561 task_id=task selected_regions=work_region_1 region_repeat_config={"work_region_1": 1}
[INFO] [1779699643.875105]: Planning input regions: work_total=1 work_selected=1 obstacle=0 active_work_region_id=work_region_1 force_use_all=false
[INFO] [1779699643.941031]: Planning started: task_id=task map_version=47 map_size=663x645 resolution=0.0500
[INFO] [1779699643.944568]: Plan request poses: current_pose=(1.776, -1.082, -11.3deg) request_start=(<empty>) request_end=(<empty>)
   [障碍物膨胀] 膨胀半径: 12像素, 原始: 240625, 膨胀后: 336638
[INFO] [1779699644.176593]: PlannerAdapter input start candidates: current_pose=(1.776,-1.082) request_start=<empty> direction=y
[INFO] [1779699644.201699]: Region planning start from robot pose: region_idx=1 region_id=work_region_1 robot=(1.776,-1.082) start_grid=(300,361)
[INFO] [1779699644.208565]: Region planning effective start: region_idx=1 region_id=work_region_1 source=current_pose start_grid=(300,361) start_world=(1.800,-1.100)
[INFO] [1779699644.414854]: Single-region planning merged: region_idx=1 region_id=work_region_1 points=62 cumulative=62
[INFO] [1779699644.419230]: Prepended start pose point: x=1.776 y=-1.082 heading=-11.3deg path_points=63
[INFO] [1779699644.421666]: Precomputed goal points: count=2
[INFO] [1779699644.423696]: Published planned path to navigation: points=63
[INFO] [1779699644.615121]: Path preview paint override: obstacle_regions=0 erase_regions=1
[INFO] [1779699644.622901]: Saved planned path preview latest files: /home/neardi/work/Grinder/temp/aurora_path_preview_latest.jpg, /home/neardi/work/Grinder/temp/aurora_path_preview_tasktask_latest.jpg
[INFO] [1779699644.630059]: Saved planned path debug json to /home/neardi/work/Grinder/temp/path_debug/planned_path_tasktask_mapv47_pathv1_1779699644.json
[INFO] [1779699644.658243]: Planning success: path_version=1 points=63 length_m=3.080
[INFO] [1779699644.905281]: Saved planned path preview latest files: /home/neardi/work/Grinder/temp/aurora_path_preview_latest.jpg, /home/neardi/work/Grinder/temp/aurora_path_preview_tasktask_latest.jpg
[INFO] [1779699648.887909]: Live map cropped to free-space bbox: size=663x645 margin=0.50m
[INFO] [1779699654.423942]: Live map cropped to free-space bbox: size=663x645 margin=0.50m
[INFO] [1779699659.289402]: Skip chassis enable control by scheduler (requested enabled=True).
[INFO] [1779699659.336347]: task_enable runtime enabled reason=task_start_nav_cmd_vel_forward
[INFO] [1779699659.342026]: Published planned path to navigation: points=63
[INFO] [1779699659.347058]: Execution cursor update: idx=61 x=1.800 y=1.900 force=True
[INFO] [1779699659.352272]: Task execution started: regions=work_region_1 active=work_region_1 mode=move_base_goal
[INFO] [1779699659.679602]: Live map cropped to free-space bbox: size=663x645 margin=0.50m
[INFO] [1779699661.870636]: Execution cursor update: idx=61 x=1.800 y=1.900 force=False
[INFO] [1779699664.360484]: Execution cursor update: idx=61 x=1.800 y=1.900 force=False
[INFO] [1779699665.557067]: Live map cropped to free-space bbox: size=663x645 margin=0.50m
[INFO] [1779699666.733046]: Execution cursor update: idx=61 x=1.800 y=1.900 force=False
[INFO] [1779699668.790160]: Execution cursor update: idx=61 x=1.800 y=1.900 force=False
[INFO] [1779699670.820423]: Live map cropped to free-space bbox: size=663x645 margin=0.50m
[INFO] [1779699670.989529]: Execution cursor update: idx=61 x=1.800 y=1.900 force=False
[INFO] [1779699673.390100]: Execution cursor update: idx=61 x=1.800 y=1.900 force=False
[INFO] [1779699675.784544]: Execution cursor update: idx=61 x=1.800 y=1.900 force=False
[INFO] [1779699676.765600]: Live map cropped to free-space bbox: size=663x645 margin=0.50m
[INFO] [1779699677.979213]: Execution cursor update: idx=61 x=1.800 y=1.900 force=False
[INFO] [1779699680.184387]: Execution cursor update: idx=61 x=1.800 y=1.900 force=False
[INFO] [1779699682.509308]: Live map cropped to free-space bbox: size=663x645 margin=0.50m
[INFO] [1779699682.523338]: Execution cursor update: idx=61 x=1.800 y=1.900 force=False
[INFO] [1779699685.055878]: Execution cursor update: idx=61 x=1.800 y=1.900 force=False
[INFO] [1779699687.240336]: Execution cursor update: idx=61 x=1.800 y=1.900 force=False
[INFO] [1779699688.447745]: Live map cropped to free-space bbox: size=663x645 margin=0.50m
[INFO] [1779699689.463570]: Execution cursor update: idx=61 x=1.800 y=1.900 force=False
[INFO] [1779699691.793592]: Execution cursor update: idx=61 x=1.800 y=1.900 force=False
[INFO] [1779699693.830587]: Live map cropped to free-space bbox: size=663x645 margin=0.50m
[INFO] [1779699693.837073]: Execution cursor update: idx=61 x=1.800 y=1.900 force=False
[INFO] [1779699696.096183]: Execution cursor update: idx=61 x=1.800 y=1.900 force=False
[INFO] [1779699698.463705]: Execution cursor update: idx=61 x=1.800 y=1.900 force=False
[INFO] [1779699699.714474]: Live map cropped to free-space bbox: size=663x645 margin=0.50m
[INFO] [1779699700.946739]: Execution cursor update: idx=61 x=1.800 y=1.900 force=False
[INFO] [1779699703.016594]: Execution cursor update: idx=61 x=1.800 y=1.900 force=False
[INFO] [1779699705.257309]: Live map cropped to free-space bbox: size=663x645 margin=0.50m
[INFO] [1779699705.265147]: Execution cursor update: idx=61 x=1.800 y=1.900 force=False
[33m[WARN] [1779699719.447341382]: makePlan is called.
[0m
[33m[WARN] [1779699721.057325127]: Control loop missed its desired rate of 10.0000Hz... the loop actually took 0.1100 seconds[0m
