... logging to /home/neardi/.ros/log/378b69c0-5a48-11f1-b62a-c285ead2937b/roslaunch-LPA3588-21256.log
Checking log directory for disk usage. This may take a while.
Press Ctrl-C to interrupt
Done checking log file disk usage. Usage is <1GB.
]2;/home/neardi/work/Grinder/catkin_ws/src/grinder_scheduler/launch/grinder_system.launch
[1mstarted roslaunch server http://LPA3588:36011/[0m

SUMMARY
========

PARAMETERS
 * /chassis_driver/baudrate: 19200
 * /chassis_driver/cmd_source_hold_sec: 0.2
 * /chassis_driver/cmd_vel_deadband_angular: 0.0
 * /chassis_driver/cmd_vel_deadband_linear: 0.0
 * /chassis_driver/cmd_vel_drive_left_sign: 1
 * /chassis_driver/cmd_vel_drive_right_sign: 1
 * /chassis_driver/cmd_vel_drive_swap_lr: False
 * /chassis_driver/cmd_vel_enabled: True
 * /chassis_driver/cmd_vel_filter_angular_accel: 0.2
 * /chassis_driver/cmd_vel_filter_angular_deadband: 0.005
 * /chassis_driver/cmd_vel_filter_enabled: True
 * /chassis_driver/cmd_vel_filter_linear_accel: 0.2
 * /chassis_driver/cmd_vel_filter_sign_confirm_count: 2
 * /chassis_driver/cmd_vel_gear_ratio: 60.0
 * /chassis_driver/cmd_vel_max_abs_wheel_rpm: 3000.0
 * /chassis_driver/cmd_vel_max_angular: 0.1
 * /chassis_driver/cmd_vel_max_input_v: 0.1
 * /chassis_driver/cmd_vel_max_input_w: 0.1
 * /chassis_driver/cmd_vel_max_linear: 0.1
 * /chassis_driver/cmd_vel_scale: 1.0
 * /chassis_driver/cmd_vel_topic: /cmd_vel
 * /chassis_driver/cmd_vel_wheel_radius_m: 0.15
 * /chassis_driver/cmd_vel_wheel_track_m: 0.79
 * /chassis_driver/command_timeout: 5
 * /chassis_driver/disc_speed_max: 32767
 * /chassis_driver/disc_speed_min: -32768
 * /chassis_driver/drive_left_sign: -1
 * /chassis_driver/drive_right_sign: -1
 * /chassis_driver/drive_swap_lr: False
 * /chassis_driver/enable_cmd_ramp_limit: False
 * /chassis_driver/enable_safe_stop_on_comm_error: False
 * /chassis_driver/left_speed_max: 32767
 * /chassis_driver/left_speed_min: -32768
 * /chassis_driver/manual_drive_max_wheel_speed: 600
 * /chassis_driver/manual_wheel_deadband_rpm: 30
 * /chassis_driver/manual_wheel_hyst_enter_rpm: 60
 * /chassis_driver/manual_wheel_hyst_exit_rpm: 30
 * /chassis_driver/max_cmd_step_rpm: 50
 * /chassis_driver/max_echo_deviation: 2000
 * /chassis_driver/max_echo_failures: 20
 * /chassis_driver/max_retries: 3
 * /chassis_driver/poll_rate_hz: 20.0
 * /chassis_driver/port: /dev/ttyS0
 * /chassis_driver/right_speed_max: 32767
 * /chassis_driver/right_speed_min: -32768
 * /chassis_driver/rs485_raw_log_enabled: False
 * /chassis_driver/rs485_raw_log_file: temp/chassis_rs48...
 * /chassis_driver/safe_stop_on_error_interval: 2.0
 * /chassis_driver/slave_id: 1
 * /chassis_driver/startup_zero_output: True
 * /chassis_driver/stop_on_timeout: True
 * /chassis_driver/task_enable_default: False
 * /chassis_driver/timeout: 0.1
 * /chassis_driver/write_verify: False
 * /grinder_scheduler/aurora_ip_address: 192.168.11.1
 * /grinder_scheduler/aurora_no_preview_image: False
 * /grinder_scheduler/aurora_raw_image_on: True
 * /grinder_scheduler/change_map_service: /change_map
 * /grinder_scheduler/default_path_spacing: 0.425
 * /grinder_scheduler/depth_image_colorized_topic: /slamware_ros_sdk...
 * /grinder_scheduler/draw_region_id_on_preview: True
 * /grinder_scheduler/draw_region_label_on_preview: False
 * /grinder_scheduler/first_frame_save_dir: temp
 * /grinder_scheduler/global_plan_publish_hz: 2
 * /grinder_scheduler/inflation_radius: 0.06
 * /grinder_scheduler/initial_map_preview_dir: temp
 * /grinder_scheduler/initial_map_preview_format: jpg
 * /grinder_scheduler/initial_map_preview_max_edge: 640
 * /grinder_scheduler/left_image_topic: /slamware_ros_sdk...
 * /grinder_scheduler/live_map_cache_clear_mode: all
 * /grinder_scheduler/live_map_dir: temp/live_map
 * /grinder_scheduler/live_map_enabled: True
 * /grinder_scheduler/live_map_hz: 1.0
 * /grinder_scheduler/live_map_image_name: map1.pgm
 * /grinder_scheduler/live_map_yaml_name: map.yaml
 * /grinder_scheduler/live_preview_enabled: True
 * /grinder_scheduler/live_preview_file: temp/aurora_map_p...
 * /grinder_scheduler/live_preview_format: jpg
 * /grinder_scheduler/live_preview_hz: 1.0
 * /grinder_scheduler/live_preview_max_edge: 640
 * /grinder_scheduler/local_rtsp_enabled: True
 * /grinder_scheduler/local_rtsp_encoder: libx264
 * /grinder_scheduler/local_rtsp_fps: 15
 * /grinder_scheduler/local_rtsp_host: 0.0.0.0
 * /grinder_scheduler/local_rtsp_log_dir: temp
 * /grinder_scheduler/local_rtsp_mediamtx_path: /home/neardi/work...
 * /grinder_scheduler/local_rtsp_port: 8554
 * /grinder_scheduler/local_rtsp_public_host: auto
 * /grinder_scheduler/local_rtsp_start_server: True
 * /grinder_scheduler/local_rtsp_width: 640
 * /grinder_scheduler/manual_reverse_guard_sec: 1.0
 * /grinder_scheduler/map_topic: /map
 * /grinder_scheduler/navigation_map_yaml_path: /home/neardi/work...
 * /grinder_scheduler/odom_topic: /slamware_ros_sdk...
 * /grinder_scheduler/overlap_ratio: 0
 * /grinder_scheduler/path_goal_reach_dist: 0.03
 * /grinder_scheduler/path_plan_request_use_all_regions: True
 * /grinder_scheduler/path_segment_timeout: 60.0
 * /grinder_scheduler/persist_state_dir: temp/grinder_sche...
 * /grinder_scheduler/persist_state_enabled: True
 * /grinder_scheduler/planned_path_preview_arrow_len_px: 12
 * /grinder_scheduler/planned_path_preview_arrow_step: 10
 * /grinder_scheduler/planned_path_preview_dir: temp
 * /grinder_scheduler/planned_path_preview_format: jpg
 * /grinder_scheduler/planned_path_preview_include_overlay: True
 * /grinder_scheduler/planned_path_preview_max_edge: 640
 * /grinder_scheduler/planned_path_preview_show_direction: True
 * /grinder_scheduler/planner_script_path: third_party/path_...
 * /grinder_scheduler/preview_max_edge_cap: 640
 * /grinder_scheduler/right_image_topic: /slamware_ros_sdk...
 * /grinder_scheduler/save_first_frame_on_startup: False
 * /grinder_scheduler/scheduler_tick_hz: 5
 * /grinder_scheduler/set_map_localization_topic: /slamware_ros_sdk...
 * /grinder_scheduler/set_map_update_topic: /slamware_ros_sdk...
 * /grinder_scheduler/sl_linka_host: 0.0.0.0
 * /grinder_scheduler/sl_linka_port: 8002
 * /grinder_scheduler/sl_linka_python_sdk_dir: third_party/sl_li...
 * /grinder_scheduler/start_aurora_driver: False
 * /grinder_scheduler/stcm_local_dir: maps/raw
 * /grinder_scheduler/stream_enabled: True
 * /grinder_scheduler/stream_fps: 8
 * /grinder_scheduler/stream_push_hz: 20
 * /grinder_scheduler/stream_url: rtmp://127.0.0.1:...
 * /grinder_scheduler/stream_width: 1280
 * /grinder_scheduler/sync_get_stcm_service: /slamware_ros_sdk...
 * /grinder_scheduler/sync_set_stcm_service: /slamware_ros_sdk...
 * /grinder_scheduler/turn_radius: 0.1
 * /grinder_scheduler/use_depth_colorized_image: False
 * /grinder_scheduler/vehicle_length: 1.531
 * /grinder_scheduler/vehicle_width: 0.8
 * /move_base/TebLocalPlannerROS/acc_lim_theta: 0.05
 * /move_base/TebLocalPlannerROS/acc_lim_x: 0.1
 * /move_base/TebLocalPlannerROS/allow_init_with_backwards_motion: False
 * /move_base/TebLocalPlannerROS/complete_global_plan: True
 * /move_base/TebLocalPlannerROS/costmap_converter/CostmapToLinesDBSRANSAC/cluster_max_distance: 0.2
 * /move_base/TebLocalPlannerROS/costmap_converter/CostmapToLinesDBSRANSAC/cluster_min_pts: 2
 * /move_base/TebLocalPlannerROS/costmap_converter/CostmapToLinesDBSRANSAC/convex_hull_min_pt_separation: 0.1
 * /move_base/TebLocalPlannerROS/costmap_converter/CostmapToLinesDBSRANSAC/ransac_convert_outlier_pts: True
 * /move_base/TebLocalPlannerROS/costmap_converter/CostmapToLinesDBSRANSAC/ransac_filter_remaining_outlier_pts: False
 * /move_base/TebLocalPlannerROS/costmap_converter/CostmapToLinesDBSRANSAC/ransac_inlier_distance: 0.15
 * /move_base/TebLocalPlannerROS/costmap_converter/CostmapToLinesDBSRANSAC/ransac_min_inliers: 10
 * /move_base/TebLocalPlannerROS/costmap_converter/CostmapToLinesDBSRANSAC/ransac_no_iterations: 1500
 * /move_base/TebLocalPlannerROS/costmap_converter/CostmapToLinesDBSRANSAC/ransac_remainig_outliers: 3
 * /move_base/TebLocalPlannerROS/costmap_converter_plugin: 
 * /move_base/TebLocalPlannerROS/costmap_converter_rate: 5
 * /move_base/TebLocalPlannerROS/costmap_converter_spin_thread: True
 * /move_base/TebLocalPlannerROS/costmap_obstacles_behind_robot_dist: 0.3
 * /move_base/TebLocalPlannerROS/delete_detours_backwards: True
 * /move_base/TebLocalPlannerROS/dt_hysteresis: 0.1
 * /move_base/TebLocalPlannerROS/dt_ref: 0.4
 * /move_base/TebLocalPlannerROS/dynamic_obstacle_inflation_dist: 0.3
 * /move_base/TebLocalPlannerROS/enable_homotopy_class_planning: False
 * /move_base/TebLocalPlannerROS/enable_multithreading: True
 * /move_base/TebLocalPlannerROS/exact_arc_length: False
 * /move_base/TebLocalPlannerROS/feasibility_check_no_poses: 5
 * /move_base/TebLocalPlannerROS/footprint_model/type: polygon
 * /move_base/TebLocalPlannerROS/footprint_model/vertices: [[-0.15, 0.5], [1...
 * /move_base/TebLocalPlannerROS/free_goal_vel: False
 * /move_base/TebLocalPlannerROS/global_plan_overwrite_orientation: False
 * /move_base/TebLocalPlannerROS/global_plan_prune_distance: 1
 * /move_base/TebLocalPlannerROS/global_plan_viapoint_sep: 0.2
 * /move_base/TebLocalPlannerROS/h_signature_prescaler: 0.5
 * /move_base/TebLocalPlannerROS/h_signature_threshold: 0.1
 * /move_base/TebLocalPlannerROS/include_costmap_obstacles: True
 * /move_base/TebLocalPlannerROS/include_dynamic_obstacles: False
 * /move_base/TebLocalPlannerROS/inflation_dist: 0.35
 * /move_base/TebLocalPlannerROS/max_global_plan_lookahead_dist: 1.0
 * /move_base/TebLocalPlannerROS/max_number_classes: 4
 * /move_base/TebLocalPlannerROS/max_ratio_detours_duration_best_duration: 3.0
 * /move_base/TebLocalPlannerROS/max_samples: 200
 * /move_base/TebLocalPlannerROS/max_vel_theta: 0.1
 * /move_base/TebLocalPlannerROS/max_vel_x: 0.1
 * /move_base/TebLocalPlannerROS/max_vel_x_backwards: 0.05
 * /move_base/TebLocalPlannerROS/max_vel_y: 0.0
 * /move_base/TebLocalPlannerROS/min_obstacle_dist: 0.25
 * /move_base/TebLocalPlannerROS/min_turning_radius: 0.0
 * /move_base/TebLocalPlannerROS/no_inner_iterations: 5
 * /move_base/TebLocalPlannerROS/no_outer_iterations: 4
 * /move_base/TebLocalPlannerROS/obstacle_cost_exponent: 4
 * /move_base/TebLocalPlannerROS/obstacle_heading_threshold: 0.45
 * /move_base/TebLocalPlannerROS/obstacle_poses_affected: 15
 * /move_base/TebLocalPlannerROS/odom_topic: odom
 * /move_base/TebLocalPlannerROS/optimization_activate: True
 * /move_base/TebLocalPlannerROS/optimization_verbose: False
 * /move_base/TebLocalPlannerROS/oscillation_filter_duration: 10
 * /move_base/TebLocalPlannerROS/oscillation_omega_eps: 0.03
 * /move_base/TebLocalPlannerROS/oscillation_recovery: True
 * /move_base/TebLocalPlannerROS/oscillation_recovery_min_duration: 10
 * /move_base/TebLocalPlannerROS/oscillation_v_eps: 0.03
 * /move_base/TebLocalPlannerROS/penalty_epsilon: 0.03
 * /move_base/TebLocalPlannerROS/publish_feedback: False
 * /move_base/TebLocalPlannerROS/roadmap_graph_area_length_scale: 1.0
 * /move_base/TebLocalPlannerROS/roadmap_graph_area_width: 5
 * /move_base/TebLocalPlannerROS/roadmap_graph_no_samples: 15
 * /move_base/TebLocalPlannerROS/selection_alternative_time_cost: False
 * /move_base/TebLocalPlannerROS/selection_cost_hysteresis: 1.0
 * /move_base/TebLocalPlannerROS/selection_obst_cost_scale: 100.0
 * /move_base/TebLocalPlannerROS/selection_prefer_initial_plan: 0.9
 * /move_base/TebLocalPlannerROS/shrink_horizon_backup: True
 * /move_base/TebLocalPlannerROS/shrink_horizon_min_duration: 10
 * /move_base/TebLocalPlannerROS/switching_blocking_period: 0.0
 * /move_base/TebLocalPlannerROS/teb_autosize: True
 * /move_base/TebLocalPlannerROS/viapoints_all_candidates: True
 * /move_base/TebLocalPlannerROS/visualize_hc_graph: False
 * /move_base/TebLocalPlannerROS/visualize_with_time_as_z_axis_scale: False
 * /move_base/TebLocalPlannerROS/weight_acc_lim_theta: 1.0
 * /move_base/TebLocalPlannerROS/weight_acc_lim_x: 1.0
 * /move_base/TebLocalPlannerROS/weight_adapt_factor: 2
 * /move_base/TebLocalPlannerROS/weight_dynamic_obstacle: 10
 * /move_base/TebLocalPlannerROS/weight_dynamic_obstacle_inflation: 0.2
 * /move_base/TebLocalPlannerROS/weight_inflation: 0.2
 * /move_base/TebLocalPlannerROS/weight_kinematics_forward_drive: 800
 * /move_base/TebLocalPlannerROS/weight_kinematics_nh: 1000
 * /move_base/TebLocalPlannerROS/weight_kinematics_turning_radius: 1
 * /move_base/TebLocalPlannerROS/weight_max_vel_theta: 1
 * /move_base/TebLocalPlannerROS/weight_max_vel_x: 2
 * /move_base/TebLocalPlannerROS/weight_obstacle: 100
 * /move_base/TebLocalPlannerROS/weight_optimaltime: 1
 * /move_base/TebLocalPlannerROS/weight_shortest_path: 1
 * /move_base/TebLocalPlannerROS/weight_viapoint: 20
 * /move_base/TebLocalPlannerROS/xy_goal_tolerance: 0.12
 * /move_base/TebLocalPlannerROS/yaw_goal_tolerance: 0.05
 * /move_base/base_global_planner: carrot_planner/Ca...
 * /move_base/base_local_planner: teb_local_planner...
 * /move_base/controller_frequency: 10.0
 * /move_base/controller_patience: 10.0
 * /move_base/global_costmap/always_send_full_costmap: True
 * /move_base/global_costmap/footprint: [[-0.15, 0.5], [1...
 * /move_base/global_costmap/footprint_padding: 0.0
 * /move_base/global_costmap/global_frame: map
 * /move_base/global_costmap/inflation_layer/cost_scaling_factor: 10.0
 * /move_base/global_costmap/inflation_layer/enabled: True
 * /move_base/global_costmap/inflation_layer/inflation_radius: 0.1
 * /move_base/global_costmap/map_type: costmap
 * /move_base/global_costmap/obstacle_layer/combination_method: 1
 * /move_base/global_costmap/obstacle_layer/enabled: True
 * /move_base/global_costmap/obstacle_layer/inflation_radius: 0.2
 * /move_base/global_costmap/obstacle_layer/laser_scan_sensor/clearing: True
 * /move_base/global_costmap/obstacle_layer/laser_scan_sensor/data_type: LaserScan
 * /move_base/global_costmap/obstacle_layer/laser_scan_sensor/marking: True
 * /move_base/global_costmap/obstacle_layer/laser_scan_sensor/topic: scan
 * /move_base/global_costmap/obstacle_layer/observation_sources: laser_scan_sensor
 * /move_base/global_costmap/obstacle_layer/obstacle_range: 3.0
 * /move_base/global_costmap/obstacle_layer/raytrace_range: 4.0
 * /move_base/global_costmap/obstacle_layer/track_unknown_space: True
 * /move_base/global_costmap/plugins: [{'name': 'static...
 * /move_base/global_costmap/publish_frequency: 2.0
 * /move_base/global_costmap/robot_base_frame: base_link
 * /move_base/global_costmap/robot_radius: 0.0
 * /move_base/global_costmap/static_layer/enabled: True
 * /move_base/global_costmap/static_layer/map_topic: map
 * /move_base/global_costmap/static_map: True
 * /move_base/global_costmap/transform_tolerance: 0.5
 * /move_base/global_costmap/update_frequency: 2.0
 * /move_base/local_costmap/always_send_full_costmap: True
 * /move_base/local_costmap/footprint: [[-0.15, 0.5], [1...
 * /move_base/local_costmap/footprint_padding: 0.0
 * /move_base/local_costmap/global_frame: map
 * /move_base/local_costmap/height: 5
 * /move_base/local_costmap/inflation_layer/cost_scaling_factor: 10.0
 * /move_base/local_costmap/inflation_layer/enabled: True
 * /move_base/local_costmap/inflation_layer/inflation_radius: 0.1
 * /move_base/local_costmap/map_type: costmap
 * /move_base/local_costmap/obstacle_layer/combination_method: 1
 * /move_base/local_costmap/obstacle_layer/enabled: True
 * /move_base/local_costmap/obstacle_layer/inflation_radius: 0.2
 * /move_base/local_costmap/obstacle_layer/laser_scan_sensor/clearing: True
 * /move_base/local_costmap/obstacle_layer/laser_scan_sensor/data_type: LaserScan
 * /move_base/local_costmap/obstacle_layer/laser_scan_sensor/marking: True
 * /move_base/local_costmap/obstacle_layer/laser_scan_sensor/topic: scan
 * /move_base/local_costmap/obstacle_layer/observation_sources: laser_scan_sensor
 * /move_base/local_costmap/obstacle_layer/obstacle_range: 3.0
 * /move_base/local_costmap/obstacle_layer/raytrace_range: 4.0
 * /move_base/local_costmap/obstacle_layer/track_unknown_space: True
 * /move_base/local_costmap/plugins: [{'name': 'static...
 * /move_base/local_costmap/publish_frequency: 5.0
 * /move_base/local_costmap/resolution: 0.1
 * /move_base/local_costmap/robot_base_frame: base_link
 * /move_base/local_costmap/robot_radius: 0.0
 * /move_base/local_costmap/rolling_window: True
 * /move_base/local_costmap/static_layer/enabled: True
 * /move_base/local_costmap/static_layer/map_topic: map
 * /move_base/local_costmap/static_map: False
 * /move_base/local_costmap/transform_tolerance: 0.5
 * /move_base/local_costmap/update_frequency: 5.0
 * /move_base/local_costmap/width: 5
 * /rosdistro: noetic
 * /rosversion: 1.17.4
 * /slamware_ros_sdk_server_node/angle_compensate: True
 * /slamware_ros_sdk_server_node/camera_left: base_camera_left
 * /slamware_ros_sdk_server_node/camera_right: base_camera_right
 * /slamware_ros_sdk_server_node/imu_frame: base_imu_link
 * /slamware_ros_sdk_server_node/imu_raw_data_period: 0.005
 * /slamware_ros_sdk_server_node/ip_address: 192.168.11.1
 * /slamware_ros_sdk_server_node/ladar_data_clockwise: True
 * /slamware_ros_sdk_server_node/laser_frame: base_laser_link
 * /slamware_ros_sdk_server_node/map_frame: map
 * /slamware_ros_sdk_server_node/map_pub_period: 0.2
 * /slamware_ros_sdk_server_node/no_preview_image: False
 * /slamware_ros_sdk_server_node/odom_frame: odom
 * /slamware_ros_sdk_server_node/raw_image_on: False
 * /slamware_ros_sdk_server_node/robot_frame: base_link
 * /slamware_ros_sdk_server_node/robot_pose_pub_period: 0.05
 * /slamware_ros_sdk_server_node/robot_pose_topic: robot_pose
 * /slamware_ros_sdk_server_node/scan_pub_period: 0.1
 * /use_sim_time: False

NODES
  /
    baselink2map (tf2_ros/static_transform_publisher)
    chassis_driver (grinder_chassis_driver/chassis_driver_node.py)
    grinder_scheduler (grinder_scheduler/scheduler_node.py)
    move_base (move_base/move_base)
    odom2map (tf2_ros/static_transform_publisher)
    rviz (rviz/rviz)
    slamware_ros_sdk_server_node (slamware_ros_sdk/slamware_ros_sdk_server_node)
[0m[INFO] [1779940167.482815484]: Trying to connect to Aurora, tryCnt: 1.[0m
[0m[INFO] [1779940167.502927069]: Selected device: tcp/192.168.11.1:7447[0m
[0m[INFO] [1779940167.503060361]: Connecting to the selected device...[0m
[0m[INFO] [1779940167.614552288]: Connected to the selected device[0m
[0m[INFO] [1779940167.652542751]: Connected to Aurora, OK, tryCnt: 1.[0m
[0m[INFO] [1779940167.653125501]: Odometry:0.1000[0m
[0m[INFO] [1779940167.662759252]: RobotPose:0.0500[0m
[0m[INFO] [1779940167.667914752]: ExploreMapUpdate:0.2000[0m
[0m[INFO] [1779940167.668016544]: ExploreMapPublish:0.2000[0m
[0m[INFO] [1779940167.671482419]: LaserScan:0.1000[0m
[0m[INFO] [1779940167.673570461]: ServerImuRawDataWorker:0.0050[0m
[0m[INFO] [1779940167.675494295]: RosConnectWorker:0.1000[0m
[0m[INFO] [1779940167.677305836]: SystemStatus:0.0500[0m
[0m[INFO] [1779940167.680568420]: StereoImage:0.0500[0m
[0m[INFO] [1779940167.684916295]: PointCloud:0.1000[0m
[0m[INFO] [1779940167.712362715]: SlamwareRosSdkServer, work thread begin.[0m
[0m[INFO] [1779940167.712444382]: reset all 12 workers on work loop begin.[0m
[0m[INFO] [1779940167.712663423]: Depth camera supported, subscription enabled, post-filtering on[0m
[0m[INFO] [1779940167.712795548]: Semantic segmentation supported and subscription enabled[0m
[0m[INFO] [1779940167.712914257]: Semantic segmentation label set: coco80[0m
[0m[INFO] [1779940167.713004382]: Label ID: 0, Name: (null)[0m
[0m[INFO] [1779940167.713053090]: Label ID: 1, Name: person[0m
[0m[INFO] [1779940167.713094798]: Label ID: 2, Name: bicycle[0m
[0m[INFO] [1779940167.713142340]: Label ID: 3, Name: car[0m
[0m[INFO] [1779940167.713187548]: Label ID: 4, Name: motorcycle[0m
[0m[INFO] [1779940167.713238882]: Label ID: 5, Name: airplane[0m
[0m[INFO] [1779940167.713287298]: Label ID: 6, Name: bus[0m
[0m[INFO] [1779940167.713322007]: Label ID: 7, Name: train[0m
[0m[INFO] [1779940167.713367798]: Label ID: 8, Name: truck[0m
[0m[INFO] [1779940167.713412423]: Label ID: 9, Name: boat[0m
[0m[INFO] [1779940167.713455882]: Label ID: 10, Name: traffic light[0m
[0m[INFO] [1779940167.713498465]: Label ID: 11, Name: fire hydrant[0m
[0m[INFO] [1779940167.713544840]: Label ID: 12, Name: stop sign[0m
[0m[INFO] [1779940167.713881715]: Label ID: 13, Name: parking meter[0m
[0m[INFO] [1779940167.713927215]: Label ID: 14, Name: bench[0m
[0m[INFO] [1779940167.713971257]: Label ID: 15, Name: bird[0m
[0m[INFO] [1779940167.714173090]: Label ID: 16, Name: cat[0m
[0m[INFO] [1779940167.714262340]: Label ID: 17, Name: dog[0m
[0m[INFO] [1779940167.714308132]: Label ID: 18, Name: horse[0m
[0m[INFO] [1779940167.714343132]: Label ID: 19, Name: sheep[0m
[0m[INFO] [1779940167.714387757]: Label ID: 20, Name: cow[0m
[0m[INFO] [1779940167.714430632]: Label ID: 21, Name: elephant[0m
[0m[INFO] [1779940167.714474382]: Label ID: 22, Name: bear[0m
[0m[INFO] [1779940167.714518132]: Label ID: 23, Name: zebra[0m
[0m[INFO] [1779940167.714636548]: Label ID: 24, Name: giraffe[0m
[0m[INFO] [1779940167.714693423]: Label ID: 25, Name: backpack[0m
[0m[INFO] [1779940167.714957674]: Label ID: 26, Name: umbrella[0m
[0m[INFO] [1779940167.715002882]: Label ID: 27, Name: handbag[0m
[0m[INFO] [1779940167.715047507]: Label ID: 28, Name: tie[0m
[0m[INFO] [1779940167.715090674]: Label ID: 29, Name: suitcase[0m
[0m[INFO] [1779940167.715134424]: Label ID: 30, Name: frisbee[0m
[0m[INFO] [1779940167.715167382]: Label ID: 31, Name: skis[0m
[0m[INFO] [1779940167.715200049]: Label ID: 32, Name: snowboard[0m
[0m[INFO] [1779940167.715243799]: Label ID: 33, Name: sports ball[0m
[0m[INFO] [1779940167.715287257]: Label ID: 34, Name: kite[0m
[0m[INFO] [1779940167.715383215]: Label ID: 35, Name: baseball bat[0m
[0m[INFO] [1779940167.715433965]: Label ID: 36, Name: baseball glove[0m
[0m[INFO] [1779940167.715479757]: Label ID: 37, Name: skateboard[0m
[0m[INFO] [1779940167.715600507]: Label ID: 38, Name: surfboard[0m
[0m[INFO] [1779940167.715655340]: Label ID: 39, Name: tennis racket[0m
[0m[[33m[WARN] [1779940168.035970122]: global_costmap: Pre-Hydro parameter "static_map" unused since "plugins" is provided[0m
[33m[WARN] [1779940168.040376040]: global_costmap: Pre-Hydro parameter "map_type" unused since "plugins" is provided[0m
[33m[WARN] [1779940168.567996259]: local_costmap: Pre-Hydro parameter "static_map" unused since "plugins" is provided[0m
[33m[WARN] [1779940168.568867176]: local_costmap: Pre-Hydro parameter "map_type" unused since "plugins" is provided[0m
[WARN] [1779940171.078030]: RTSP encoder probe failed, skip encoder=h264_v4l2m2m for stream left
[WARN] [1779940171.220918]: RTSP encoder probe failed, skip encoder=h264_vaapi for stream left
[WARN] [1779940171.385005]: RTSP encoder probe failed, skip encoder=h264_omx for stream left
[WARN] [1779940171.967339]: RTSP encoder probe failed, skip encoder=h264_v4l2m2m for stream right
[WARN] [1779940172.084605]: RTSP encoder probe failed, skip encoder=h264_vaapi for stream right
[WARN] [1779940172.225826]: RTSP encoder probe failed, skip encoder=h264_omx for stream right
[WARN] [1779940173.318304]: Failed to export live map files: Failed to write map image: /home/neardi/work/Grinder/temp/live_map/map1.pgm
[WARN] [1779940175.635694]: Failed to export live map files: Failed to write map image: /home/neardi/work/Grinder/temp/live_map/map1.pgm
[WARN] [1779940177.827023]: Failed to export live map files: Failed to write map image: /home/neardi/work/Grinder/temp/live_map/map1.pgm
[WARN] [1779940179.842515]: Failed to export live map files: Failed to write map image: /home/neardi/work/Grinder/temp/live_map/map1.pgm
[WARN] [1779940182.040416]: Failed to export live map files: Failed to write map image: /home/neardi/work/Grinder/temp/live_map/map1.pgm
[WARN] [1779940184.091645]: Failed to export live map files: Failed to write map image: /home/neardi/work/Grinder/temp/live_map/map1.pgm
[WARN] [1779940186.440723]: Failed to export live map files: Failed to write map image: /home/neardi/work/Grinder/temp/live_map/map1.pgm
[WARN] [1779940188.831694]: Failed to export live map files: Failed to write map image: /home/neardi/work/Grinder/temp/live_map/map1.pgm
[WARN] [1779940191.056683]: Failed to export live map files: Failed to write map image: /home/neardi/work/Grinder/temp/live_map/map1.pgm
[WARN] [1779940193.477956]: Failed to export live map files: Failed to write map image: /home/neardi/work/Grinder/temp/live_map/map1.pgm
[WARN] [1779940195.698251]: Failed to export live map files: Failed to write map image: /home/neardi/work/Grinder/temp/live_map/map1.pgm
[WARN] [1779940197.917711]: Failed to export live map files: Failed to write map image: /home/neardi/work/Grinder/temp/live_map/map1.pgm
[WARN] [1779940200.222241]: Failed to export live map files: Failed to write map image: /home/neardi/work/Grinder/temp/live_map/map1.pgm
[WARN] [1779940202.231525]: Failed to export live map files: Failed to write map image: /home/neardi/work/Grinder/temp/live_map/map1.pgm
[WARN] [1779940204.478246]: Failed to export live map files: Failed to write map image: /home/neardi/work/Grinder/temp/live_map/map1.pgm
[WARN] [1779940206.831122]: Failed to export live map files: Failed to write map image: /home/neardi/work/Grinder/temp/live_map/map1.pgm
[WARN] [1779940209.052077]: Failed to export live map files: Failed to write map image: /home/neardi/work/Grinder/temp/live_map/map1.pgm
[WARN] [1779940211.463415]: Failed to export live map files: Failed to write map image: /home/neardi/work/Grinder/temp/live_map/map1.pgm
[WARN] [1779940213.846395]: Failed to export live map files: Failed to write map image: /home/neardi/work/Grinder/temp/live_map/map1.pgm
[WARN] [1779940216.056156]: Failed to export live map files: Failed to write map image: /home/neardi/work/Grinder/temp/live_map/map1.pgm
[WARN] [1779940218.300299]: Failed to export live map files: Failed to write map image: /home/neardi/work/Grinder/temp/live_map/map1.pgm
[WARN] [1779940220.499968]: Failed to export live map files: Failed to write map image: /home/neardi/work/Grinder/temp/live_map/map1.pgm
[WARN] [1779940222.677203]: Failed to export live map files: Failed to write map image: /home/neardi/work/Grinder/temp/live_map/map1.pgm
[WARN] [1779940224.847010]: Failed to export live map files: Failed to write map image: /home/neardi/work/Grinder/temp/live_map/map1.pgm
[WARN] [1779940227.250961]: Failed to export live map files: Failed to write map image: /home/neardi/work/Grinder/temp/live_map/map1.pgm
[WARN] [1779940229.456398]: Failed to export live map files: Failed to write map image: /home/neardi/work/Grinder/temp/live_map/map1.pgm
[WARN] [1779940231.466902]: Failed to export live map files: Failed to write map image: /home/neardi/work/Grinder/temp/live_map/map1.pgm
[WARN] [1779940233.659250]: Failed to export live map files: Failed to write map image: /home/neardi/work/Grinder/temp/live_map/map1.pgm
[WARN] [1779940235.842075]: Failed to export live map files: Failed to write map image: /home/neardi/work/Grinder/temp/live_map/map1.pgm
[WARN] [1779940238.043757]: Failed to export live map files: Failed to write map image: /home/neardi/work/Grinder/temp/live_map/map1.pgm
[WARN] [1779940240.433429]: Failed to export live map files: Failed to write map image: /home/neardi/work/Grinder/temp/live_map/map1.pgm
[WARN] [1779940242.659422]: Failed to export live map files: Failed to write map image: /home/neardi/work/Grinder/temp/live_map/map1.pgm
[WARN] [1779940245.030358]: Failed to export live map files: Failed to write map image: /home/neardi/work/Grinder/temp/live_map/map1.pgm
[WARN] [1779940247.239720]: Failed to export live map files: Failed to write map image: /home/neardi/work/Grinder/temp/live_map/map1.pgm
[WARN] [1779940249.470038]: Failed to export live map files: Failed to write map image: /home/neardi/work/Grinder/temp/live_map/map1.pgm
[WARN] [1779940251.867565]: Failed to export live map files: Failed to write map image: /home/neardi/work/Grinder/temp/live_map/map1.pgm
[WARN] [1779940254.246726]: Failed to export live map files: Failed to write map image: /home/neardi/work/Grinder/temp/live_map/map1.pgm
[WARN] [1779940256.920639]: Failed to export live map files: Failed to write map image: /home/neardi/work/Grinder/temp/live_map/map1.pgm
[WARN] [1779940259.128245]: Failed to export live map files: Failed to write map image: /home/neardi/work/Grinder/temp/live_map/map1.pgm
[WARN] [1779940262.209863]: Failed to export live map files: Failed to write map image: /home/neardi/work/Grinder/temp/live_map/map1.pgm
[WARN] [1779940264.302539]: Failed to export live map files: Failed to write map image: /home/neardi/work/Grinder/temp/live_map/map1.pgm
[WARN] [1779940266.581414]: Failed to export live map files: Failed to write map image: /home/neardi/work/Grinder/temp/live_map/map1.pgm
[WARN] [1779940268.741516]: Failed to export live map files: Failed to write map image: /home/neardi/work/Grinder/temp/live_map/map1.pgm
[WARN] [1779940271.397430]: Failed to export live map files: Failed to write map image: /home/neardi/work/Grinder/temp/live_map/map1.pgm
[WARN] [1779940273.620610]: Failed to export live map files: Failed to write map image: /home/neardi/work/Grinder/temp/live_map/map1.pgm
[WARN] [1779940276.692440]: Failed to export live map files: Failed to write map image: /home/neardi/work/Grinder/temp/live_map/map1.pgm
[WARN] [1779940279.070060]: Failed to export live map files: Failed to write map image: /home/neardi/work/Grinder/temp/live_map/map1.pgm
[WARN] [1779940281.138312]: Failed to export live map files: Failed to write map image: /home/neardi/work/Grinder/temp/live_map/map1.pgm
[WARN] [1779940283.308895]: Failed to export live map files: Failed to write map image: /home/neardi/work/Grinder/temp/live_map/map1.pgm
[WARN] [1779940285.519180]: Failed to export live map files: Failed to write map image: /home/neardi/work/Grinder/temp/live_map/map1.pgm
[WARN] [1779940287.888067]: Failed to export live map files: Failed to write map image: /home/neardi/work/Grinder/temp/live_map/map1.pgm
[WARN] [1779940290.272079]: Failed to export live map files: Failed to write map image: /home/neardi/work/Grinder/temp/live_map/map1.pgm
[WARN] [1779940292.658651]: Failed to export live map files: Failed to write map image: /home/neardi/work/Grinder/temp/live_map/map1.pgm
[WARN] [1779940294.857764]: Failed to export live map files: Failed to write map image: /home/neardi/work/Grinder/temp/live_map/map1.pgm
[WARN] [1779940297.062117]: Failed to export live map files: Failed to write map image: /home/neardi/work/Grinder/temp/live_map/map1.pgm
[WARN] [1779940167.795213]: Failed to send startup safe state: Serial read timeout on /dev/ttyS0 after 0 of 8 bytes
[WARN] [1779940167.972263]: Modbus transport error: Serial read timeout on /dev/ttyS0 after 0 of 3 bytes
[WARN] [1779940170.055795]: Modbus transport error: Serial read timeout on /dev/ttyS0 after 0 of 3 bytes
[WARN] [1779940172.162019]: Modbus transport error: Serial read timeout on /dev/ttyS0 after 0 of 3 bytes
[WARN] [1779940174.259147]: Modbus transport error: Serial read timeout on /dev/ttyS0 after 0 of 3 bytes
[WARN] [1779940176.351717]: Modbus transport error: Serial read timeout on /dev/ttyS0 after 0 of 3 bytes
[WARN] [1779940178.438334]: Modbus transport error: Serial read timeout on /dev/ttyS0 after 0 of 3 bytes
[WARN] [1779940180.509387]: Modbus transport error: Serial read timeout on /dev/ttyS0 after 0 of 3 bytes
[WARN] [1779940182.601883]: Modbus transport error: Serial read timeout on /dev/ttyS0 after 0 of 3 bytes
[WARN] [1779940184.685398]: Modbus transport error: Serial read timeout on /dev/ttyS0 after 0 of 3 bytes
[WARN] [1779940186.786598]: Modbus transport error: Serial read timeout on /dev/ttyS0 after 0 of 3 bytes
[WARN] [1779940188.882050]: Modbus transport error: Serial read timeout on /dev/ttyS0 after 0 of 3 bytes
[WARN] [1779940190.969484]: Modbus transport error: Serial read timeout on /dev/ttyS0 after 0 of 3 bytes
[WARN] [1779940193.055209]: Modbus transport error: Serial read timeout on /dev/ttyS0 after 0 of 3 bytes
[WARN] [1779940195.146017]: Modbus transport error: Serial read timeout on /dev/ttyS0 after 0 of 3 bytes
[WARN] [1779940197.224830]: Modbus transport error: Serial read timeout on /dev/ttyS0 after 0 of 3 bytes
[WARN] [1779940199.311958]: Modbus transport error: Serial read timeout on /dev/ttyS0 after 0 of 3 bytes
[WARN] [1779940201.406053]: Modbus transport error: Serial read timeout on /dev/ttyS0 after 0 of 3 bytes
[WARN] [1779940203.489138]: Modbus transport error: Serial read timeout on /dev/ttyS0 after 0 of 3 bytes
[WARN] [1779940205.569338]: Modbus transport error: Serial read timeout on /dev/ttyS0 after 0 of 3 bytes
[WARN] [1779940207.569699]: Modbus transport error: Serial read timeout on /dev/ttyS0 after 0 of 3 bytes
[WARN] [1779940209.638844]: Modbus transport error: Serial read timeout on /dev/ttyS0 after 0 of 3 bytes
[WARN] [1779940211.720781]: Modbus transport error: Serial read timeout on /dev/ttyS0 after 0 of 3 bytes
[WARN] [1779940213.804771]: Modbus transport error: Serial read timeout on /dev/ttyS0 after 0 of 3 bytes
[WARN] [1779940215.887109]: Modbus transport error: Serial read timeout on /dev/ttyS0 after 0 of 3 bytes
[WARN] [1779940217.961645]: Modbus transport error: Serial read timeout on /dev/ttyS0 after 0 of 3 bytes
[WARN] [1779940220.041750]: Modbus transport error: Serial read timeout on /dev/ttyS0 after 0 of 3 bytes
[WARN] [1779940222.132030]: Modbus transport error: Serial read timeout on /dev/ttyS0 after 0 of 3 bytes
[WARN] [1779940224.214257]: Modbus transport error: Serial read timeout on /dev/ttyS0 after 0 of 3 bytes
[WARN] [1779940226.308538]: Modbus transport error: Serial read timeout on /dev/ttyS0 after 0 of 3 bytes
[WARN] [1779940228.382484]: Modbus transport error: Serial read timeout on /dev/ttyS0 after 0 of 3 bytes
[WARN] [1779940230.469400]: Modbus transport error: Serial read timeout on /dev/ttyS0 after 0 of 3 bytes
[WARN] [1779940232.554196]: Modbus transport error: Serial read timeout on /dev/ttyS0 after 0 of 3 bytes
[WARN] [1779940234.643632]: Modbus transport error: Serial read timeout on /dev/ttyS0 after 0 of 3 bytes
[WARN] [1779940236.707950]: Modbus transport error: Serial read timeout on /dev/ttyS0 after 0 of 3 bytes
[WARN] [1779940238.796151]: Modbus transport error: Serial read timeout on /dev/ttyS0 after 0 of 3 bytes
[WARN] [1779940240.871977]: Modbus transport error: Serial read timeout on /dev/ttyS0 after 0 of 3 bytes
[WARN] [1779940242.959540]: Modbus transport error: Serial read timeout on /dev/ttyS0 after 0 of 3 bytes
[WARN] [1779940245.061276]: Modbus transport error: Serial read timeout on /dev/ttyS0 after 0 of 3 bytes
[WARN] [1779940247.139136]: Modbus transport error: Serial read timeout on /dev/ttyS0 after 0 of 3 bytes
[WARN] [1779940249.236277]: Modbus transport error: Serial read timeout on /dev/ttyS0 after 0 of 3 bytes
[WARN] [1779940251.311797]: Modbus transport error: Serial read timeout on /dev/ttyS0 after 0 of 3 bytes
[WARN] [1779940253.385596]: Modbus transport error: Serial read timeout on /dev/ttyS0 after 0 of 3 bytes
[WARN] [1779940255.454515]: Modbus transport error: Serial read timeout on /dev/ttyS0 after 0 of 3 bytes
[WARN] [1779940257.544671]: Modbus transport error: Serial read timeout on /dev/ttyS0 after 0 of 3 bytes
[WARN] [1779940259.618953]: Modbus transport error: Serial read timeout on /dev/ttyS0 after 0 of 3 bytes
[WARN] [1779940261.705378]: Modbus transport error: Serial read timeout on /dev/ttyS0 after 0 of 3 bytes
[WARN] [1779940263.794875]: Modbus transport error: Serial read timeout on /dev/ttyS0 after 0 of 3 bytes
[WARN] [1779940265.890785]: Modbus transport error: Serial read timeout on /dev/ttyS0 after 0 of 3 bytes
[WARN] [1779940267.964695]: Modbus transport error: Serial read timeout on /dev/ttyS0 after 0 of 3 bytes
[WARN] [1779940270.032567]: Modbus transport error: Serial read timeout on /dev/ttyS0 after 0 of 3 bytes
[WARN] [1779940272.099519]: Modbus transport error: Serial read timeout on /dev/ttyS0 after 0 of 3 bytes
[WARN] [1779940274.169439]: Modbus transport error: Serial read timeout on /dev/ttyS0 after 0 of 3 bytes
[WARN] [1779940276.258600]: Modbus transport error: Serial read timeout on /dev/ttyS0 after 0 of 3 bytes
[WARN] [1779940278.326693]: Modbus transport error: Serial read timeout on /dev/ttyS0 after 0 of 3 bytes
[WARN] [1779940280.438830]: Modbus transport error: Serial read timeout on /dev/ttyS0 after 0 of 3 bytes
[WARN] [1779940282.508909]: Modbus transport error: Serial read timeout on /dev/ttyS0 after 0 of 3 bytes
[WARN] [1779940284.608755]: Modbus transport error: Serial read timeout on /dev/ttyS0 after 0 of 3 bytes
[WARN] [1779940286.698495]: Modbus transport error: Serial read timeout on /dev/ttyS0 after 0 of 3 bytes
[WARN] [1779940288.771823]: Modbus transport error: Serial read timeout on /dev/ttyS0 after 0 of 3 bytes
[WARN] [1779940290.833586]: Modbus transport error: Serial read timeout on /dev/ttyS0 after 0 of 3 bytes
[WARN] [1779940292.931920]: Modbus transport error: Serial read timeout on /dev/ttyS0 after 0 of 3 bytes
[WARN] [1779940294.998540]: Modbus transport error: Serial read timeout on /dev/ttyS0 after 0 of 3 bytes
[WARN] [1779940297.086470]: Modbus transport error: Serial read timeout on /dev/ttyS0 after 0 of 3 bytes
[WARN] [1779940299.169692]: Modbus transport error: Serial read timeout on /dev/ttyS0 after 0 of 3 bytes
[WARN] [1779940301.265055]: Modbus transport error: Serial read timeout on /dev/ttyS0 after 0 of 3 bytes
[WARN] [1779940303.374590]: Modbus transport error: Serial read timeout on /dev/ttyS0 after 0 of 3 bytes
[WARN] [1779940305.461992]: Modbus transport error: Serial read timeout on /dev/ttyS0 after 0 of 3 bytes
[WARN] [1779940307.552743]: Modbus transport error: Serial read timeout on /dev/ttyS0 after 0 of 3 bytes
[WARN] [1779940309.649702]: Modbus transport error: Serial read timeout on /dev/ttyS0 after 0 of 3 bytes
[WARN] [1779940311.712259]: Modbus transport error: Serial read timeout on /dev/ttyS0 after 0 of 3 bytes
[WARN] [1779940313.795489]: Modbus transport error: Serial read timeout on /dev/ttyS0 after 0 of 3 bytes
[WARN] [1779940315.868384]: Modbus transport error: Serial read timeout on /dev/ttyS0 after 0 of 3 bytes
[WARN] [1779940317.945292]: Modbus transport error: Serial read timeout on /dev/ttyS0 after 0 of 3 bytes
[WARN] [1779940320.015330]: Modbus transport error: Serial read timeout on /dev/ttyS0 after 0 of 3 bytes
[WARN] [1779940322.117011]: Modbus transport error: Serial read timeout on /dev/ttyS0 after 0 of 3 bytes
[WARN] [1779940324.193038]: Modbus transport error: Serial read timeout on /dev/ttyS0 after 0 of 3 bytes
INFO] [1779940167.715698799]: Label ID: 40, Name: bottle[0m
[0m[INFO] [1779940167.715805549]: Label ID: 41, Name: wine glass[0m
[0m[INFO] [1779940167.715851049]: Label ID: 42, Name: cup[0m
[0m[INFO] [1779940167.715894799]: Label ID: 43, Name: fork[0m
[0m[INFO] [1779940167.715938257]: Label ID: 44, Name: knife[0m
[0m[INFO] [1779940167.715982299]: Label ID: 45, Name: spoon[0m
[0m[INFO] [1779940167.716025465]: Label ID: 46, Name: bowl[0m
[0m[INFO] [1779940167.716070382]: Label ID: 47, Name: banana[0m
[0m[INFO] [1779940167.716112674]: Label ID: 48, Name: apple[0m
[0m[INFO] [1779940167.716156424]: Label ID: 49, Name: sandwich[0m
[0m[INFO] [1779940167.716189090]: Label ID: 50, Name: orange[0m
[0m[INFO] [1779940167.716222340]: Label ID: 51, Name: broccoli[0m
[0m[INFO] [1779940167.716266382]: Label ID: 52, Name: carrot[0m
[0m[INFO] [1779940167.716309840]: Label ID: 53, Name: hot dog[0m
[0m[INFO] [1779940167.716352715]: Label ID: 54, Name: pizza[0m
[0m[INFO] [1779940167.716397340]: Label ID: 55, Name: donut[0m
[0m[INFO] [1779940167.716440507]: Label ID: 56, Name: cake[0m
[0m[INFO] [1779940167.716556882]: Label ID: 57, Name: chair[0m
[0m[INFO] [1779940167.716608507]: Label ID: 58, Name: couch[0m
[0m[INFO] [1779940167.716652549]: Label ID: 59, Name: potted plant[0m
[0m[INFO] [1779940167.716696299]: Label ID: 60, Name: bed[0m
[0m[INFO] [1779940167.716740049]: Label ID: 61, Name: dining table[0m
[0m[INFO] [1779940167.716782632]: Label ID: 62, Name: toilet[0m
[0m[INFO] [1779940167.716825215]: Label ID: 63, Name: tv[0m
[0m[INFO] [1779940167.716871882]: Label ID: 64, Name: laptop[0m
[0m[INFO] [1779940167.716915340]: Label ID: 65, Name: mouse[0m
[0m[INFO] [1779940167.716958215]: Label ID: 66, Name: remote[0m
[0m[INFO] [1779940167.717001965]: Label ID: 67, Name: keyboard[0m
[0m[INFO] [1779940167.717034924]: Label ID: 68, Name: cell phone[0m
[0m[INFO] [1779940167.717078090]: Label ID: 69, Name: microwave[0m
[0m[INFO] [1779940167.717122132]: Label ID: 70, Name: oven[0m
[0m[INFO] [1779940167.717169090]: Label ID: 71, Name: toaster[0m
[0m[INFO] [1779940167.717214007]: Label ID: 72, Name: sink[0m
[0m[INFO] [1779940167.717258340]: Label ID: 73, Name: refrigerator[0m
[0m[INFO] [1779940167.717301215]: Label ID: 74, Name: book[0m
[0m[INFO] [1779940167.717344090]: Label ID: 75, Name: clock[0m
[0m[INFO] [1779940167.717388132]: Label ID: 76, Name: vase[0m
[0m[INFO] [1779940167.717431590]: Label ID: 77, Name: scissors[0m
[0m[INFO] [1779940167.717473882]: Label ID: 78, Name: teddy bear[0m
[0m[INFO] [1779940167.717518215]: Label ID: 79, Name: hair drier[0m
[0m[INFO] [1779940167.717561090]: Label ID: 80, Name: toothbrush[0m
[0m[INFO] [1779940167.717758257]: Class colors generated[0m
[0m[INFO] [1779940167.717813965]: successed to reinit all workers on work loop begin.[0m
[0m[INFO] [1779940167.717903215]: try to reinit explore map.[0m
[0m[INFO] [1779940167.717988965]: explore map initialized, resolution: 0.050000, moreCellCntToExtend: 32.[0m
[0m[INFO] [1779940167.718059257]: try to sync whole explore map.[0m
[0m[INFO] [1779940167.718126924]: known area: ((-0.100000, -0.100000), (0.200000, 0.200000)), cell rect : ((-2, -2), ( 4,  4)) [0m
[0m[INFO] [1779940167.718205090]: whole explore map synchronized.[0m
[0m[INFO] [1779940177.775627934]: sync the map after preview map generated.[0m
[0m[INFO] [1779940177.775682768]: try to sync whole explore map.[0m
[0m[INFO] [1779940177.775718643]: known area: ((-5.750000, -5.250000), (10.650000, 12.700000)), cell rect : ((-115, -105), ( 213,  254)) [0m
[0m[INFO] [1779940177.775907059]: whole explore map synchronized.[0m
[0m[INFO] [1779940168.042967498]: global_costmap: Using plugin "static_layer"[0m
[0m[INFO] [1779940168.075011751]: Requesting the map...[0m
[0m[INFO] [1779940168.288907273]: Resizing costmap to 4 X 4 at 0.050000 m/pix[0m
[0m[INFO] [1779940168.388264116]: Received a 4 X 4 map at 0.050000 m/pix[0m
[0m[INFO] [1779940168.417165661]: global_costmap: Using plugin "obstacle_layer"[0m
[0m[INFO] [1779940168.441530622]:     Subscribed to Topics: laser_scan_sensor[0m
[0m[INFO] [1779940168.491734835]: global_costmap: Using plugin "inflation_layer"[0m
[0m[INFO] [1779940168.570398134]: local_costmap: Using plugin "static_layer"[0m
[0m[INFO] [1779940168.580897261]: Requesting the map...[0m
[0m[INFO] [1779940168.584356719]: Resizing costmap to 213 X 254 at 0.050000 m/pix[0m
[0m[INFO] [1779940168.586815761]: Resizing static layer to 213 X 254 at 0.050000 m/pix[0m
[0m[INFO] [1779940168.684281729]: Received a 213 X 254 map at 0.050000 m/pix[0m
[0m[INFO] [1779940168.695445564]: local_costmap: Using plugin "obstacle_layer"[0m
[0m[INFO] [1779940168.703472231]:     Subscribed to Topics: laser_scan_sensor[0m
[0m[INFO] [1779940168.871589206]: Created local_planner teb_local_planner/TebLocalPlannerROS[0m
[0m[INFO] [1779940169.141261400]: Footprint model 'polygon' loaded for trajectory optimization.[0m
[0m[INFO] [1779940169.146923526]: Parallel planning in distinctive topologies disabled.[0m
[0m[INFO] [1779940169.147332734]: No costmap conversion plugin specified. All occupied costmap cells are treaten as point obstacles.[0m
[0m[INFO] [1779940169.283120581]: max_vel_trans is not set, setting it equal to max_vel_x: 0.1[0m
[0m[INFO] [1779940169.284608081]: Footprint model 'polygon' loaded for trajectory optimization.[0m
[0m[INFO] [1779940169.642470867]: Recovery behavior will clear layer 'obstacles'[0m
[0m[INFO] [1779940169.649397951]: Recovery behavior will clear layer 'obstacles'[0m
[0m[INFO] [1779940169.774020714]: odom received![0m
[WARN] [1779940326.285635]: Modbus transport error: Serial read timeout on /dev/ttyS0 after 0 of 3 bytes
[WARN] [1779940328.355349]: Modbus transport error: Serial read timeout on /dev/ttyS0 after 0 of 3 bytes
[WARN] [1779940330.445011]: Modbus transport error: Serial read timeout on /dev/ttyS0 after 0 of 3 bytes
[WARN] [1779940332.511966]: Modbus transport error: Serial read timeout on /dev/ttyS0 after 0 of 3 bytes
[WARN] [1779940334.571862]: Modbus transport error: Serial read timeout on /dev/ttyS0 after 0 of 3 bytes
[WARN] [1779940336.656632]: Modbus transport error: Serial read timeout on /dev/ttyS0 after 0 of 3 bytes
[WARN] [1779940338.754798]: Modbus transport error: Serial read timeout on /dev/ttyS0 after 0 of 3 bytes
[WARN] [1779940340.851906]: Modbus transport error: Serial read timeout on /dev/ttyS0 after 0 of 3 bytes
[WARN] [1779940342.928576]: Modbus transport error: Serial read timeout on /dev/ttyS0 after 0 of 3 bytes
[WARN] [1779940345.005505]: Modbus transport error: Serial read timeout on /dev/ttyS0 after 0 of 3 bytes
[WARN] [1779940347.086116]: Modbus transport error: Serial read timeout on /dev/ttyS0 after 0 of 3 bytes
[WARN] [1779940349.161457]: Modbus transport error: Serial read timeout on /dev/ttyS0 after 0 of 3 bytes
[WARN] [1779940351.245610]: Modbus transport error: Serial read timeout on /dev/ttyS0 after 0 of 3 bytes
[WARN] [1779940353.345976]: Modbus transport error: Serial read timeout on /dev/ttyS0 after 0 of 3 bytes
[WARN] [1779940355.448644]: Modbus transport error: Serial read timeout on /dev/ttyS0 after 0 of 3 bytes
[WARN] [1779940357.524665]: Modbus transport error: Serial read timeout on /dev/ttyS0 after 0 of 3 bytes
[WARN] [1779940359.587975]: Modbus transport error: Serial read timeout on /dev/ttyS0 after 0 of 3 bytes
[WARN] [1779940361.664793]: Modbus transport error: Serial read timeout on /dev/ttyS0 after 0 of 3 bytes
[WARN] [1779940363.747842]: Modbus transport error: Serial read timeout on /dev/ttyS0 after 0 of 3 bytes
[WARN] [1779940365.870626]: Modbus transport error: Serial read timeout on /dev/ttyS0 after 0 of 3 bytes
[INFO] [1779940173.018666]: chassis task_enable updated: False
[31m[rviz-6] escalating to SIGTERM[0m
[31m[grinder_scheduler-4] escalating to SIGTERM[0m
[31m[grinder_scheduler-4] escalating to SIGKILL[0m
[31mShutdown errors:
 * process[grinder_scheduler-4, pid 21368]: required SIGKILL. May still be running.[0m

[1mROS_MASTER_URI=http://localhost:11311[0m
]2;/home/neardi/work/Grinder/catkin_ws/src/grinder_scheduler/launch/grinder_system.launch http://localhost:11311
[1mprocess[slamware_ros_sdk_server_node-1]: started with pid [21363][0m
[1mprocess[baselink2map-2]: started with pid [21364][0m
[1mprocess[chassis_driver-3]: started with pid [21365][0m
[1mprocess[grinder_scheduler-4]: started with pid [21368][0m
[1mprocess[move_base-5]: started with pid [21372][0m
[1mprocess[rviz-6]: started with pid [21373][0m
[1mprocess[odom2map-7]: started with pid [21381][0m
[odom2map-7] killing on exit
[rviz-6] killing on exit
[move_base-5] killing on exit
[grinder_scheduler-4] killing on exit
[chassis_driver-3] killing on exit
[baselink2map-2] killing on exit
[slamware_ros_sdk_server_node-1] killing on exit
shutting down processing monitor...
... shutting down processing monitor complete
[1mdone[0m
