... logging to /home/neardi/.ros/log/378b69c0-5a48-11f1-b62a-c285ead2937b/roslaunch-LPA3588-21188.log
Checking log directory for disk usage. This may take a while.
Press Ctrl-C to interrupt
Done checking log file disk usage. Usage is <1GB.
]2;roscore
[1mstarted roslaunch server http://LPA3588:38863/[0m
ros_comm version 1.17.4


SUMMARY
========

PARAMETERS
 * /rosdistro: noetic
 * /rosversion: 1.17.4

NODES

auto-starting new master
[1mprocess[master]: started with pid [21273][0m
[1mROS_MASTER_URI=http://LPA3588:11311/[0m
]2;roscore http://LPA3588:11311/
[1msetting /run_id to 378b69c0-5a48-11f1-b62a-c285ead2937b[0m
[1mprocess[rosout-1]: started with pid [21318][0m
started core service [/rosout]
[rosout-1] killing on exit
[master] killing on exit
shutting down processing monitor...
... shutting down processing monitor complete
[1mdone[0m
