... logging to /root/.ros/log/b1c4d08e-55c3-11f1-9d4f-c285ead2937b/roslaunch-LPA3588-153608.log
Checking log directory for disk usage. This may take a while.
Press Ctrl-C to interrupt
Done checking log file disk usage. Usage is <1GB.
]2;/home/neardi/work/Grinder/catkin_ws/src/grinder_scheduler/launch/grinder_system.launch
[1mstarted roslaunch server http://LPA3588:46263/[0m

SUMMARY
========

PARAMETERS
 * /chassis_driver/baudrate: 19200
 * /chassis_driver/cmd_source_hold_sec: 0.2
 * /chassis_driver/cmd_vel_deadband_angular: 0.0
 * /chassis_driver/cmd_vel_deadband_linear: 0.0
 * /chassis_driver/cmd_vel_drive_left_sign: 1
 * /chassis_driver/cmd_vel_drive_right_sign: 1
 * /chassis_driver/cmd_vel_drive_swap_lr: False
 * /chassis_driver/cmd_vel_enabled: True
 * /chassis_driver/cmd_vel_filter_angular_accel: 0.2
 * /chassis_driver/cmd_vel_filter_angular_deadband: 0.02
 * /chassis_driver/cmd_vel_filter_enabled: True
 * /chassis_driver/cmd_vel_filter_linear_accel: 0.2
 * /chassis_driver/cmd_vel_filter_sign_confirm_count: 2
 * /chassis_driver/cmd_vel_gear_ratio: 60.0
 * /chassis_driver/cmd_vel_max_abs_wheel_rpm: 3000.0
 * /chassis_driver/cmd_vel_max_angular: 0.1
 * /chassis_driver/cmd_vel_max_input_v: 0.1
 * /chassis_driver/cmd_vel_max_input_w: 0.1
 * /chassis_driver/cmd_vel_max_linear: 0.1
 * /chassis_driver/cmd_vel_scale: 1.0
 * /chassis_driver/cmd_vel_topic: /cmd_vel
 * /chassis_driver/cmd_vel_wheel_radius_m: 0.15
 * /chassis_driver/cmd_vel_wheel_track_m: 0.79
 * /chassis_driver/command_timeout: 5
 * /chassis_driver/disc_speed_max: 32767
 * /chassis_driver/disc_speed_min: -32768
 * /chassis_driver/drive_left_sign: -1
 * /chassis_driver/drive_right_sign: -1
 * /chassis_driver/drive_swap_lr: False
 * /chassis_driver/enable_cmd_ramp_limit: False
 * /chassis_driver/enable_safe_stop_on_comm_error: False
 * /chassis_driver/left_speed_max: 32767
 * /chassis_driver/left_speed_min: -32768
 * /chassis_driver/manual_drive_max_wheel_speed: 600
 * /chassis_driver/manual_wheel_deadband_rpm: 30
 * /chassis_driver/manual_wheel_hyst_enter_rpm: 60
 * /chassis_driver/manual_wheel_hyst_exit_rpm: 30
 * /chassis_driver/max_cmd_step_rpm: 50
 * /chassis_driver/max_echo_deviation: 2000
 * /chassis_driver/max_echo_failures: 20
 * /chassis_driver/max_retries: 3
 * /chassis_driver/poll_rate_hz: 20.0
 * /chassis_driver/port: /dev/ttyS0
 * /chassis_driver/right_speed_max: 32767
 * /chassis_driver/right_speed_min: -32768
 * /chassis_driver/rs485_raw_log_enabled: False
 * /chassis_driver/rs485_raw_log_file: temp/chassis_rs48...
 * /chassis_driver/safe_stop_on_error_interval: 2.0
 * /chassis_driver/slave_id: 1
 * /chassis_driver/startup_zero_output: True
 * /chassis_driver/stop_on_timeout: True
 * /chassis_driver/task_enable_default: False
 * /chassis_driver/timeout: 0.1
 * /chassis_driver/write_verify: False
 * /grinder_scheduler/aurora_ip_address: 192.168.11.1
 * /grinder_scheduler/aurora_no_preview_image: False
 * /grinder_scheduler/aurora_raw_image_on: True
 * /grinder_scheduler/change_map_service: /change_map
 * /grinder_scheduler/default_path_spacing: 0.425
 * /grinder_scheduler/depth_image_colorized_topic: /slamware_ros_sdk...
 * /grinder_scheduler/first_frame_save_dir: temp
 * /grinder_scheduler/global_plan_publish_hz: 2
 * /grinder_scheduler/inflation_radius: 0.06
 * /grinder_scheduler/initial_map_preview_dir: temp
 * /grinder_scheduler/initial_map_preview_format: jpg
 * /grinder_scheduler/initial_map_preview_max_edge: 320
 * /grinder_scheduler/left_image_topic: /slamware_ros_sdk...
 * /grinder_scheduler/live_map_dir: temp/live_map
 * /grinder_scheduler/live_map_enabled: True
 * /grinder_scheduler/live_map_hz: 1.0
 * /grinder_scheduler/live_map_image_name: map1.pgm
 * /grinder_scheduler/live_map_yaml_name: map.yaml
 * /grinder_scheduler/live_preview_enabled: True
 * /grinder_scheduler/live_preview_file: temp/aurora_map_p...
 * /grinder_scheduler/live_preview_format: jpg
 * /grinder_scheduler/live_preview_hz: 1.0
 * /grinder_scheduler/live_preview_max_edge: 320
 * /grinder_scheduler/local_rtsp_enabled: True
 * /grinder_scheduler/local_rtsp_encoder: libx264
 * /grinder_scheduler/local_rtsp_fps: 15
 * /grinder_scheduler/local_rtsp_host: 0.0.0.0
 * /grinder_scheduler/local_rtsp_log_dir: temp
 * /grinder_scheduler/local_rtsp_mediamtx_path: /home/neardi/work...
 * /grinder_scheduler/local_rtsp_port: 8554
 * /grinder_scheduler/local_rtsp_public_host: auto
 * /grinder_scheduler/local_rtsp_start_server: True
 * /grinder_scheduler/local_rtsp_width: 640
 * /grinder_scheduler/manual_reverse_guard_sec: 1.0
 * /grinder_scheduler/map_topic: /map
 * /grinder_scheduler/navigation_map_yaml_path: /home/neardi/work...
 * /grinder_scheduler/odom_topic: /odom
 * /grinder_scheduler/overlap_ratio: 0
 * /grinder_scheduler/path_goal_reach_dist: 0.03
 * /grinder_scheduler/path_segment_timeout: 60.0
 * /grinder_scheduler/persist_state_dir: temp/grinder_sche...
 * /grinder_scheduler/persist_state_enabled: True
 * /grinder_scheduler/planned_path_preview_arrow_len_px: 12
 * /grinder_scheduler/planned_path_preview_arrow_step: 10
 * /grinder_scheduler/planned_path_preview_dir: temp
 * /grinder_scheduler/planned_path_preview_format: jpg
 * /grinder_scheduler/planned_path_preview_include_overlay: True
 * /grinder_scheduler/planned_path_preview_max_edge: 320
 * /grinder_scheduler/planned_path_preview_show_direction: True
 * /grinder_scheduler/planner_script_path: third_party/path_...
 * /grinder_scheduler/right_image_topic: /slamware_ros_sdk...
 * /grinder_scheduler/save_first_frame_on_startup: False
 * /grinder_scheduler/scheduler_tick_hz: 5
 * /grinder_scheduler/set_map_localization_topic: /slamware_ros_sdk...
 * /grinder_scheduler/set_map_update_topic: /slamware_ros_sdk...
 * /grinder_scheduler/sl_linka_host: 0.0.0.0
 * /grinder_scheduler/sl_linka_port: 8002
 * /grinder_scheduler/sl_linka_python_sdk_dir: third_party/sl_li...
 * /grinder_scheduler/start_aurora_driver: False
 * /grinder_scheduler/stcm_local_dir: maps/raw
 * /grinder_scheduler/stream_enabled: True
 * /grinder_scheduler/stream_fps: 8
 * /grinder_scheduler/stream_push_hz: 20
 * /grinder_scheduler/stream_url: rtmp://127.0.0.1:...
 * /grinder_scheduler/stream_width: 1280
 * /grinder_scheduler/sync_get_stcm_service: /slamware_ros_sdk...
 * /grinder_scheduler/sync_set_stcm_service: /slamware_ros_sdk...
 * /grinder_scheduler/turn_radius: 0.1
 * /grinder_scheduler/use_depth_colorized_image: False
 * /grinder_scheduler/vehicle_length: 1.531
 * /grinder_scheduler/vehicle_width: 0.8
 * /move_base/TebLocalPlannerROS/acc_lim_theta: 0.05
 * /move_base/TebLocalPlannerROS/acc_lim_x: 0.1
 * /move_base/TebLocalPlannerROS/allow_init_with_backwards_motion: False
 * /move_base/TebLocalPlannerROS/complete_global_plan: True
 * /move_base/TebLocalPlannerROS/costmap_converter/CostmapToLinesDBSRANSAC/cluster_max_distance: 0.2
 * /move_base/TebLocalPlannerROS/costmap_converter/CostmapToLinesDBSRANSAC/cluster_min_pts: 2
 * /move_base/TebLocalPlannerROS/costmap_converter/CostmapToLinesDBSRANSAC/convex_hull_min_pt_separation: 0.1
 * /move_base/TebLocalPlannerROS/costmap_converter/CostmapToLinesDBSRANSAC/ransac_convert_outlier_pts: True
 * /move_base/TebLocalPlannerROS/costmap_converter/CostmapToLinesDBSRANSAC/ransac_filter_remaining_outlier_pts: False
 * /move_base/TebLocalPlannerROS/costmap_converter/CostmapToLinesDBSRANSAC/ransac_inlier_distance: 0.15
 * /move_base/TebLocalPlannerROS/costmap_converter/CostmapToLinesDBSRANSAC/ransac_min_inliers: 10
 * /move_base/TebLocalPlannerROS/costmap_converter/CostmapToLinesDBSRANSAC/ransac_no_iterations: 1500
 * /move_base/TebLocalPlannerROS/costmap_converter/CostmapToLinesDBSRANSAC/ransac_remainig_outliers: 3
 * /move_base/TebLocalPlannerROS/costmap_converter_plugin: 
 * /move_base/TebLocalPlannerROS/costmap_converter_rate: 5
 * /move_base/TebLocalPlannerROS/costmap_converter_spin_thread: True
 * /move_base/TebLocalPlannerROS/costmap_obstacles_behind_robot_dist: 0.3
 * /move_base/TebLocalPlannerROS/delete_detours_backwards: True
 * /move_base/TebLocalPlannerROS/dt_hysteresis: 0.1
 * /move_base/TebLocalPlannerROS/dt_ref: 0.4
 * /move_base/TebLocalPlannerROS/dynamic_obstacle_inflation_dist: 0.3
 * /move_base/TebLocalPlannerROS/enable_homotopy_class_planning: False
 * /move_base/TebLocalPlannerROS/enable_multithreading: True
 * /move_base/TebLocalPlannerROS/exact_arc_length: False
 * /move_base/TebLocalPlannerROS/feasibility_check_no_poses: 2
 * /move_base/TebLocalPlannerROS/footprint_model/type: polygon
 * /move_base/TebLocalPlannerROS/footprint_model/vertices: [[-0.15, 0.5], [1...
 * /move_base/TebLocalPlannerROS/free_goal_vel: False
 * /move_base/TebLocalPlannerROS/global_plan_overwrite_orientation: False
 * /move_base/TebLocalPlannerROS/global_plan_prune_distance: 1
 * /move_base/TebLocalPlannerROS/global_plan_viapoint_sep: 0.8
 * /move_base/TebLocalPlannerROS/h_signature_prescaler: 0.5
 * /move_base/TebLocalPlannerROS/h_signature_threshold: 0.1
 * /move_base/TebLocalPlannerROS/include_costmap_obstacles: True
 * /move_base/TebLocalPlannerROS/include_dynamic_obstacles: False
 * /move_base/TebLocalPlannerROS/inflation_dist: 0.35
 * /move_base/TebLocalPlannerROS/max_global_plan_lookahead_dist: 1.0
 * /move_base/TebLocalPlannerROS/max_number_classes: 4
 * /move_base/TebLocalPlannerROS/max_ratio_detours_duration_best_duration: 3.0
 * /move_base/TebLocalPlannerROS/max_samples: 200
 * /move_base/TebLocalPlannerROS/max_vel_theta: 0.1
 * /move_base/TebLocalPlannerROS/max_vel_x: 0.1
 * /move_base/TebLocalPlannerROS/max_vel_x_backwards: 0.05
 * /move_base/TebLocalPlannerROS/max_vel_y: 0.0
 * /move_base/TebLocalPlannerROS/min_obstacle_dist: 0.25
 * /move_base/TebLocalPlannerROS/min_turning_radius: 0.0
 * /move_base/TebLocalPlannerROS/no_inner_iterations: 3
 * /move_base/TebLocalPlannerROS/no_outer_iterations: 2
 * /move_base/TebLocalPlannerROS/obstacle_cost_exponent: 4
 * /move_base/TebLocalPlannerROS/obstacle_heading_threshold: 0.45
 * /move_base/TebLocalPlannerROS/obstacle_poses_affected: 15
 * /move_base/TebLocalPlannerROS/odom_topic: odom
 * /move_base/TebLocalPlannerROS/optimization_activate: True
 * /move_base/TebLocalPlannerROS/optimization_verbose: False
 * /move_base/TebLocalPlannerROS/oscillation_filter_duration: 10
 * /move_base/TebLocalPlannerROS/oscillation_omega_eps: 0.1
 * /move_base/TebLocalPlannerROS/oscillation_recovery: True
 * /move_base/TebLocalPlannerROS/oscillation_recovery_min_duration: 10
 * /move_base/TebLocalPlannerROS/oscillation_v_eps: 0.1
 * /move_base/TebLocalPlannerROS/penalty_epsilon: 0.03
 * /move_base/TebLocalPlannerROS/publish_feedback: False
 * /move_base/TebLocalPlannerROS/roadmap_graph_area_length_scale: 1.0
 * /move_base/TebLocalPlannerROS/roadmap_graph_area_width: 5
 * /move_base/TebLocalPlannerROS/roadmap_graph_no_samples: 15
 * /move_base/TebLocalPlannerROS/selection_alternative_time_cost: False
 * /move_base/TebLocalPlannerROS/selection_cost_hysteresis: 1.0
 * /move_base/TebLocalPlannerROS/selection_obst_cost_scale: 100.0
 * /move_base/TebLocalPlannerROS/selection_prefer_initial_plan: 0.9
 * /move_base/TebLocalPlannerROS/shrink_horizon_backup: True
 * /move_base/TebLocalPlannerROS/shrink_horizon_min_duration: 10
 * /move_base/TebLocalPlannerROS/switching_blocking_period: 0.0
 * /move_base/TebLocalPlannerROS/teb_autosize: True
 * /move_base/TebLocalPlannerROS/viapoints_all_candidates: True
 * /move_base/TebLocalPlannerROS/visualize_hc_graph: False
 * /move_base/TebLocalPlannerROS/visualize_with_time_as_z_axis_scale: False
 * /move_base/TebLocalPlannerROS/weight_acc_lim_theta: 1.0
 * /move_base/TebLocalPlannerROS/weight_acc_lim_x: 1.0
 * /move_base/TebLocalPlannerROS/weight_adapt_factor: 2
 * /move_base/TebLocalPlannerROS/weight_dynamic_obstacle: 10
 * /move_base/TebLocalPlannerROS/weight_dynamic_obstacle_inflation: 0.2
 * /move_base/TebLocalPlannerROS/weight_inflation: 0.2
 * /move_base/TebLocalPlannerROS/weight_kinematics_forward_drive: 800
 * /move_base/TebLocalPlannerROS/weight_kinematics_nh: 1000
 * /move_base/TebLocalPlannerROS/weight_kinematics_turning_radius: 1
 * /move_base/TebLocalPlannerROS/weight_max_vel_theta: 1
 * /move_base/TebLocalPlannerROS/weight_max_vel_x: 2
 * /move_base/TebLocalPlannerROS/weight_obstacle: 100
 * /move_base/TebLocalPlannerROS/weight_optimaltime: 1
 * /move_base/TebLocalPlannerROS/weight_shortest_path: 1
 * /move_base/TebLocalPlannerROS/weight_viapoint: 20
 * /move_base/TebLocalPlannerROS/xy_goal_tolerance: 0.1
 * /move_base/TebLocalPlannerROS/yaw_goal_tolerance: 0.05
 * /move_base/base_global_planner: carrot_planner/Ca...
 * /move_base/base_local_planner: teb_local_planner...
 * /move_base/controller_frequency: 10.0
 * /move_base/controller_patience: 10.0
 * /move_base/global_costmap/always_send_full_costmap: True
 * /move_base/global_costmap/footprint: [[-0.15, 0.5], [1...
 * /move_base/global_costmap/footprint_padding: 0.0
 * /move_base/global_costmap/global_frame: map
 * /move_base/global_costmap/inflation_layer/cost_scaling_factor: 10.0
 * /move_base/global_costmap/inflation_layer/enabled: True
 * /move_base/global_costmap/inflation_layer/inflation_radius: 0.1
 * /move_base/global_costmap/map_type: costmap
 * /move_base/global_costmap/obstacle_layer/combination_method: 1
 * /move_base/global_costmap/obstacle_layer/enabled: True
 * /move_base/global_costmap/obstacle_layer/inflation_radius: 0.2
 * /move_base/global_costmap/obstacle_layer/laser_scan_sensor/clearing: True
 * /move_base/global_costmap/obstacle_layer/laser_scan_sensor/data_type: LaserScan
 * /move_base/global_costmap/obstacle_layer/laser_scan_sensor/marking: True
 * /move_base/global_costmap/obstacle_layer/laser_scan_sensor/topic: scan
 * /move_base/global_costmap/obstacle_layer/observation_sources: laser_scan_sensor
 * /move_base/global_costmap/obstacle_layer/obstacle_range: 3.0
 * /move_base/global_costmap/obstacle_layer/raytrace_range: 4.0
 * /move_base/global_costmap/obstacle_layer/track_unknown_space: True
 * /move_base/global_costmap/plugins: [{'name': 'static...
 * /move_base/global_costmap/publish_frequency: 2.0
 * /move_base/global_costmap/robot_base_frame: base_link
 * /move_base/global_costmap/robot_radius: 0.0
 * /move_base/global_costmap/static_layer/enabled: True
 * /move_base/global_costmap/static_layer/map_topic: map
 * /move_base/global_costmap/static_map: True
 * /move_base/global_costmap/transform_tolerance: 0.5
 * /move_base/global_costmap/update_frequency: 2.0
 * /move_base/local_costmap/always_send_full_costmap: True
 * /move_base/local_costmap/footprint: [[-0.15, 0.5], [1...
 * /move_base/local_costmap/footprint_padding: 0.0
 * /move_base/local_costmap/global_frame: map
 * /move_base/local_costmap/height: 5
 * /move_base/local_costmap/inflation_layer/cost_scaling_factor: 10.0
 * /move_base/local_costmap/inflation_layer/enabled: True
 * /move_base/local_costmap/inflation_layer/inflation_radius: 0.1
 * /move_base/local_costmap/map_type: costmap
 * /move_base/local_costmap/obstacle_layer/combination_method: 1
 * /move_base/local_costmap/obstacle_layer/enabled: True
 * /move_base/local_costmap/obstacle_layer/inflation_radius: 0.2
 * /move_base/local_costmap/obstacle_layer/laser_scan_sensor/clearing: True
 * /move_base/local_costmap/obstacle_layer/laser_scan_sensor/data_type: LaserScan
 * /move_base/local_costmap/obstacle_layer/laser_scan_sensor/marking: True
 * /move_base/local_costmap/obstacle_layer/laser_scan_sensor/topic: scan
 * /move_base/local_costmap/obstacle_layer/observation_sources: laser_scan_sensor
 * /move_base/local_costmap/obstacle_layer/obstacle_range: 3.0
 * /move_base/local_costmap/obstacle_layer/raytrace_range: 4.0
 * /move_base/local_costmap/obstacle_layer/track_unknown_space: True
 * /move_base/local_costmap/plugins: [{'name': 'static...
 * /move_base/local_costmap/publish_frequency: 5.0
 * /move_base/local_costmap/resolution: 0.1
 * /move_base/local_costmap/robot_base_frame: base_link
 * /move_base/local_costmap/robot_radius: 0.0
 * /move_base/local_costmap/rolling_window: True
 * /move_base/local_costmap/static_layer/enabled: True
 * /move_base/local_costmap/static_layer/map_topic: map
 * /move_base/local_costmap/static_map: False
 * /move_base/local_costmap/transform_tolerance: 0.5
 * /move_base/local_costmap/update_frequency: 5.0
 * /move_base/local_costmap/width: 5
 * /rosdistro: noetic
 * /rosversion: 1.17.4
 * /slamware_ros_sdk_server_node/angle_compensate: True
 * /slamware_ros_sdk_server_node/camera_left: base_camera_left
 * /slamware_ros_sdk_server_node/camera_right: base_camera_right
 * /slamware_ros_sdk_server_node/imu_frame: base_imu_link
 * /slamware_ros_sdk_server_node/imu_raw_data_period: 0.005
 * /slamware_ros_sdk_server_node/ip_address: 192.168.11.1
 * /slamware_ros_sdk_server_node/ladar_data_clockwise: True
 * /slamware_ros_sdk_server_node/laser_frame: base_laser_link
 * /slamware_ros_sdk_server_node/map_frame: map
 * /slamware_ros_sdk_server_node/map_pub_period: 0.2
 * /slamware_ros_sdk_server_node/no_preview_image: False
 * /slamware_ros_sdk_server_node/odom_frame: odom
 * /slamware_ros_sdk_server_node/raw_image_on: False
 * /slamware_ros_sdk_server_node/robot_frame: base_link
 * /slamware_ros_sdk_server_node/robot_pose_pub_period: 0.05
 * /slamware_ros_sdk_server_node/robot_pose_topic: robot_pose
 * /slamware_ros_sdk_server_node/scan_pub_period: 0.1
 * /use_sim_time: False

NODES
  /
    baselink2map (tf2_ros/static_transform_publisher)
    chassis_driver (grinder_chassis_driver/chassis_driver_node.py)
    grinder_scheduler (grinder_scheduler/scheduler_node.py)
    move_base (move_base/move_base)
    odom2map (tf2_ros/static_transform_publisher)
    rviz (rviz/rviz)
    slamware_ros_sdk_server_node (slamware_ros_sdk/slamware_ros_sdk_server_node)
QStandardPaths: XDG_RUNTIME_DIR not set, defaulting to '/tmp/runtime-root'
Cannot find EGLConfig, returning null config
Unable to find an X11 visual which matches EGL config 0
[0m[INFO] [1779445703.784692659]: Trying to connect to Aurora, tryCnt: 1.[0m
[0m[INFO] [1779445703.798329243]: Selected device: tcp/192.168.11.1:7447[0m
[0m[INFO] [1779445703.798408868]: Connecting to the selected device...[0m
[0m[INFO] [1779445703.835638664]: Connected to the selected device[0m
[0m[INFO] [1779445703.863119208]: Connected to Aurora, OK, tryCnt: 1.[0m
[0m[INFO] [1779445703.863544458]: Odometry:0.1000[0m
[0m[INFO] [1779445703.868640167]: RobotPose:0.0500[0m
[0m[INFO] [1779445703.871239209]: ExploreMapUpdate:0.2000[0m
[0m[INFO] [1779445703.871343334]: ExploreMapPublish:0.2000[0m
[0m[INFO] [1779445703.874666293]: LaserScan:0.1000[0m
[0m[INFO] [1779445703.876787876]: ServerImuRawDataWorker:0.0050[0m
[0m[INFO] [1779445703.878665626]: RosConnectWorker:0.1000[0m
[0m[INFO] [1779445703.880810543]: SystemStatus:0.0500[0m
[0m[INFO] [1779445703.884622335]: StereoImage:0.0500[0m
[0m[INFO] [1779445703.892146169]: PointCloud:0.1000[0m
[0m[INFO] [1779445703.928882756]: SlamwareRosSdkServer, work thread begin.[0m
[0m[INFO] [1779445703.928991256]: reset all 12 workers on work loop begin.[0m
[0m[INFO] [1779445703.929259006]: Depth camera supported, subscription enabled, post-filtering on[0m
[0m[INFO] [1779445703.929407756]: Semantic segmentation supported and subscription enabled[0m
[0m[INFO] [1779445703.929467548]: Semantic segmentation label set: coco80[0m
[0m[INFO] [1779445703.929564090]: Label ID: 0, Name: (null)[0m
[0m[INFO] [1779445703.929608423]: Label ID: 1, Name: person[0m
[0m[INFO] [1779445703.929646048]: Label ID: 2, Name: bicycle[0m
[0m[INFO] [1779445703.929684256]: Label ID: 3, Name: car[0m
[0m[INFO] [1779445703.929721881]: Label ID: 4, Name: motorcycle[0m
[0m[INFO] [1779445703.929762423]: Label ID: 5, Name: airplane[0m
[0m[INFO] [1779445703.929795965]: Label ID: 6, Name: bus[0m
[0m[INFO] [1779445703.929839423]: Label ID: 7, Name: train[0m
[0m[INFO] [1779445703.929878506]: Label ID: 8, Name: truck[0m
[0m[INFO] [1779445703.929918465]: Label ID: 9, Name: boat[0m
[0m[INFO] [1779445703.929951131]: Label ID: 10, Name: traffic light[0m
[0m[INFO] [1779445703.929994006]: Label ID: 11, Name: fire hydrant[0m
[0m[INFO] [1779445703.930026673]: Label ID: 12, Name: stop sign[0m
[0m[INFO] [1779445703.930067506]: Label ID: 13, Name: parking meter[0m
[0m[INFO] [1779445703.930101631]: Label ID: 14, Name: bench[0m
[0m[INFO] [1779445703.930140131]: Label ID: 15, Name: bird[0m
[0m[INFO] [1779445703.930178631]: Label ID: 16, Name: cat[0m
[0m[INFO] [1779445703.930219465]: Label ID: 17, Name: dog[0m
[0m[INFO] [1779445703.930260298]: Label ID: 18, Name: horse[0m
[0m[INFO] [1779445703.930297632]: Label ID: 19, Name: sheep[0m
[0m[INFO] [1779445703.930335257]: Label ID: 20, Name: cow[0m
[0m[INFO] [1779445703.930368798]: Label ID: 21, Name: elephant[0m
[0m[INFO] [1779445703.930402923]: Label ID: 22, Name: bear[0m
[0m[INFO] [1779445703.930440548]: Label ID: 23, Name: zebra[0m
[0m[INFO] [1779445703.930480215]: Label ID: 24, Name: giraffe[0m
[0m[INFO] [1779445703.930518423]: Label ID: 25, Name: backpack[0m
[0m[INFO] [1779445703.930556340]: Label ID: 26, Name: umbrella[0m
[0m[INFO] [1779445703.930595423]: Label ID: 27, Name: handbag[0m
[0m[INFO] [1779445703.930635382]: Label ID: 28, Name: tie[0m
[0m[INFO] [1779445703.930672715]: Label ID: 29, Name: suitcase[0m
[0m[INFO] [1779445703.930709465]: Label ID: 30, Name: frisbee[0m
[0m[INFO] [1779445703.930745048]: Label ID: 31, Name: skis[0m
[0m[INFO] [1779445703.930782673]: Label ID: 32, Name: snowboard[0m
[0m[INFO] [1779445703.930819715]: Label ID: 33, Name: sports ball[0m
[0m[INFO] [1779445703.930855590]: Label ID: 34, Name: kite[0m
[0m[INFO] [1779445703.930892048]: Label ID: 35, Name: baseball bat[0m
[0m[INFO] [1779445703.930929965]: Label ID: 36, Name: baseball glove[0m
[0m[INFO] [1779445703.930966132]: Label ID: 37, Name: skateboard[0m
[0m[INFO] [1779445703.931002298]: Label ID: 38, Name: surfboard[0m
[0m[INFO] [1779445703.931038757]: Label ID: 39, Name: tennis racket[0m
[0m[[33m[WARN] [1779445704.142163444]: global_costmap: Pre-Hydro parameter "static_map" unused since "plugins" is provided[0m
[33m[WARN] [1779445704.149319779]: global_costmap: Pre-Hydro parameter "map_type" unused since "plugins" is provided[0m
[33m[WARN] [1779445704.689424958]: local_costmap: Pre-Hydro parameter "static_map" unused since "plugins" is provided[0m
[33m[WARN] [1779445704.690178916]: local_costmap: Pre-Hydro parameter "map_type" unused since "plugins" is provided[0m
[33m[WARN] [1779445706.174523524]: The origin for the sensor at (-0.05, 0.31, -0.00) is out of map bounds. So, the costmap cannot raytrace for it.[0m
[33m[WARN] [1779445707.674497383]: The origin for the sensor at (-0.05, 0.31, -0.00) is out of map bounds. So, the costmap cannot raytrace for it.[0m
[WARN] [1779445705.425992]: RTSP encoder probe failed, skip encoder=h264_v4l2m2m for stream left
[WARN] [1779445705.582115]: RTSP encoder probe failed, skip encoder=h264_vaapi for stream left
[WARN] [1779445705.720892]: RTSP encoder probe failed, skip encoder=h264_omx for stream left
[WARN] [1779445706.302732]: RTSP encoder probe failed, skip encoder=h264_v4l2m2m for stream right
[WARN] [1779445706.449946]: RTSP encoder probe failed, skip encoder=h264_vaapi for stream right
[WARN] [1779445706.638958]: RTSP encoder probe failed, skip encoder=h264_omx for stream right
[INFO] [1779445704.529634]: Loaded task registry state: 8 map-bound tasks
[INFO] [1779445704.617765]: Loaded map overlay state: map_id=map_1778827104561 dir=/home/neardi/work/Grinder/temp/grinder_scheduler_state/map_states/map_1778827104561
[INFO] [1779445704.621268]: Loaded scheduler local state from /home/neardi/work/Grinder/temp/grinder_scheduler_state
shutdown request: [/grinder_scheduler] Reason: new node registered with same name
[INFO] [1779445706.659641]: Starting mediamtx on rtsp://192.168.11.127:8554 using /home/neardi/work/Grinder/tools/mediamtx/mediamtx
[INFO] [1779445706.814804]: mediamtx rtsp listener is ready on 127.0.0.1:8554
[33m[WARN] [1779445726.274392960]: makePlan is called.
[0m
[0m[INFO] [1779445704.160011988]: global_costmap: Using plugin "static_layer"[0m
[0m[INFO] [1779445704.181614282]: Requesting the map...[0m
[0m[INFO] [1779445704.390643344]: Resizing costmap to 4 X 4 at 0.050000 m/pix[0m
[0m[INFO] [1779445704.489942438]: Received a 4 X 4 map at 0.050000 m/pix[0m
[0m[INFO] [1779445704.502281689]: global_costmap: Using plugin "obstacle_layer"[0m
[0m[INFO] [1779445704.514777565]:     Subscribed to Topics: laser_scan_sensor[0m
[0m[INFO] [1779445704.647267454]: global_costmap: Using plugin "inflation_layer"[0m
[0m[INFO] [1779445704.691870000]: local_costmap: Using plugin "static_layer"[0m
[0m[INFO] [1779445704.750987047]: Requesting the map...[0m
[0m[INFO] [1779445704.767724049]: Resizing costmap to 321 X 321 at 0.050000 m/pix[0m
[0m[INFO] [1779445704.769788466]: Resizing static layer to 321 X 321 at 0.050000 m/pix[0m
[0m[INFO] [1779445704.867656934]: Received a 321 X 321 map at 0.050000 m/pix[0m
[0m[INFO] [1779445704.877285727]: local_costmap: Using plugin "obstacle_layer"[0m
[0m[INFO] [1779445704.885797144]:     Subscribed to Topics: laser_scan_sensor[0m
[0m[INFO] [1779445704.994951655]: Created local_planner teb_local_planner/TebLocalPlannerROS[0m
[0m[INFO] [1779445705.085170581]: Footprint model 'polygon' loaded for trajectory optimization.[0m
[0m[INFO] [1779445705.085912289]: Parallel planning in distinctive topologies disabled.[0m
[0m[INFO] [1779445705.086022248]: No costmap conversion plugin specified. All occupied costmap cells are treaten as point obstacles.[0m
[0m[INFO] [1779445705.176655632]: Footprint model 'polygon' loaded for trajectory optimization.[0m
[0m[INFO] [1779445705.801027694]: Recovery behavior will clear layer 'obstacles'[0m
[0m[INFO] [1779445705.813253779]: Recovery behavior will clear layer 'obstacles'[0m
[0m[INFO] [1779445705.909591580]: odom received![0m
[0m[INFO] [1779445708.405853081]: Resizing costmap to 321 X 322 at 0.050000 m/pix[0m
[0m[INFO] [1779445708.408840040]: Resizing static layer to 321 X 322 at 0.050000 m/pix[0m
[0m[INFO] [1779445709.014665017]: Resizing costmap to 322 X 322 at 0.050000 m/pix[0m
[0m[INFO] [1779445709.017091684]: Resizing static layer to 322 X 322 at 0.050000 m/pix[0m
[0m[INFO] [1779445709.615143453]: Resizing costmap to 322 X 323 at 0.050000 m/pix[0m
[0m[INFO] [1779445709.617192703]: Resizing static layer to 322 X 323 at 0.050000 m/pix[0m
[0m[INFO] [1779445709.815130848]: Resizing costmap to 322 X 325 at 0.050000 m/pix[0m
[0m[INFO] [1779445709.817268765]: Resizing static layer to 322 X 325 at 0.050000 m/pix[0m
[0m[INFO] [1779445710.015478451]: Resizing costmap to 322 X 328 at 0.050000 m/pix[0m
[0m[INFO] [1779445710.017577576]: Resizing static layer to 322 X 328 at 0.050000 m/pix[0m
[0m[INFO] [1779445710.225368514]: Resizing costmap to 323 X 328 at 0.050000 m/pix[0m
[0m[INFO] [1779445710.227332889]: Resizing static layer to 323 X 328 at 0.050000 m/pix[0m
[0m[INFO] [1779445710.455233370]: Resizing costmap to 323 X 329 at 0.050000 m/pix[0m
[0m[INFO] [1779445710.457602287]: Resizing static layer to 323 X 329 at 0.050000 m/pix[0m
[0m[INFO] [1779445711.254761492]: Resizing costmap to 323 X 330 at 0.050000 m/pix[0m
[0m[INFO] [1779445711.256979618]: Resizing static layer to 323 X 330 at 0.050000 m/pix[0m
[0m[INFO] [1779445713.966433182]: Resizing costmap to 480 X 539 at 0.050000 m/pix[0m
[0m[INFO] [1779445713.971302265]: Resizing static layer to 480 X 539 at 0.050000 m/pix[0m
[0m[INFO] [1779445726.411941807]: delta_orient: -0.804159, ??????????????????.[0m
[0m[INFO] [1779445726.512340484]: delta_orient: -0.804159, ??????????????????.[0m
[0m[INFO] [1779445726.594607409]: delta_orient: -0.817124, ??????????????????.[0m
[0m[INFO] [1779445726.691478668]: delta_orient: -0.813943, ??????????????????.[0m
[0m[INFO] [1779445726.791929554]: delta_orient: -0.812592, ??????????????????.[0m
[0m[INFO] [1779445726.889445105]: delta_orient: -0.812766, ??????????????????.[0m
[0m[INFO] [1779445726.993855366]: delta_orient: -0.820563, ??????????????????.[0m
[0m[INFO] [1779445727.092037667]: delta_orient: -0.820563, ??????????????????.[0m
[0m[INFO] [1779445727.191223594]: delta_orient: -0.806776, ??????????????????.[0m
[0m[INFO] [1779445727.278912311]: delta_orient: -0.815667, ??????????????????.[0m
[0m[INFO] [1779445727.378102904]: delta_orient: -0.818994, ??????????????????.[0m
[0m[INFO] [1779445727.497526999]: delta_orient: -0.813967, ??????????????????.[0m
[0m[INFO] [1779445727.590003425]: delta_orient: -0.822147, ??????????????????.[0m
[0m[INFO] [1779445727.678449018]: delta_orient: -0.822147, ??????????????????.[0m
[0m[INFO] [1779445727.784321403]: delta_orient: -0.818189, ??????????????????.[0m
[0m[INFO] [1779445727.883072747]: delta_orient: -0.823032, ??????????????????.[0m
[0m[INFO] [1779445727.987234215]: delta_orient: -0.823339, ??????????????????.[0m
[0m[INFO] [1779445728.078737058]: delta_orient: -0.800242, ??????????????????.[0m
[0m[INFO] [1779445728.189964736]: delta_orient: -0.718816, ??????????????????.[0m
[0m[INFO] [1779445728.288261079]: delta_orient: -0.649078, ??????????????????.[0m
[0m[INFO] [1779445728.390146089]: delta_orient: -0.571169, ??????????????????.[0m
[0m[INFO] [1779445728.488102349]: delta_orient: -0.545338, ??????????????????.[0m
[0m[INFO] [1779445728.593499610]: delta_orient: -0.536431, ??????????????????.[0m
[0m[INFO] [1779445728.689767119]: delta_orient: -0.521013, ??????????????????.[0m
[0m[INFO] [1779445728.787875629]: delta_orient: -0.506782, ??????????????????.[0m
[0m[INFO] [1779445728.887857222]: delta_orient: -0.496812, ??????????????????.[0m
[0m[INFO] [1779445728.987953441]: delta_orient: -0.502774, ??????????????????.[0m
[0m[INFO] [1779445729.087914326]: delta_orient: -0.512536, ??????????????????.[0m
[0m[INFO] [1779445729.200683754]: delta_orient: -0.511982, ??????????????????.[0m
[0m[INFO] [1779445729.279247095]: delta_orient: -0.509843, ??????????????????.[0m
[0m[INFO] [1779445729.377414813]: delta_orient: -0.489619, ??????????????????.[0m
[0m[INFO] [1779445729.481166490]: delta_orient: -0.464539, ??????????????????.[0m
[0m[INFO] [1779445729.578089375]: delta_orient: -0.455916, ??????????????????.[0m
[0m[INFO] [1779445729.688729636]: delta_orient: -0.437157, ??????????????????.[0m
[0m[INFO] [1779445729.791449105]: delta_orient: -0.429028, ??????????????????.[0m
[0m[INFO] [1779445729.881906614]: delta_orient: -0.435918, ??????????????????.[0m
[0m[INFO] [1779445729.982485249]: delta_orient: -0.419689, ??????????????????.[0m
[0m[INFO] [1779445730.079809467]: delta_orient: -0.419689, ??????????????????.[0m
[0m[INFO] [1779445730.181496727]: delta_orient: -0.375882, ??????????????????.[0m
[0m[INFO] [1779445730.307497907]: delta_orient: -0.368226, ??????????????????.[0m
[0m[INFO] [1779445730.378958872]: delta_orient: -0.357100, ??????????????????.[0m
[0m[INFO] [1779445730.478075674]: delta_orient: -0.325172, ??????????????????.[0m
[0m[INFO] [1779445730.577571059]: delta_orient: -0.310706, ??????????????????.[0m
[0m[INFO] [1779445730.682203278]: delta_orient: -0.304451, ??????????????????.[0m
[0m[INFO] [1779445730.779328579]: delta_orient: -0.273683, ??????????????????.[0m
[0m[INFO] [1779445730.880317589]: delta_orient: -0.254090, ??????????????????.[0m
[0m[INFO] [1779445731.009397311]: delta_orient: -0.254801, ??????????????????.[0m
[0m[INFO] [1779445731.085699360]: delta_orient: -0.254801, ??????????????????.[0m
[0m[INFO] [1779445731.182458620]: delta_orient: -0.238675, ??????????????????.[0m
[0m[INFO] [1779445731.278524296]: delta_orient: -0.264554, ??????????????????.[0m
[0m[INFO] [1779445731.378698681]: delta_orient: -0.266976, ??????????????????.[0m
[0m[INFO] [1779445731.485750859]: delta_orient: -0.265446, ??????????????????.[0m
[0m[INFO] [1779445731.594939494]: delta_orient: -0.278370, ??????????????????.[0m
[0m[INFO] [1779445731.690670046]: delta_orient: -0.270767, ??????????????????.[0m
[0m[INFO] [1779445731.790488889]: delta_orient: -0.271637, ??????????????????.[0m
[0m[INFO] [1779445731.888179149]: delta_orient: -0.276784, ??????????????????.[0m
[0m[INFO] [1779445731.991576451]: delta_orient: -0.271164, ??????????????????.[0m
[0m[INFO] [1779445732.083119252]: delta_orient: -0.282539, ??????????????????.[0m
[0m[INFO] [1779445732.179297512]: delta_orient: -0.300924, ??????????????????.[0m
[0m[INFO] [1779445732.277368105]: delta_orient: -0.303657, ??????????????????.[0m
[0m[INFO] [1779445732.388414366]: delta_orient: -0.296675, ??????????????????.[0m
[0m[INFO] [1779445732.486209626]: delta_orient: -0.308478, ??????????????????.[0m
[0m[INFO] [1779445732.586756469]: delta_orient: -0.305528, ??????????????????.[0m
[0m[INFO] [1779445732.694312938]: delta_orient: -0.304689, ??????????????????.[0m
[0m[INFO] [1779445732.783891656]: delta_orient: -0.299479, ??????????????????.[0m
[0m[INFO] [1779445732.877786748]: delta_orient: -0.298443, ??????????????????.[0m
[0m[INFO] [1779445732.986545176]: delta_orient: -0.303936, ??????????????????.[0m
[0m[INFO] [1779445733.101311063]: delta_orient: -0.297211, ??????????????????.[0m
[0m[INFO] [1779445733.188911113]: delta_orient: -0.303462, ??????????????????.[0m
[0m[INFO] [1779445733.278784997]: delta_orient: -0.309959, ??????????????????.[0m
[0m[INFO] [1779445733.377654174]: delta_orient: -0.307057, ??????????????????.[0m
[0m[INFO] [1779445733.487003810]: delta_orient: -0.312926, ??????????????????.[0m
[0m[INFO] [1779445733.587905028]: delta_orient: -0.313769, ??????????????????.[0m
[0m[INFO] [1779445733.689244038]: delta_orient: -0.317730, ??????????????????.[0m
[0m[INFO] [1779445733.777616130]: delta_orient: -0.320347, ??????????????????.[0m
[0m[INFO] [1779445733.881873558]: delta_orient: -0.317458, ??????????????????.[0m
[0m[INFO] [1779445733.987983360]: delta_orient: -0.313858, ??????????????????.[0m
[0m[INFO] [1779445734.089281828]: delta_orient: -0.314651, ??????????????????.[0m
[0m[INFO] [1779445734.181444421]: delta_orient: -0.316719, ??????????????????.[0m
[0m[INFO] [1779445734.284314390]: delta_orient: -0.308550, ??????????????????.[0m
[0m[INFO] [1779445734.382335691]: delta_orient: -0.349539, ??????????????????.[0m
[0m[INFO] [1779445734.480670826]: delta_orient: -0.373165, ??????????????????.[0m
[0m[INFO] [1779445734.579242211]: delta_orient: -0.384908, ??????????????????.[0m
[0m[INFO] [1779445734.677977513]: delta_orient: -0.459159, ??????????????????.[0m
[0m[INFO] [1779445734.793405774]: delta_orient: -0.517114, ??????????????????.[0m
[0m[INFO] [1779445734.892381701]: delta_orient: -0.532393, ??????????????????.[0m
[0m[INFO] [1779445734.982175668]: delta_orient: -0.415842, ??????????????????.[0m
[0m[INFO] [1779445735.078764011]: delta_orient: -0.331933, ??????????????????.[0m
[0m[INFO] [1779445735.193158898]: delta_orient: -0.226386, ??????????????????.[0m
[0m[INFO] [1779445735.288370574]: delta_orient: -0.226386, ??????????????????.[0m
[0m[INFO] [1779445735.388688167]: delta_orient: -0.219803, ??????????????????.[0m
[0m[INFO] [1779445735.501511554]: delta_orient: -0.205589, ??????????????????.[0m
[0m[INFO] [1779445735.980982727]: delta_orient: -0.218104, ??????????????????.[0m
[0m[INFO] [1779445736.084546571]: delta_orient: -0.241880, ??????????????????.[0m
[0m[INFO] [1779445736.181709789]: delta_orient: -0.316427, ??????????????????.[0m
[0m[INFO] [1779445736.286969966]: delta_orient: -0.370076, ??????????????????.[0m
[0m[INFO] [1779445736.382010434]: delta_orient: -0.521675, ??????????????????.[0m
[0m[INFO] [1779445736.484158527]: delta_orient: -0.586684, ??????????????????.[0m
[0m[INFO] [1779445736.590158080]: delta_orient: -0.608380, ??????????????????.[0m
[0m[INFO] [1779445736.692072840]: delta_orient: -0.718633, ??????????????????.[0m
[0m[INFO] [1779445736.788008433]: delta_orient: -0.753105, ??????????????????.[0m
[0m[INFO] [1779445736.886918443]: delta_orient: -0.799326, ??????????????????.[0m
[0m[INFO] [1779445737.001039454]: delta_orient: -0.811871, ??????????????????.[0m
[0m[INFO] [1779445737.086856546]: delta_orient: -0.796743, ??????????????????.[0m
[0m[INFO] [1779445737.189109932]: delta_orient: -0.807719, ??????????????????.[0m
[0m[INFO] [1779445737.287495816]: delta_orient: -0.813171, ??????????????????.[0m
[0m[INFO] [1779445737.393232577]: delta_orient: -0.767070, ??????????????????.[0m
[0m[INFO] [1779445737.486600336]: delta_orient: -0.697764, ??????????????????.[0m
[0m[INFO] [1779445737.579381846]: delta_orient: -0.673746, ??????????????????.[0m
[0m[INFO] [1779445737.679106772]: delta_orient: -0.577550, ??????????????????.[0m
[0m[INFO] [1779445737.782807700]: delta_orient: -0.548936, ??????????????????.[0m
[0m[INFO] [1779445737.888925960]: delta_orient: -0.574426, ??????????????????.[0m
[0m[INFO] [1779445737.982225470]: delta_orient: -0.579408, ??????????????????.[0m
[0m[INFO] [1779445738.086906980]: delta_orient: -0.606207, ??????????????????.[0m
[0m[INFO] [1779445738.177988364]: delta_orient: -0.623268, ??????????????????.[0m
[0m[INFO] [1779445738.279733083]: delta_orient: -0.627000, ??????????????????.[0m
[0m[INFO] [1779445738.377600384]: delta_orient: -0.732785, ??????????????????.[0m
[0m[INFO] [1779445738.482236103]: delta_orient: -0.732785, ??????????????????.[0m
[0m[INFO] [1779445738.579147613]: delta_orient: -0.854716, ??????????????????.[0m
[0m[INFO] [1779445738.679900956]: delta_orient: -0.972930, ??????????????????.[0m
[0m[INFO] [1779445738.791487676]: delta_orient: -1.001650, ??????????????????.[0m
[0m[INFO] [1779445738.898315562]: delta_orient: -1.044597, ??????????????????.[0m
[0m[INFO] [1779445738.995894988]: delta_orient: -1.143681, ??????????????????.[0m
[0m[INFO] [1779445739.079156788]: delta_orient: -1.406312, ??????????????????.[0m
[0m[INFO] [1779445739.184319549]: delta_orient: -1.412619, ??????????????????.[0m
[0m[INFO] [1779445739.280329808]: delta_orient: -1.564529, ??????????????????.[0m
[0m[INFO] [1779445739.379283568]: delta_orient: -1.668155, ??????????????????.[0m
[0m[INFO] [1779445739.479317078]: delta_orient: -1.767887, ??????????????????.[0m
[0m[INFO] [1779445739.578883630]: delta_orient: -1.804875, ??????????????????.[0m
[0m[INFO] [1779445739.681047474]: delta_orient: -1.900674, ??????????????????.[0m
[0m[INFO] [1779445739.778897275]: delta_orient: -1.944477, ??????????????????.[0m
[0m[INFO] [1779445739.879317535]: delta_orient: -1.937983, ??????????????????.[0m
[0m[INFO] [1779445740.013005299]: delta_orient: -1.946561, ??????????????????.[0m
[0m[INFO] [1779445740.092259890]: delta_orient: -1.976529, ??????????????????.[0m
[0m[INFO] [1779445740.194014234]: delta_orient: -1.998898, ??????????????????.[0m
[0m[INFO] [1779445740.290739660]: delta_orient: -1.998117, ??????????????????.[0m
[0m[INFO] [1779445740.397548296]: delta_orient: -1.998117, ??????????????????.[0m
[0m[INFO] [1779445740.493044930]: delta_orient: -2.032527, ??????????????????.[0m
[0m[INFO] [1779445740.600394024]: delta_orient: -2.038936, ??????????????????.[0m
[0m[INFO] [1779445740.693979367]: delta_orient: -2.023724, ??????????????????.[0m
[0m[INFO] [1779445740.793810752]: delta_orient: -2.027636, ??????????????????.[0m
[0m[INFO] [1779445740.908541347]: delta_orient: -2.010246, ??????????????????.[0m
[0m[INFO] [1779445740.992928980]: delta_orient: -2.036888, ??????????????????.[0m
[0m[INFO] [1779445741.091906365]: delta_orient: -2.072143, ??????????????????.[0m
[0m[INFO] [1779445741.179051124]: delta_orient: -2.123348, ??????????????????.[0m
[0m[INFO] [1779445741.278958051]: delta_orient: -2.104812, ??????????????????.[0m
[0m[INFO] [1779445741.379889894]: delta_orient: -2.113868, ??????????????????.[0m
[0m[INFO] [1779445741.479977654]: delta_orient: -2.173289, ??????????????????.[0m
[0m[INFO] [1779445741.580894915]: delta_orient: -2.175787, ??????????????????.[0m
[0m[INFO] [1779445741.679279341]: delta_orient: -2.175486, ??????????????????.[0m
[0m[INFO] [1779445741.779156226]: delta_orient: -2.175044, ??????????????????.[0m
[0m[INFO] [1779445741.884868487]: delta_orient: -2.157949, ??????????????????.[0m
[0m[INFO] [1779445741.990556831]: delta_orient: -2.154965, ??????????????????.[0m
[0m[INFO] [1779445742.100221758]: delta_orient: -2.137318, ??????????????????.[0m
[0m[INFO] [1779445742.184659267]: delta_orient: -2.123390, ??????????????????.[0m
[0m[INFO] [1779445742.283922777]: delta_orient: -2.120261, ??????????????????.[0m
[0m[INFO] [1779445742.385514370]: delta_orient: -2.115671, ??????????????????.[0m
[0m[INFO] [1779445742.480284172]: delta_orient: -2.108196, ??????????????????.[0m
[0m[INFO] [1779445742.580418307]: delta_orient: -2.097780, ??????????????????.[0m
[0m[INFO] [1779445742.679103150]: delta_orient: -2.088671, ??????????????????.[0m
[0m[INFO] [1779445742.779281618]: delta_orient: -2.095100, ??????????????????.[0m
[0m[INFO] [1779445742.888488046]: delta_orient: -2.092376, ??????????????????.[0m
[0m[INFO] [1779445742.991236973]: delta_orient: -2.092376, ??????????????????.[0m
[0m[INFO] [1779445743.097008150]: delta_orient: -2.087358, ??????????????????.[0m
[0m[INFO] [1779445743.178735492]: delta_orient: -2.096617, ??????????????????.[0m
[0m[INFO] [1779445743.278731377]: delta_orient: -2.096418, ??????????????????.[0m
[0m[INFO] [1779445743.387388596]: delta_orient: -2.096833, ??????????????????.[0m
[0m[INFO] [1779445743.489848190]: delta_orient: -2.092555, ??????????????????.[0m
[0m[INFO] [1779445743.591971492]: delta_orient: -2.064730, ??????????????????.[0m
[0m[INFO] [1779445743.689981126]: delta_orient: -2.064730, ??????????????????.[0m
[0m[INFO] [1779445743.791188887]: delta_orient: -2.070426, ??????????????????.[0m
[0m[INFO] [1779445743.894186314]: delta_orient: -2.067584, ??????????????????.[0m
[0m[INFO] [1779445743.990035573]: delta_orient: -2.046678, ??????????????????.[0m
[0m[INFO] [1779445744.092043958]: delta_orient: -2.032098, ??????????????????.[0m
[0m[INFO] [1779445744.190298302]: delta_orient: -1.979848, ??????????????????.[0m
[0m[INFO] [1779445744.289385937]: delta_orient: -1.955296, ??????????????????.[0m
[0m[INFO] [1779445744.387727780]: delta_orient: -1.881067, ??????????????????.[0m
[0m[INFO] [1779445744.491205582]: delta_orient: -1.852808, ??????????????????.[0m
[0m[INFO] [1779445744.596882843]: delta_orient: -1.826856, ??????????????????.[0m
[0m[INFO] [1779445744.689397477]: delta_orient: -1.720530, ??????????????????.[0m
[0m[INFO] [1779445744.791869612]: delta_orient: -1.700472, ??????????????????.[0m
[0m[INFO] [1779445744.889385747]: delta_orient: -1.685450, ??????????????????.[0m
[0m[INFO] [1779445744.990195090]: delta_orient: -1.644658, ??????????????????.[0m
[0m[INFO] [1779445745.095209101]: delta_orient: -1.586907, ??????????????????.[0m
[0m[INFO] [1779445745.194259694]: delta_orient: -1.474403, ??????????????????.[0m
[0m[INFO] [1779445745.293576288]: delta_orient: -1.428289, ??????????????????.[0m
[0m[INFO] [1779445745.378673546]: delta_orient: -1.408866, ??????????????????.[0m
[0m[INFO] [1779445745.478817015]: delta_orient: -1.399183, ??????????????????.[0m
[0m[INFO] [1779445745.609305778]: delta_orient: -1.392396, ??????????????????.[0m
[0m[INFO] [1779445745.687552660]: delta_orient: -1.353641, ??????????????????.[0m
[0m[INFO] [1779445745.787600754]: delta_orient: -1.344082, ??????????????????.[0m
[0m[INFO] [1779445745.896344140]: delta_orient: -1.305187, ??????????????????.[0m
[0m[INFO] [1779445745.995747816]: delta_orient: -1.305187, ??????????????????.[0m
[0m[INFO] [1779445746.082133075]: delta_orient: -1.305187, ??????????????????.[0m
[0m[INFO] [1779445746.190687044]: delta_orient: -1.179184, ??????????????????.[0m
[0m[INFO] [1779445746.288157971]: delta_orient: -1.158694, ??????????????????.[0m
[0m[INFO] [1779445746.390122023]: delta_orient: -1.135990, ??????????????????.[0m
[0m[INFO] [1779445746.488057574]: delta_orient: -1.072398, ??????????????????.[0m
[0m[INFO] [1779445746.592991376]: delta_orient: -1.053079, ??????????????????.[0m
[0m[INFO] [1779445746.689782428]: delta_orient: -1.038678, ??????????????????.[0m
[0m[INFO] [1779445746.794858272]: delta_orient: -1.021895, ??????????????????.[0m
[0m[INFO] [1779445746.886974489]: delta_orient: -0.949909, ??????????????????.[0m
[0m[INFO] [1779445746.990519958]: delta_orient: -0.922822, ??????????????????.[0m
[0m[INFO] [1779445747.077886384]: delta_orient: -0.874447, ??????????????????.[0m
[0m[INFO] [1779445747.187280353]: delta_orient: -0.801586, ??????????????????.[0m
[0m[INFO] [1779445747.286125613]: delta_orient: -0.792032, ??????????????????.[0m
[0m[INFO] [1779445747.383308664]: delta_orient: -0.768175, ??????????????????.[0m
[0m[INFO] [1779445747.489215467]: delta_orient: -0.768175, ??????????????????.[0m
[0m[INFO] [1779445747.588190810]: delta_orient: -0.676889, ??????????????????.[0m
[0m[INFO] [1779445747.686085236]: delta_orient: -0.664394, ??????????????????.[0m
[0m[INFO] [1779445747.799073998]: delta_orient: -0.642706, ??????????????????.[0m
[0m[INFO] [1779445747.881003464]: delta_orient: -0.579029, ??????????????????.[0m
[0m[INFO] [1779445747.978066057]: delta_orient: -0.540444, ??????????????????.[0m
[0m[INFO] [1779445748.100474195]: delta_orient: -0.539799, ??????????????????.[0m
[0m[INFO] [1779445748.188063453]: delta_orient: -0.505149, ??????????????????.[0m
[0m[INFO] [1779445748.294995172]: delta_orient: -0.517297, ??????????????????.[0m
[0m[INFO] [1779445748.385754557]: delta_orient: -0.525400, ??????????????????.[0m
[0m[INFO] [1779445748.488551900]: delta_orient: -0.525940, ??????????????????.[0m
[0m[INFO] [1779445748.581775868]: delta_orient: -0.531774, ??????????????????.[0m
[0m[INFO] [1779445748.680683253]: delta_orient: -0.538769, ??????????????????.[0m
[0m[INFO] [1779445748.779031804]: delta_orient: -0.543082, ??????????????????.[0m
[0m[INFO] [1779445748.881851606]: delta_orient: -0.547334, ??????????????????.[0m
[0m[INFO] [1779445748.980565616]: delta_orient: -0.546804, ??????????????????.[0m
[0m[INFO] [1779445749.079384335]: delta_orient: -0.560147, ??????????????????.[0m
[0m[INFO] [1779445749.179097011]: delta_orient: -0.560147, ??????????????????.[0m
[0m[INFO] [1779445749.277935855]: delta_orient: -0.566687, ??????????????????.[0m
[0m[INFO] [1779445749.378624156]: delta_orient: -0.577378, ??????????????????.[0m
[0m[INFO] [1779445749.492522334]: delta_orient: -0.591240, ??????????????????.[0m
[0m[INFO] [1779445749.585544760]: delta_orient: -0.621932, ??????????????????.[0m
[0m[INFO] [1779445749.678492228]: delta_orient: -0.875575, ??????????????????.[0m
[0m[INFO] [1779445749.778378738]: delta_orient: -1.080707, ??????????????????.[0m
[0m[INFO] [1779445749.879237957]: delta_orient: -1.360216, ??????????????????.[0m
[0m[INFO] [1779445749.986926259]: delta_orient: -1.454993, ??????????????????.[0m
[0m[INFO] [1779445750.085073269]: delta_orient: -1.622476, ??????????????????.[0m
[0m[INFO] [1779445750.190895780]: delta_orient: -1.661059, ??????????????????.[0m
[0m[INFO] [1779445750.281344539]: delta_orient: -1.707721, ??????????????????.[0m
[0m[INFO] [1779445750.379137465]: delta_orient: -1.743428, ??????????????????.[0m
[0m[INFO] [1779445750.491829602]: delta_orient: -1.803344, ??????????????????.[0m
[0m[INFO] [1779445750.585349903]: delta_orient: -1.807988, ??????????????????.[0m
[0m[INFO] [1779445750.692028163]: delta_orient: -1.798859, ??????????????????.[0m
[0m[INFO] [1779445750.783794964]: delta_orient: -1.780098, ??????????????????.[0m
[0m[INFO] [1779445750.906843018]: delta_orient: -1.783823, ??????????????????.[0m
[0m[INFO] [1779445750.989702027]: delta_orient: -1.783823, ??????????????????.[0m
[0m[INFO] [1779445751.080846702]: delta_orient: -1.768806, ??????????????????.[0m
[0m[INFO] [1779445751.192056589]: delta_orient: -1.761239, ??????????????????.[0m
[0m[INFO] [1779445751.289418432]: delta_orient: -1.762863, ??????????????????.[0m
[0m[INFO] [1779445751.390539275]: delta_orient: -1.762401, ??????????????????.[0m
[0m[INFO] [1779445751.490721827]: delta_orient: -1.749452, ??????????????????.[0m
[0m[INFO] [1779445751.590502754]: delta_orient: -1.780605, ??????????????????.[0m
[0m[INFO] [1779445751.682661846]: delta_orient: -1.784645, ??????????????????.[0m
[0m[INFO] [1779445751.787046148]: delta_orient: -1.784645, ??????????????????[33m[WARN] [1779445754.174810555]: makePlan is called.
[0m
.[0m
[0m[INFO] [1779445751.889862450]: delta_orient: -1.794162, ??????????????????.[0m
[0m[INFO] [1779445752.003428420]: delta_orient: -1.800303, ??????????????????.[0m
[0m[INFO] [1779445752.090196345]: delta_orient: -1.816796, ??????????????????.[0m
[0m[INFO] [1779445752.193779148]: delta_orient: -1.822237, ??????????????????.[0m
[0m[INFO] [1779445752.290827157]: delta_orient: -1.822843, ??????????????????.[0m
[0m[INFO] [1779445752.389845376]: delta_orient: -1.831899, ??????????????????.[0m
[0m[INFO] [1779445752.492156219]: delta_orient: -1.868226, ??????????????????.[0m
[0m[INFO] [1779445752.596548980]: delta_orient: -1.902619, ??????????????????.[0m
[0m[INFO] [1779445752.691103239]: delta_orient: -1.884653, ??????????????????.[0m
[0m[INFO] [1779445752.797296458]: delta_orient: -1.875643, ??????????????????.[0m
[0m[INFO] [1779445752.890315093]: delta_orient: -1.906082, ??????????????????.[0m
[0m[INFO] [1779445753.002321812]: delta_orient: -1.912068, ??????????????????.[0m
[0m[INFO] [1779445753.092929821]: delta_orient: -1.918366, ??????????????????.[0m
[0m[INFO] [1779445753.191954748]: delta_orient: -1.885010, ??????????????????.[0m
[0m[INFO] [1779445753.293579300]: delta_orient: -1.890321, ??????????????????.[0m
[0m[INFO] [1779445753.389236351]: delta_orient: -1.923924, ??????????????????.[0m
[0m[INFO] [1779445753.493257236]: delta_orient: -1.897438, ??????????????????.[0m
[0m[INFO] [1779445753.592439371]: delta_orient: -1.897438, ??????????????????.[0m
[0m[INFO] [1779445753.684928047]: delta_orient: -1.908538, ??????????????????.[0m
[0m[INFO] [1779445753.785027182]: delta_orient: -1.921555, ??????????????????.[0m
[0m[INFO] [1779445753.884305567]: delta_orient: -1.929663, ??????????????????.[0m
[0m[INFO] [1779445753.979736285]: delta_orient: -1.936743, ??????????????????.[0m
[0m[INFO] [1779445754.078659129]: delta_orient: -1.929971, ??????????????????.[0m
[0m[INFO] [1779445754.326646987]: delta_orient: -0.226642, ??????????????????.[0m
[0m[INFO] [1779445754.384098618]: delta_orient: -0.221813, ??????????????????.[0m
[0m[INFO] [1779445754.488050670]: delta_orient: -0.207036, ??????????????????.[0m
[0m[INFO] [1779445754.591242347]: delta_orient: -0.209987, ??????????????????.[0m
[0m[INFO] [1779445755.982035153]: delta_orient: -0.241196, ??????????????????.[0m
[0m[INFO] [1779445756.080900830]: delta_orient: -0.317759, ??????????????????.[0m
[0m[INFO] [1779445756.181777548]: delta_orient: -0.318848, ??????????????????.[0m
[0m[INFO] [1779445756.284335142]: delta_orient: -0.307532, ??????????????????.[0m
[0m[INFO] [1779445756.788055776]: delta_orient: -0.251226, ??????????????????.[0m
[0m[INFO] [1779445756.898378704]: delta_orient: -0.288574, ??????????????????.[0m
[0m[INFO] [1779445756.986711421]: delta_orient: -0.307011, ??????????????????.[0m
[0m[INFO] [1779445757.080309597]: delta_orient: -0.298126, ??????????????????.[0m
[0m[INFO] [1779445757.193820733]: delta_orient: -0.322955, ??????????????????.[0m
[0m[INFO] [1779445757.280700659]: delta_orient: -0.329018, ??????????????????.[0m
[0m[INFO] [1779445757.378969294]: delta_orient: -0.329018, ??????????????????.[0m
[0m[INFO] [1779445757.493605972]: delta_orient: -0.355591, ??????????????????.[0m
[0m[INFO] [1779445757.591814815]: delta_orient: -0.402352, ??????????????????.[0m
[0m[INFO] [1779445757.696660825]: delta_orient: -0.511104, ??????????????????.[0m
[0m[INFO] [1779445757.801783336]: delta_orient: -0.580894, ??????????????????.[0m
[0m[INFO] [1779445757.893500845]: delta_orient: -0.683148, ??????????????????.[0m
[0m[INFO] [1779445757.983763521]: delta_orient: -0.708737, ??????????????????.[0m
[0m[INFO] [1779445758.078854156]: delta_orient: -0.715277, ??????????????????.[0m
[0m[INFO] [1779445758.187125791]: delta_orient: -0.708980, ??????????????????.[0m
[0m[INFO] [1779445758.289841468]: delta_orient: -0.769111, ??????????????????.[0m
[0m[INFO] [1779445758.390141562]: delta_orient: -0.837346, ??????????????????.[0m
[0m[INFO] [1779445758.483015529]: delta_orient: -0.922372, ??????????????????.[0m
[0m[INFO] [1779445758.586464748]: delta_orient: -0.931821, ??????????????????.[0m
[0m[INFO] [1779445758.698336426]: delta_orient: -0.944419, ??????????????????.[0m
[0m[INFO] [1779445758.780619101]: delta_orient: -1.062423, ??????????????????.[0m
[0m[INFO] [1779445758.896371696]: delta_orient: -1.125398, ??????????????????.[0m
[0m[INFO] [1779445759.004795582]: delta_orient: -1.125471, ??????????????????.[0m
[0m[INFO] [1779445759.095307049]: delta_orient: -1.177883, ??????????????????.[0m
[0m[INFO] [1779445759.198633476]: delta_orient: -1.236330, ??????????????????.[0m
[0m[INFO] [1779445759.281345193]: delta_orient: -1.264150, ??????????????????.[0m
[0m[INFO] [1779445759.395467371]: delta_orient: -1.347889, ??????????????????.[0m
[0m[INFO] [1779445759.499912340]: delta_orient: -1.390389, ??????????????????.[0m
[0m[INFO] [1779445759.594064974]: delta_orient: -1.416509, ??????????????????.[0m
[0m[INFO] [1779445759.684754359]: delta_orient: -1.454921, ??????????????????.[0m
[0m[INFO] [1779445759.782857910]: delta_orient: -1.496350, ??????????????????.[0m
[0m[INFO] [1779445759.890696129]: delta_orient: -1.530711, ??????????????????.[0m
[0m[INFO] [1779445760.002769349]: delta_orient: -1.589728, ??????????????????.[0m
[0m[INFO] [1779445760.101233109]: delta_orient: -1.620582, ??????????????????.[0m
[0m[INFO] [1779445760.179783908]: delta_orient: -1.620582, ??????????????????.[0m
[0m[INFO] [1779445760.280447127]: delta_orient: -1.699503, ??????????????????.[0m
[0m[INFO] [1779445760.394908222]: delta_orient: -1.728373, ??????????????????.[0m
[0m[INFO] [1779445760.496343190]: delta_orient: -1.764461, ??????????????????.[0m
[0m[INFO] [1779445760.603409076]: delta_orient: -1.783713, ??????????????????.[0m
[0m[INFO] [1779445760.696642960]: delta_orient: -1.789421, ??????????????????.[0m
[0m[INFO] [1779445760.794147428]: delta_orient: -1.802781, ??????????????????.[0m
[0m[INFO] [1779445760.895200897]: delta_orient: -1.812631, ??????????????????.[0m
[0m[INFO] [1779445760.996228990]: delta_orient: -1.824065, ??????????????????.[0m
[0m[INFO] [1779445761.096213792]: delta_orient: -1.834362, ??????????????????.[0m
[0m[INFO] [1779445761.187511301]: delta_orient: -1.842606, ??????????????????.[0m
[0m[INFO] [1779445761.297404604]: delta_orient: -1.844501, ??????????????????.[0m
[0m[INFO] [1779445761.393982739]: delta_orient: -1.842327, ??????????????????.[0m
[0m[INFO] [1779445761.498134874]: delta_orient: -1.843553, ??????????????????.[0m
[0m[INFO] [1779445761.600231051]: delta_orient: -1.860077, ??????????????????.[0m
[0m[INFO] [1779445761.696243644]: delta_orient: -1.886322, ??????????????????.[0m
[0m[INFO] [1779445761.816645114]: delta_orient: -1.882311, ??????????????????.[0m
[0m[INFO] [1779445761.887789622]: delta_orient: -1.884971, ??????????????????.[0m
[0m[INFO] [1779445761.986599590]: delta_orient: -1.881454, ??????????????????.[0m
[0m[INFO] [1779445762.084635183]: delta_orient: -1.880506, ??????????????????.[0m
[0m[INFO] [1779445762.186878943]: delta_orient: -1.864130, ??????????????????.[0m
[0m[INFO] [1779445762.278776411]: delta_orient: -1.840936, ??????????????????.[0m
[0m[INFO] [1779445762.378664088]: delta_orient: -1.813190, ??????????????????.[0m
[0m[INFO] [1779445762.479044681]: delta_orient: -1.756738, ??????????????????.[0m
[0m[INFO] [1779445762.578608899]: delta_orient: -1.679126, ??????????????????.[0m
[0m[INFO] [1779445762.681511535]: delta_orient: -1.679126, ??????????????????.[0m
[0m[INFO] [1779445762.794016129]: delta_orient: -1.643676, ??????????????????.[0m
[0m[INFO] [1779445762.915808850]: delta_orient: -1.595517, ??????????????????.[0m
[0m[INFO] [1779445762.979062315]: delta_orient: -1.489707, ??????????????????.[0m
[0m[INFO] [1779445763.079464491]: delta_orient: -1.444511, ??????????????????.[0m
[0m[INFO] [1779445763.179158793]: delta_orient: -1.429044, ??????????????????.[0m
[0m[INFO] [1779445763.278789803]: delta_orient: -1.410615, ??????????????????.[0m
[0m[INFO] [1779445763.381320855]: delta_orient: -1.380829, ??????????????????.[0m
[0m[INFO] [1779445763.478937323]: delta_orient: -1.314353, ??????????????????.[0m
[0m[INFO] [1779445763.588882542]: delta_orient: -1.294552, ??????????????????.[0m
[0m[INFO] [1779445763.689724261]: delta_orient: -1.292035, ??????????????????.[0m
[0m[INFO] [1779445763.800952522]: delta_orient: -1.278000, ??????????????????.[0m
[0m[INFO] [1779445763.889340073]: delta_orient: -1.234746, ??????????????????.[0m
[0m[INFO] [1779445763.991757666]: delta_orient: -1.206895, ??????????????????.[0m
[0m[INFO] [1779445764.092644010]: delta_orient: -1.179604, ??????????????????.[0m
[0m[INFO] [1779445764.197624479]: delta_orient: -1.165332, ??????????????????.[0m
[0m[INFO] [1779445764.278751862]: delta_orient: -1.145753, ??????????????????.[0m
[0m[INFO] [1779445764.389356248]: delta_orient: -1.110117, ??????????????????.[0m
[0m[INFO] [1779445764.486898049]: delta_orient: -1.108869, ??????????????????.[0m
[0m[INFO] [1779445764.585645893]: delta_orient: -1.084396, ??????????????????.[0m
[0m[INFO] [1779445764.690893237]: delta_orient: -1.087325, ??????????????????.[0m
[0m[INFO] [1779445764.798373872]: delta_orient: -1.071488, ??????????????????.[0m
[0m[INFO] [1779445764.879041297]: delta_orient: -1.065061, ??????????????????.[0m
[0m[INFO] [1779445764.979255932]: delta_orient: -1.055063, ??????????????????.[0m
[0m[INFO] [1779445765.079650526]: delta_orient: -1.055063, ??????????????????.[0m
[0m[INFO] [1779445765.186404620]: delta_orient: -1.031184, ??????????????????.[0m
[0m[INFO] [1779445765.288865963]: delta_orient: -1.017309, ??????????????????.[0m
[0m[INFO] [1779445765.389283307]: delta_orient: -0.981538, ??????????????????.[0m
[0m[INFO] [1779445765.491782859]: delta_orient: -0.981538, ??????????????????.[0m
[0m[INFO] [1779445765.592163744]: delta_orient: -0.957506, ??????????????????.[0m
[0m[INFO] [1779445765.697626046]: delta_orient: -0.948211, ??????????????????.[0m
[0m[INFO] [1779445765.792168931]: delta_orient: -0.948211, ??????????????????.[0m
[0m[INFO] [1779445765.897152899]: delta_orient: -0.934943, ??????????????????.[0m
[0m[INFO] [1779445765.992252867]: delta_orient: -0.911988, ??????????????????.[0m
[0m[INFO] [1779445766.091085586]: delta_orient: -0.891838, ??????????????????.[0m
[0m[INFO] [1779445766.193844721]: delta_orient: -0.860838, ??????????????????.[0m
[0m[INFO] [1779445766.291942147]: delta_orient: -0.850577, ??????????????????.[0m
[0m[INFO] [1779445766.400747533]: delta_orient: -0.824098, ??????????????????.[0m
[0m[INFO] [1779445766.478752333]: delta_orient: -0.786208, ??????????????????.[0m
[0m[INFO] [1779445766.577860384]: delta_orient: -0.754059, ??????????????????.[0m
[0m[INFO] [1779445766.691825646]: delta_orient: -0.754059, ??????????????????.[0m
[0m[INFO] [1779445766.789281406]: delta_orient: -0.688161, ??????????????????.[0m
[0m[INFO] [1779445766.889785957]: delta_orient: -0.665266, ??????????????????.[0m
[0m[INFO] [1779445766.989787384]: delta_orient: -0.659907, ??????????????????.[0m
[0m[INFO] [1779445767.080806643]: delta_orient: -0.643345, ??????????????????.[0m
[0m[INFO] [1779445767.178273195]: delta_orient: -0.603439, ??????????????????.[0m
[0m[INFO] [1779445767.278001038]: delta_orient: -0.584311, ??????????????????.[0m
[0m[INFO] [1779445767.381022674]: delta_orient: -0.549441, ??????????????????.[0m
[0m[INFO] [1779445767.478194058]: delta_orient: -0.537213, ??????????????????.[0m
[0m[INFO] [1779445767.580188735]: delta_orient: -0.515845, ??????????????????.[0m
[0m[INFO] [1779445767.677956870]: delta_orient: -0.476146, ??????????????????.[0m
[0m[INFO] [1779445767.797224924]: delta_orient: -0.468178, ??????????????????.[0m
[0m[INFO] [1779445767.886126974]: delta_orient: -0.437488, ??????????????????.[0m
[0m[INFO] [1779445767.988408651]: delta_orient: -0.434745, ??????????????????.[0m
[0m[INFO] [1779445768.091828412]: delta_orient: -0.434745, ??????????????????.[0m
[0m[INFO] [1779445768.191075297]: delta_orient: -0.412115, ??????????????????.[0m
[0m[INFO] [177944                                                                                                                                                                                                                                                                                                                                                                                                                                                                                   