... logging to /root/.ros/log/f682c51a-55c2-11f1-bab4-c285ead2937b/roslaunch-LPA3588-630231.log
Checking log directory for disk usage. This may take a while.
Press Ctrl-C to interrupt
Done checking log file disk usage. Usage is <1GB.
]2;/home/neardi/work/Grinder/catkin_ws/src/grinder_scheduler/launch/grinder_system.launch
[1mstarted roslaunch server http://LPA3588:34045/[0m

SUMMARY
========

PARAMETERS
 * /chassis_driver/baudrate: 19200
 * /chassis_driver/cmd_source_hold_sec: 0.2
 * /chassis_driver/cmd_vel_deadband_angular: 0.0
 * /chassis_driver/cmd_vel_deadband_linear: 0.0
 * /chassis_driver/cmd_vel_drive_left_sign: 1
 * /chassis_driver/cmd_vel_drive_right_sign: 1
 * /chassis_driver/cmd_vel_drive_swap_lr: False
 * /chassis_driver/cmd_vel_enabled: True
 * /chassis_driver/cmd_vel_filter_angular_accel: 0.2
 * /chassis_driver/cmd_vel_filter_angular_deadband: 0.02
 * /chassis_driver/cmd_vel_filter_enabled: True
 * /chassis_driver/cmd_vel_filter_linear_accel: 0.2
 * /chassis_driver/cmd_vel_filter_sign_confirm_count: 2
 * /chassis_driver/cmd_vel_gear_ratio: 60.0
 * /chassis_driver/cmd_vel_max_abs_wheel_rpm: 3000.0
 * /chassis_driver/cmd_vel_max_angular: 0.1
 * /chassis_driver/cmd_vel_max_input_v: 0.1
 * /chassis_driver/cmd_vel_max_input_w: 0.1
 * /chassis_driver/cmd_vel_max_linear: 0.1
 * /chassis_driver/cmd_vel_scale: 1.0
 * /chassis_driver/cmd_vel_topic: /cmd_vel
 * /chassis_driver/cmd_vel_wheel_radius_m: 0.15
 * /chassis_driver/cmd_vel_wheel_track_m: 0.79
 * /chassis_driver/command_timeout: 5
 * /chassis_driver/disc_speed_max: 32767
 * /chassis_driver/disc_speed_min: -32768
 * /chassis_driver/drive_left_sign: -1
 * /chassis_driver/drive_right_sign: -1
 * /chassis_driver/drive_swap_lr: False
 * /chassis_driver/enable_cmd_ramp_limit: False
 * /chassis_driver/enable_safe_stop_on_comm_error: False
 * /chassis_driver/left_speed_max: 32767
 * /chassis_driver/left_speed_min: -32768
 * /chassis_driver/manual_drive_max_wheel_speed: 600
 * /chassis_driver/manual_wheel_deadband_rpm: 30
 * /chassis_driver/manual_wheel_hyst_enter_rpm: 60
 * /chassis_driver/manual_wheel_hyst_exit_rpm: 30
 * /chassis_driver/max_cmd_step_rpm: 50
 * /chassis_driver/max_echo_deviation: 2000
 * /chassis_driver/max_echo_failures: 20
 * /chassis_driver/max_retries: 3
 * /chassis_driver/poll_rate_hz: 20.0
 * /chassis_driver/port: /dev/ttyS0
 * /chassis_driver/right_speed_max: 32767
 * /chassis_driver/right_speed_min: -32768
 * /chassis_driver/rs485_raw_log_enabled: False
 * /chassis_driver/rs485_raw_log_file: temp/chassis_rs48...
 * /chassis_driver/safe_stop_on_error_interval: 2.0
 * /chassis_driver/slave_id: 1
 * /chassis_driver/startup_zero_output: True
 * /chassis_driver/stop_on_timeout: True
 * /chassis_driver/task_enable_default: False
 * /chassis_driver/timeout: 0.1
 * /chassis_driver/write_verify: False
 * /grinder_scheduler/aurora_ip_address: 192.168.11.1
 * /grinder_scheduler/aurora_no_preview_image: False
 * /grinder_scheduler/aurora_raw_image_on: True
 * /grinder_scheduler/change_map_service: /change_map
 * /grinder_scheduler/default_path_spacing: 0.425
 * /grinder_scheduler/depth_image_colorized_topic: /slamware_ros_sdk...
 * /grinder_scheduler/first_frame_save_dir: temp
 * /grinder_scheduler/global_plan_publish_hz: 2
 * /grinder_scheduler/inflation_radius: 0.06
 * /grinder_scheduler/initial_map_preview_dir: temp
 * /grinder_scheduler/initial_map_preview_format: jpg
 * /grinder_scheduler/initial_map_preview_max_edge: 320
 * /grinder_scheduler/left_image_topic: /slamware_ros_sdk...
 * /grinder_scheduler/live_map_dir: temp/live_map
 * /grinder_scheduler/live_map_enabled: True
 * /grinder_scheduler/live_map_hz: 1.0
 * /grinder_scheduler/live_map_image_name: map1.pgm
 * /grinder_scheduler/live_map_yaml_name: map.yaml
 * /grinder_scheduler/live_preview_enabled: True
 * /grinder_scheduler/live_preview_file: temp/aurora_map_p...
 * /grinder_scheduler/live_preview_format: jpg
 * /grinder_scheduler/live_preview_hz: 1.0
 * /grinder_scheduler/live_preview_max_edge: 320
 * /grinder_scheduler/local_rtsp_enabled: True
 * /grinder_scheduler/local_rtsp_encoder: libx264
 * /grinder_scheduler/local_rtsp_fps: 15
 * /grinder_scheduler/local_rtsp_host: 0.0.0.0
 * /grinder_scheduler/local_rtsp_log_dir: temp
 * /grinder_scheduler/local_rtsp_mediamtx_path: /home/neardi/work...
 * /grinder_scheduler/local_rtsp_port: 8554
 * /grinder_scheduler/local_rtsp_public_host: auto
 * /grinder_scheduler/local_rtsp_start_server: True
 * /grinder_scheduler/local_rtsp_width: 640
 * /grinder_scheduler/manual_reverse_guard_sec: 1.0
 * /grinder_scheduler/map_topic: /map
 * /grinder_scheduler/navigation_map_yaml_path: /home/neardi/work...
 * /grinder_scheduler/odom_topic: /odom
 * /grinder_scheduler/overlap_ratio: 0
 * /grinder_scheduler/path_goal_reach_dist: 0.03
 * /grinder_scheduler/path_segment_timeout: 60.0
 * /grinder_scheduler/persist_state_dir: temp/grinder_sche...
 * /grinder_scheduler/persist_state_enabled: True
 * /grinder_scheduler/planned_path_preview_arrow_len_px: 12
 * /grinder_scheduler/planned_path_preview_arrow_step: 10
 * /grinder_scheduler/planned_path_preview_dir: temp
 * /grinder_scheduler/planned_path_preview_format: jpg
 * /grinder_scheduler/planned_path_preview_include_overlay: True
 * /grinder_scheduler/planned_path_preview_max_edge: 320
 * /grinder_scheduler/planned_path_preview_show_direction: True
 * /grinder_scheduler/planner_script_path: third_party/path_...
 * /grinder_scheduler/right_image_topic: /slamware_ros_sdk...
 * /grinder_scheduler/save_first_frame_on_startup: False
 * /grinder_scheduler/scheduler_tick_hz: 5
 * /grinder_scheduler/set_map_localization_topic: /slamware_ros_sdk...
 * /grinder_scheduler/set_map_update_topic: /slamware_ros_sdk...
 * /grinder_scheduler/sl_linka_host: 0.0.0.0
 * /grinder_scheduler/sl_linka_port: 8002
 * /grinder_scheduler/sl_linka_python_sdk_dir: third_party/sl_li...
 * /grinder_scheduler/start_aurora_driver: False
 * /grinder_scheduler/stcm_local_dir: maps/raw
 * /grinder_scheduler/stream_enabled: True
 * /grinder_scheduler/stream_fps: 8
 * /grinder_scheduler/stream_push_hz: 20
 * /grinder_scheduler/stream_url: rtmp://127.0.0.1:...
 * /grinder_scheduler/stream_width: 1280
 * /grinder_scheduler/sync_get_stcm_service: /slamware_ros_sdk...
 * /grinder_scheduler/sync_set_stcm_service: /slamware_ros_sdk...
 * /grinder_scheduler/turn_radius: 0.1
 * /grinder_scheduler/use_depth_colorized_image: False
 * /grinder_scheduler/vehicle_length: 1.531
 * /grinder_scheduler/vehicle_width: 0.8
 * /move_base/TebLocalPlannerROS/acc_lim_theta: 0.05
 * /move_base/TebLocalPlannerROS/acc_lim_x: 0.1
 * /move_base/TebLocalPlannerROS/allow_init_with_backwards_motion: False
 * /move_base/TebLocalPlannerROS/complete_global_plan: False
 * /move_base/TebLocalPlannerROS/costmap_converter/CostmapToLinesDBSRANSAC/cluster_max_distance: 0.2
 * /move_base/TebLocalPlannerROS/costmap_converter/CostmapToLinesDBSRANSAC/cluster_min_pts: 2
 * /move_base/TebLocalPlannerROS/costmap_converter/CostmapToLinesDBSRANSAC/convex_hull_min_pt_separation: 0.1
 * /move_base/TebLocalPlannerROS/costmap_converter/CostmapToLinesDBSRANSAC/ransac_convert_outlier_pts: True
 * /move_base/TebLocalPlannerROS/costmap_converter/CostmapToLinesDBSRANSAC/ransac_filter_remaining_outlier_pts: False
 * /move_base/TebLocalPlannerROS/costmap_converter/CostmapToLinesDBSRANSAC/ransac_inlier_distance: 0.15
 * /move_base/TebLocalPlannerROS/costmap_converter/CostmapToLinesDBSRANSAC/ransac_min_inliers: 10
 * /move_base/TebLocalPlannerROS/costmap_converter/CostmapToLinesDBSRANSAC/ransac_no_iterations: 1500
 * /move_base/TebLocalPlannerROS/costmap_converter/CostmapToLinesDBSRANSAC/ransac_remainig_outliers: 3
 * /move_base/TebLocalPlannerROS/costmap_converter_plugin: 
 * /move_base/TebLocalPlannerROS/costmap_converter_rate: 5
 * /move_base/TebLocalPlannerROS/costmap_converter_spin_thread: True
 * /move_base/TebLocalPlannerROS/costmap_obstacles_behind_robot_dist: 0.3
 * /move_base/TebLocalPlannerROS/delete_detours_backwards: True
 * /move_base/TebLocalPlannerROS/dt_hysteresis: 0.1
 * /move_base/TebLocalPlannerROS/dt_ref: 0.4
 * /move_base/TebLocalPlannerROS/dynamic_obstacle_inflation_dist: 0.3
 * /move_base/TebLocalPlannerROS/enable_homotopy_class_planning: False
 * /move_base/TebLocalPlannerROS/enable_multithreading: True
 * /move_base/TebLocalPlannerROS/exact_arc_length: False
 * /move_base/TebLocalPlannerROS/feasibility_check_no_poses: 2
 * /move_base/TebLocalPlannerROS/footprint_model/type: polygon
 * /move_base/TebLocalPlannerROS/footprint_model/vertices: [[-0.2, 0.5], [1....
 * /move_base/TebLocalPlannerROS/free_goal_vel: False
 * /move_base/TebLocalPlannerROS/global_plan_overwrite_orientation: False
 * /move_base/TebLocalPlannerROS/global_plan_prune_distance: 1
 * /move_base/TebLocalPlannerROS/global_plan_viapoint_sep: 0.5
 * /move_base/TebLocalPlannerROS/h_signature_prescaler: 0.5
 * /move_base/TebLocalPlannerROS/h_signature_threshold: 0.1
 * /move_base/TebLocalPlannerROS/include_costmap_obstacles: True
 * /move_base/TebLocalPlannerROS/include_dynamic_obstacles: False
 * /move_base/TebLocalPlannerROS/inflation_dist: 0.35
 * /move_base/TebLocalPlannerROS/max_global_plan_lookahead_dist: 1.0
 * /move_base/TebLocalPlannerROS/max_number_classes: 4
 * /move_base/TebLocalPlannerROS/max_ratio_detours_duration_best_duration: 3.0
 * /move_base/TebLocalPlannerROS/max_samples: 200
 * /move_base/TebLocalPlannerROS/max_vel_theta: 0.1
 * /move_base/TebLocalPlannerROS/max_vel_x: 0.1
 * /move_base/TebLocalPlannerROS/max_vel_x_backwards: 0.05
 * /move_base/TebLocalPlannerROS/max_vel_y: 0.0
 * /move_base/TebLocalPlannerROS/min_obstacle_dist: 0.25
 * /move_base/TebLocalPlannerROS/min_turning_radius: 0.0
 * /move_base/TebLocalPlannerROS/no_inner_iterations: 3
 * /move_base/TebLocalPlannerROS/no_outer_iterations: 2
 * /move_base/TebLocalPlannerROS/obstacle_cost_exponent: 4
 * /move_base/TebLocalPlannerROS/obstacle_heading_threshold: 0.45
 * /move_base/TebLocalPlannerROS/obstacle_poses_affected: 15
 * /move_base/TebLocalPlannerROS/odom_topic: odom
 * /move_base/TebLocalPlannerROS/optimization_activate: True
 * /move_base/TebLocalPlannerROS/optimization_verbose: False
 * /move_base/TebLocalPlannerROS/oscillation_filter_duration: 10
 * /move_base/TebLocalPlannerROS/oscillation_omega_eps: 0.1
 * /move_base/TebLocalPlannerROS/oscillation_recovery: True
 * /move_base/TebLocalPlannerROS/oscillation_recovery_min_duration: 10
 * /move_base/TebLocalPlannerROS/oscillation_v_eps: 0.1
 * /move_base/TebLocalPlannerROS/penalty_epsilon: 0.03
 * /move_base/TebLocalPlannerROS/publish_feedback: False
 * /move_base/TebLocalPlannerROS/roadmap_graph_area_length_scale: 1.0
 * /move_base/TebLocalPlannerROS/roadmap_graph_area_width: 5
 * /move_base/TebLocalPlannerROS/roadmap_graph_no_samples: 15
 * /move_base/TebLocalPlannerROS/selection_alternative_time_cost: False
 * /move_base/TebLocalPlannerROS/selection_cost_hysteresis: 1.0
 * /move_base/TebLocalPlannerROS/selection_obst_cost_scale: 100.0
 * /move_base/TebLocalPlannerROS/selection_prefer_initial_plan: 0.9
 * /move_base/TebLocalPlannerROS/shrink_horizon_backup: True
 * /move_base/TebLocalPlannerROS/shrink_horizon_min_duration: 10
 * /move_base/TebLocalPlannerROS/switching_blocking_period: 0.0
 * /move_base/TebLocalPlannerROS/teb_autosize: True
 * /move_base/TebLocalPlannerROS/viapoints_all_candidates: True
 * /move_base/TebLocalPlannerROS/visualize_hc_graph: False
 * /move_base/TebLocalPlannerROS/visualize_with_time_as_z_axis_scale: False
 * /move_base/TebLocalPlannerROS/weight_acc_lim_theta: 1.0
 * /move_base/TebLocalPlannerROS/weight_acc_lim_x: 1.0
 * /move_base/TebLocalPlannerROS/weight_adapt_factor: 2
 * /move_base/TebLocalPlannerROS/weight_dynamic_obstacle: 10
 * /move_base/TebLocalPlannerROS/weight_dynamic_obstacle_inflation: 0.2
 * /move_base/TebLocalPlannerROS/weight_inflation: 0.2
 * /move_base/TebLocalPlannerROS/weight_kinematics_forward_drive: 800
 * /move_base/TebLocalPlannerROS/weight_kinematics_nh: 1000
 * /move_base/TebLocalPlannerROS/weight_kinematics_turning_radius: 1
 * /move_base/TebLocalPlannerROS/weight_max_vel_theta: 1
 * /move_base/TebLocalPlannerROS/weight_max_vel_x: 2
 * /move_base/TebLocalPlannerROS/weight_obstacle: 100
 * /move_base/TebLocalPlannerROS/weight_optimaltime: 1
 * /move_base/TebLocalPlannerROS/weight_shortest_path: 1
 * /move_base/TebLocalPlannerROS/weight_viapoint: 20
 * /move_base/TebLocalPlannerROS/xy_goal_tolerance: 0.1
 * /move_base/TebLocalPlannerROS/yaw_goal_tolerance: 0.1
 * /move_base/base_global_planner: carrot_planner/Ca...
 * /move_base/base_local_planner: teb_local_planner...
 * /move_base/controller_frequency: 10.0
 * /move_base/controller_patience: 10.0
 * /move_base/global_costmap/always_send_full_costmap: True
 * /move_base/global_costmap/footprint: [[-0.2, 0.5], [1....
 * /move_base/global_costmap/footprint_padding: 0.0
 * /move_base/global_costmap/global_frame: map
 * /move_base/global_costmap/inflation_layer/cost_scaling_factor: 10.0
 * /move_base/global_costmap/inflation_layer/enabled: True
 * /move_base/global_costmap/inflation_layer/inflation_radius: 0.1
 * /move_base/global_costmap/map_type: costmap
 * /move_base/global_costmap/obstacle_layer/combination_method: 1
 * /move_base/global_costmap/obstacle_layer/enabled: True
 * /move_base/global_costmap/obstacle_layer/inflation_radius: 0.2
 * /move_base/global_costmap/obstacle_layer/laser_scan_sensor/clearing: True
 * /move_base/global_costmap/obstacle_layer/laser_scan_sensor/data_type: LaserScan
 * /move_base/global_costmap/obstacle_layer/laser_scan_sensor/marking: True
 * /move_base/global_costmap/obstacle_layer/laser_scan_sensor/topic: scan
 * /move_base/global_costmap/obstacle_layer/observation_sources: laser_scan_sensor
 * /move_base/global_costmap/obstacle_layer/obstacle_range: 3.0
 * /move_base/global_costmap/obstacle_layer/raytrace_range: 4.0
 * /move_base/global_costmap/obstacle_layer/track_unknown_space: True
 * /move_base/global_costmap/plugins: [{'name': 'static...
 * /move_base/global_costmap/publish_frequency: 2.0
 * /move_base/global_costmap/robot_base_frame: base_link
 * /move_base/global_costmap/robot_radius: 0.0
 * /move_base/global_costmap/static_layer/enabled: True
 * /move_base/global_costmap/static_layer/map_topic: map
 * /move_base/global_costmap/static_map: True
 * /move_base/global_costmap/transform_tolerance: 0.5
 * /move_base/global_costmap/update_frequency: 2.0
 * /move_base/local_costmap/always_send_full_costmap: True
 * /move_base/local_costmap/footprint: [[-0.2, 0.5], [1....
 * /move_base/local_costmap/footprint_padding: 0.0
 * /move_base/local_costmap/global_frame: map
 * /move_base/local_costmap/height: 5
 * /move_base/local_costmap/inflation_layer/cost_scaling_factor: 10.0
 * /move_base/local_costmap/inflation_layer/enabled: True
 * /move_base/local_costmap/inflation_layer/inflation_radius: 0.1
 * /move_base/local_costmap/map_type: costmap
 * /move_base/local_costmap/obstacle_layer/combination_method: 1
 * /move_base/local_costmap/obstacle_layer/enabled: True
 * /move_base/local_costmap/obstacle_layer/inflation_radius: 0.2
 * /move_base/local_costmap/obstacle_layer/laser_scan_sensor/clearing: True
 * /move_base/local_costmap/obstacle_layer/laser_scan_sensor/data_type: LaserScan
 * /move_base/local_costmap/obstacle_layer/laser_scan_sensor/marking: True
 * /move_base/local_costmap/obstacle_layer/laser_scan_sensor/topic: scan
 * /move_base/local_costmap/obstacle_layer/observation_sources: laser_scan_sensor
 * /move_base/local_costmap/obstacle_layer/obstacle_range: 3.0
 * /move_base/local_costmap/obstacle_layer/raytrace_range: 4.0
 * /move_base/local_costmap/obstacle_layer/track_unknown_space: True
 * /move_base/local_costmap/plugins: [{'name': 'static...
 * /move_base/local_costmap/publish_frequency: 5.0
 * /move_base/local_costmap/resolution: 0.1
 * /move_base/local_costmap/robot_base_frame: base_link
 * /move_base/local_costmap/robot_radius: 0.0
 * /move_base/local_costmap/rolling_window: True
 * /move_base/local_costmap/static_layer/enabled: True
 * /move_base/local_costmap/static_layer/map_topic: map
 * /move_base/local_costmap/static_map: False
 * /move_base/local_costmap/transform_tolerance: 0.5
 * /move_base/local_costmap/update_frequency: 5.0
 * /move_base/local_costmap/width: 4
 * /rosdistro: noetic
 * /rosversion: 1.17.4
 * /slamware_ros_sdk_server_node/angle_compensate: True
 * /slamware_ros_sdk_server_node/camera_left: base_camera_left
 * /slamware_ros_sdk_server_node/camera_right: base_camera_right
 * /slamware_ros_sdk_server_node/imu_frame: base_imu_link
 * /slamware_ros_sdk_server_node/imu_raw_data_period: 0.005
 * /slamware_ros_sdk_server_node/ip_address: 192.168.11.1
 * /slamware_ros_sdk_server_node/ladar_data_clockwise: True
 * /slamware_ros_sdk_server_node/laser_frame: base_laser_link
 * /slamware_ros_sdk_server_node/map_frame: map
 * /slamware_ros_sdk_server_node/map_pub_period: 0.2
 * /slamware_ros_sdk_server_node/no_preview_image: False
 * /slamware_ros_sdk_server_node/odom_frame: odom
 * /slamware_ros_sdk_server_node/raw_image_on: False
 * /slamware_ros_sdk_server_node/robot_frame: base_link
 * /slamware_ros_sdk_server_node/robot_pose_pub_period: 0.05
 * /slamware_ros_sdk_server_node/robot_pose_topic: robot_pose
 * /slamware_ros_sdk_server_node/scan_pub_period: 0.1
 * /use_sim_time: False

NODES
  /
    baselink2map (tf2_ros/static_transform_publisher)
    chassis_driver (grinder_chassis_driver/chassis_driver_node.py)
    grinder_scheduler (grinder_scheduler/scheduler_node.py)
    move_base (move_base/move_base)
    odom2map (tf2_ros/static_transform_publisher)
    rviz (rviz/rviz)
    slamware_ros_sdk_server_node (slamware_ros_sdk/slamware_ros_sdk_server_node)
MoTTY X11 proxy: No authorisation provided
qt.qpa.xcb: could not connect to display localhost:12.0
qt.qpa.plugin: Could not load the Qt platform plugin "xcb" in "" even though it was found.
This application failed to start because no Qt platform plugin could be initialized. Reinstalling the application may fix this problem.

Available platform plugins are: eglfs, linuxfb, minimal, minimalegl, offscreen, vnc, xcb.

[0m[INFO] [1779443143.090753767]: Trying to connect to Aurora, tryCnt: 1.[0m
[0m[INFO] [1779443143.099410639]: Selected device: tcp/192.168.11.1:7447[0m
[0m[INFO] [1779443143.099478303]: Connecting to the selected device...[0m
[0m[INFO] [1779443143.145880734]: Connected to the selected device[0m
[0m[INFO] [1779443143.179715214]: Connected to Aurora, OK, tryCnt: 1.[0m
[0m[INFO] [1779443143.180066073]: Odometry:0.1000[0m
[0m[INFO] [1779443143.186584247]: RobotPose:0.0500[0m
[0m[INFO] [1779443143.189628822]: ExploreMapUpdate:0.2000[0m
[0m[INFO] [1779443143.189685111]: ExploreMapPublish:0.2000[0m
[0m[INFO] [1779443143.192424033]: LaserScan:0.1000[0m
[0m[INFO] [1779443143.193385325]: ServerImuRawDataWorker:0.0050[0m
[0m[INFO] [1779443143.194080336]: RosConnectWorker:0.1000[0m
[0m[INFO] [1779443143.194717600]: SystemStatus:0.0500[0m
[0m[INFO] [1779443143.195892382]: StereoImage:0.0500[0m
[0m[INFO] [1779443143.198079786]: PointCloud:0.1000[0m
[0m[INFO] [1779443143.209645906]: SlamwareRosSdkServer, work thread begin.[0m
[0m[INFO] [1779443143.209740694]: reset all 12 workers on work loop begin.[0m
[0m[INFO] [1779443143.209979558]: Depth camera supported, subscription enabled, post-filtering on[0m
[0m[INFO] [1779443143.210096803]: Semantic segmentation supported and subscription enabled[0m
[0m[INFO] [1779443143.210158050]: Semantic segmentation label set: coco80[0m
[0m[INFO] [1779443143.210263629]: Label ID: 0, Name: (null)[0m
[0m[INFO] [1779443143.210312044]: Label ID: 1, Name: person[0m
[0m[INFO] [1779443143.210356083]: Label ID: 2, Name: bicycle[0m
[0m[INFO] [1779443143.210399831]: Label ID: 3, Name: car[0m
[0m[INFO] [1779443143.210443580]: Label ID: 4, Name: motorcycle[0m
[0m[INFO] [1779443143.210494036]: Label ID: 5, Name: airplane[0m
[0m[INFO] [1779443143.210537492]: Label ID: 6, Name: bus[0m
[0m[INFO] [1779443143.210580365]: Label ID: 7, Name: train[0m
[0m[INFO] [1779443143.210624113]: Label ID: 8, Name: truck[0m
[0m[INFO] [1779443143.210668445]: Label ID: 9, Name: boat[0m
[0m[INFO] [1779443143.210712193]: Label ID: 10, Name: traffic light[0m
[0m[INFO] [1779443143.210755649]: Label ID: 11, Name: fire hydrant[0m
[0m[INFO] [1779443143.210801731]: Label ID: 12, Name: stop sign[0m
[0m[INFO] [1779443143.210844895]: Label ID: 13, Name: parking meter[0m
[0m[INFO] [1779443143.210887768]: Label ID: 14, Name: bench[0m
[0m[INFO] [1779443143.210931517]: Label ID: 15, Name: bird[0m
[0m[INFO] [1779443143.210974973]: Label ID: 16, Name: cat[0m
[0m[INFO] [1779443143.211017554]: Label ID: 17, Name: dog[0m
[0m[INFO] [1779443143.211061594]: Label ID: 18, Name: horse[0m
[0m[INFO] [1779443143.211105634]: Label ID: 19, Name: sheep[0m
[0m[INFO] [1779443143.211148507]: Label ID: 20, Name: cow[0m
[0m[INFO] [1779443143.211191089]: Label ID: 21, Name: elephant[0m
[0m[INFO] [1779443143.211275377]: Label ID: 22, Name: bear[0m
[0m[INFO] [1779443143.211322916]: Label ID: 23, Name: zebra[0m
[0m[INFO] [1779443143.211366664]: Label ID: 24, Name: giraffe[0m
[0m[INFO] [1779443143.211410121]: Label ID: 25, Name: backpack[0m
[0m[INFO] [1779443143.211452994]: Label ID: 26, Name: umbrella[0m
[0m[INFO] [1779443143.211495575]: Label ID: 27, Name: handbag[0m
[0m[INFO] [1779443143.211539032]: Label ID: 28, Name: tie[0m
[0m[INFO] [1779443143.211581905]: Label ID: 29, Name: suitcase[0m
[0m[INFO] [1779443143.211626819]: Label ID: 30, Name: frisbee[0m
[0m[INFO] [1779443143.211670859]: Label ID: 31, Name: skis[0m
[0m[INFO] [1779443143.211714316]: Label ID: 32, Name: snowboard[0m
[0m[INFO] [1779443143.211757480]: Label ID: 33, Name: sports ball[0m
[0m[INFO] [1779443143.211800062]: Label ID: 34, Name: kite[0m
[0m[INFO] [1779443143.211843227]: Label ID: 35, Name: baseball bat[0m
[0m[INFO] [1779443143.211886391]: Label ID: 36, Name: baseball glove[0m
[0m[INFO] [1779443143.211929265]: Label ID: 37, Name: skateboard[0m
[0m[INFO] [1779443143.211972138]: Label ID: 38, Name: surfboard[0m
[0m[INFO] [1779443143.212025510]: Label ID: 39, Name: tennis racket[0m
[0m[[33m[WARN] [1779443143.427746460]: global_costmap: Pre-Hydro parameter "static_map" unused since "plugins" is provided[0m
[33m[WARN] [1779443143.436734359]: global_costmap: Pre-Hydro parameter "map_type" unused since "plugins" is provided[0m
[33m[WARN] [1779443143.950330795]: local_costmap: Pre-Hydro parameter "static_map" unused since "plugins" is provided[0m
[33m[WARN] [1779443143.950877646]: local_costmap: Pre-Hydro parameter "map_type" unused since "plugins" is provided[0m
[0m[INFO] [1779443143.442326240]: global_costmap: Using plugin "static_layer"[0m
[0m[INFO] [1779443143.471326848]: Requesting the map...[0m
[0m[INFO] [1779443143.681347422]: Resizing costmap to 4 X 4 at 0.050000 m/pix[0m
[0m[INFO] [1779443143.781193977]: Received a 4 X 4 map at 0.050000 m/pix[0m
[0m[INFO] [1779443143.800041236]: global_costmap: Using plugin "obstacle_layer"[0m
[0m[INFO] [1779443143.814269282]:     Subscribed to Topics: laser_scan_sensor[0m
[0m[INFO] [1779443143.874562606]: global_costmap: Using plugin "inflation_layer"[0m
[0m[INFO] [1779443143.951769816]: local_costmap: Using plugin "static_layer"[0m
[0m[INFO] [1779443143.956759723]: Requesting the map...[0m
[0m[INFO] [1779443143.959361276]: Resizing costmap to 141 X 151 at 0.050000 m/pix[0m
[0m[INFO] [1779443143.959695803]: Resizing static layer to 141 X 151 at 0.050000 m/pix[0m
[0m[INFO] [1779443144.059446112]: Received a 141 X 151 map at 0.050000 m/pix[0m
[0m[INFO] [1779443144.063513518]: local_costmap: Using plugin "obstacle_layer"[0m
[0m[INFO] [1779443144.070075148]:     Subscribed to Topics: laser_scan_sensor[0m
[0m[INFO] [1779443144.187627722]: Created local_planner teb_local_planner/TebLocalPlannerROS[0m
[0m[INFO] [1779443144.409563528]: Footprint model 'polygon' loaded for trajectory optimization.[0m
[0m[INFO] [1779443144.410507612]: Parallel planning in distinctive topologies disabled.[0m
[0m[INFO] [1779443144.410620191]: No costmap conversion plugin specified. All occupied costmap cells are treaten as point obstacles.[0m
[0m[INFO] [1779443144.600824341]: max_vel_trans is not set, setting it equal to max_vel_x: 0.1[0m
[0m[INFO] [1779443144.601773092]: Footprint model 'polygon' loaded for trajectory optimization.[0m
[0m[INFO] [1779443144.964205220]: Recovery behavior will clear layer 'obstacles'[0m
[0m[INFO] [1779443144.979733958]: Recovery behavior will clear layer 'obstacles'[0m
[0m[INFO] [1779443145.043283225]: odom received![0m
[0m[INFO] [1779443145.912060833]: Resizing costmap to 146 X 151 at 0.050000 m/pix[0m
[0m[INFO] [1779443145.913041665]: Resizing static layer to 146 X 151 at 0.050000 m/pix[0m
[0m[INFO] [1779443146.318785620]: Resizing costmap to 230 X 163 at 0.050000 m/pix[0m
[0m[INFO] [1779443146.320007358]: Resizing static layer to 230 X 163 at 0.050000 m/pix[0m
[0m[INFO] [1779443148.773505421]: Resizing costmap to 234 X 193 at 0.050000 m/pix[0m
[0m[INFO] [1779443148.775196139]: Resizing static layer to 234 X 193 at 0.050000 m/pix[0m
[0m[INFO] [1779443149.417728573]: Resizing costmap to 234 X 194 at 0.050000 m/pix[0m
[0m[INFO] [1779443149.418373129]: Resizing static layer to 234 X 194 at 0.050000 m/pix[0m
[0m[INFO] [1779443161.956987669]: Resizing costmap to 234 X 195 at 0.050000 m/pix[0m
[0m[INFO] [1779443161.957497189]: Resizing static layer to 234 X 195 at 0.050000 m/pix[0m
[0m[INFO] [1779443187.000329316]: Resizing costmap to 234 X 202 at 0.050000 m/pix[0m
[0m[INFO] [1779443187.001125240]: Resizing static layer to 234 X 202 at 0.050000 m/pix[0m
[0m[INFO] [1779443188.575302904]: Resizing costmap to 234 X 203 at 0.050000 m/pix[0m
[0m[INFO] [1779443188.577070036]: Resizing static layer to 234 X 203 at 0.050000 m/pix[0m
[0m[INFO] [1779443200.021715527]: Resizing costmap to 234 X 205 at 0.050000 m/pix[0m
[0m[INFO] [1779443200.023660568]: Resizing static layer to 234 X 205 at 0.050000 m/pix[0m
[0m[INFO] [1779443287.222921879]: Resizing costmap to 234 X 207 at 0.050000 m/pix[0m
[0m[INFO] [1779443287.224447232]: Resizing static layer to 234 X 207 at 0.050000 m/pix[0m
[0m[INFO] [1779443287.855485308]: Resizing costmap to 244 X 220 at 0.050000 m/pix[0m
[0m[INFO] [1779443287.857421602]: Resizing static layer to 244 X 220 at 0.050000 m/pix[0m
[0m[INFO] [1779443289.342063298]: Resizing costmap to 244 X 221 at 0.050000 m/pix[0m
[0m[INFO] [1779443289.342795059]: Resizing static layer to 244 X 221 at 0.050000 m/pix[0m
[0m[INFO] [1779443296.245604973]: Resizing costmap to 254 X 232 at 0.050000 m/pix[0m
[0m[INFO] [1779443296.248194572]: Resizing static la[WARN] [1779443143.500894]: Failed to send startup safe state: Serial read timeout on /dev/ttyS0 after 0 of 8 bytes
[WARN] [1779443143.677868]: Modbus transport error: Serial read timeout on /dev/ttyS0 after 0 of 3 bytes
[WARN] [1779443145.759795]: Modbus transport error: Serial read timeout on /dev/ttyS0 after 0 of 3 bytes
[WARN] [1779443147.843997]: Modbus transport error: Serial read timeout on /dev/ttyS0 after 0 of 3 bytes
[WARN] [1779443149.847911]: Modbus transport error: Serial read timeout on /dev/ttyS0 after 0 of 3 bytes
[WARN] [1779443151.954589]: Modbus transport error: Serial read timeout on /dev/ttyS0 after 0 of 3 bytes
[WARN] [1779443153.984783]: Modbus transport error: Serial read timeout on /dev/ttyS0 after 0 of 3 bytes
[WARN] [1779443156.011031]: Modbus transport error: Serial read timeout on /dev/ttyS0 after 0 of 3 bytes
[WARN] [1779443158.018316]: Modbus transport error: Serial read timeout on /dev/ttyS0 after 0 of 3 bytes
[WARN] [1779443160.027496]: Modbus transport error: Serial read timeout on /dev/ttyS0 after 0 of 3 bytes
[WARN] [1779443162.104573]: Modbus transport error: Serial read timeout on /dev/ttyS0 after 0 of 3 bytes
[WARN] [1779443164.118905]: Modbus transport error: Serial read timeout on /dev/ttyS0 after 0 of 3 bytes
[WARN] [1779443166.217839]: Modbus transport error: Serial read timeout on /dev/ttyS0 after 0 of 3 bytes
[WARN] [1779443168.311296]: Modbus transport error: Serial read timeout on /dev/ttyS0 after 0 of 3 bytes
[WARN] [1779443170.311900]: Modbus transport error: Serial read timeout on /dev/ttyS0 after 0 of 3 bytes
[WARN] [1779443172.318589]: Modbus transport error: Serial read timeout on /dev/ttyS0 after 0 of 3 bytes
[WARN] [1779443174.432383]: Modbus transport error: Serial read timeout on /dev/ttyS0 after 0 of 3 bytes
[WARN] [1779443176.544590]: Modbus transport error: Serial read timeout on /dev/ttyS0 after 0 of 3 bytes
[WARN] [1779443178.641331]: Modbus transport error: Serial read timeout on /dev/ttyS0 after 0 of 3 bytes
[WARN] [1779443180.757141]: Modbus transport error: Serial read timeout on /dev/ttyS0 after 0 of 3 bytes
[WARN] [1779443182.790450]: Modbus transport error: Serial read timeout on /dev/ttyS0 after 0 of 3 bytes
[WARN] [1779443184.882406]: Modbus transport error: Serial read timeout on /dev/ttyS0 after 0 of 3 bytes
[WARN] [1779443186.974221]: Modbus transport error: Serial read timeout on /dev/ttyS0 after 0 of 3 bytes
[WARN] [1779443189.071520]: Modbus transport error: Serial read timeout on /dev/ttyS0 after 0 of 3 bytes
[WARN] [1779443191.165175]: Modbus transport error: Serial read timeout on /dev/ttyS0 after 0 of 3 bytes
[WARN] [1779443193.181119]: Modbus transport error: Serial read timeout on /dev/ttyS0 after 0 of 3 bytes
[WARN] [1779443195.250369]: Modbus transport error: Serial read timeout on /dev/ttyS0 after 0 of 3 bytes
[WARN] [1779443197.369791]: Modbus transport error: Serial read timeout on /dev/ttyS0 after 0 of 3 bytes
[WARN] [1779443199.481078]: Modbus transport error: Serial read timeout on /dev/ttyS0 after 0 of 3 bytes
[WARN] [1779443201.585447]: Modbus transport error: Serial read timeout on /dev/ttyS0 after 0 of 3 bytes
[WARN] [1779443203.587683]: Modbus transport error: Serial read timeout on /dev/ttyS0 after 0 of 3 bytes
[WARN] [1779443205.695369]: Modbus transport error: Serial read timeout on /dev/ttyS0 after 0 of 3 bytes
[WARN] [1779443207.814850]: Modbus transport error: Serial read timeout on /dev/ttyS0 after 0 of 3 bytes
[WARN] [1779443209.891157]: Modbus transport error: Serial read timeout on /dev/ttyS0 after 0 of 3 bytes
[WARN] [1779443211.991035]: Modbus transport error: Serial read timeout on /dev/ttyS0 after 0 of 3 bytes
[WARN] [1779443214.077643]: Modbus transport error: Serial read timeout on /dev/ttyS0 after 0 of 3 bytes
[WARN] [1779443216.167105]: Modbus transport error: Serial read timeout on /dev/ttyS0 after 0 of 3 bytes
[WARN] [1779443218.250804]: Modbus transport error: Serial read timeout on /dev/ttyS0 after 0 of 3 bytes
[WARN] [1779443220.340912]: Modbus transport error: Serial read timeout on /dev/ttyS0 after 0 of 3 bytes
[WARN] [1779443222.457019]: Modbus transport error: Serial read timeout on /dev/ttyS0 after 0 of 3 bytes
[WARN] [1779443224.557188]: Modbus transport error: Serial read timeout on /dev/ttyS0 after 0 of 3 bytes
[WARN] [1779443226.640859]: Modbus transport error: Serial read timeout on /dev/ttyS0 after 0 of 3 bytes
[WARN] [1779443228.754791]: Modbus transport error: Serial read timeout on /dev/ttyS0 after 0 of 3 bytes
[WARN] [1779443230.833856]: Modbus transport error: Serial read timeout on /dev/ttyS0 after 0 of 3 bytes
[WARN] [1779443232.835449]: Modbus transport error: Serial read timeout on /dev/ttyS0 after 0 of 3 bytes
[WARN] [1779443234.923827]: Modbus transport error: Serial read timeout on /dev/ttyS0 after 0 of 3 bytes
[WARN] [1779443237.011274]: Modbus transport error: Serial read timeout on /dev/ttyS0 after 0 of 3 bytes
[WARN] [1779443239.106999]: Modbus transport error: Serial read timeout on /dev/ttyS0 after 0 of 3 bytes
[WARN] [1779443241.182195]: Modbus transport error: Serial read timeout on /dev/ttyS0 after 0 of 3 bytes
[WARN] [1779443243.282146]: Modbus transport error: Serial read timeout on /dev/ttyS0 after 0 of 3 bytes
[WARN] [1779443245.361190]: Modbus transport error: Serial read timeout on /dev/ttyS0 after 0 of 3 bytes
[WARN] [1779443247.443986]: Modbus transport error: Serial read timeout on /dev/ttyS0 after 0 of 3 bytes
[WARN] [1779443249.544366]: Modbus transport error: Serial read timeout on /dev/ttyS0 after 0 of 3 bytes
[WARN] [1779443251.645793]: Modbus transport error: Serial read timeout on /dev/ttyS0 after 0 of 3 bytes
[WARN] [1779443253.647153]: Modbus transport error: Serial read timeout on /dev/ttyS0 after 0 of 3 bytes
[WARN] [1779443255.757867]: Modbus transport error: Serial read timeout on /dev/ttyS0 after 0 of 3 bytes
[WARN] [1779443257.855057]: Modbus transport error: Serial read timeout on /dev/ttyS0 after 0 of 3 bytes
[WARN] [1779443259.947937]: Modbus transport error: Serial read timeout on /dev/ttyS0 after 0 of 3 bytes
[WARN] [1779443262.041965]: Modbus transport error: Serial read timeout on /dev/ttyS0 after 0 of 3 bytes
[WARN] [1779443264.051147]: Modbus transport error: Serial read timeout on /dev/ttyS0 after 0 of 3 bytes
[WARN] [1779443266.137801]: Modbus transport error: Serial read timeout on /dev/ttyS0 after 0 of 3 bytes
[WARN] [1779443268.241354]: Modbus transport error: Serial read timeout on /dev/ttyS0 after 0 of 3 bytes
[WARN] [1779443270.258367]: Modbus transport error: Serial read timeout on /dev/ttyS0 after 0 of 3 bytes
[WARN] [1779443272.320410]: Modbus transport error: Serial read timeout on /dev/ttyS0 after 0 of 3 bytes
[WARN] [1779443274.411400]: Modbus transport error: Serial read timeout on /dev/ttyS0 after 0 of 3 bytes
[WARN] [1779443276.498447]: Modbus transport error: Serial read timeout on /dev/ttyS0 after 0 of 3 bytes
[WARN] [1779443278.580527]: Modbus transport error: Serial read timeout on /dev/ttyS0 after 0 of 3 bytes
[WARN] [1779443280.682154]: Modbus transport error: Serial read timeout on /dev/ttyS0 after 0 of 3 bytes
[WARN] [1779443282.684322]: Modbus transport error: Serial read timeout on /dev/ttyS0 after 0 of 3 bytes
[WARN] [1779443284.787183]: Modbus transport error: Serial read timeout on /dev/ttyS0 after 0 of 3 bytes
[WARN] [1779443286.819865]: Modbus transport error: Serial read timeout on /dev/ttyS0 after 0 of 3 bytes
[WARN] [1779443288.934564]: Modbus transport error: Serial read timeout on /dev/ttyS0 after 0 of 3 bytes
[WARN] [1779443290.935349]: Modbus transport error: Serial read timeout on /dev/ttyS0 after 0 of 3 bytes
[WARN] [1779443293.031395]: Modbus transport error: Serial read timeout on /dev/ttyS0 after 0 of 3 bytes
[WARN] [1779443295.131888]: Modbus transport error: Serial read timeout on /dev/ttyS0 after 0 of 3 bytes
[WARN] [1779443297.219307]: Modbus transport error: Serial read timeout on /dev/ttyS0 after 0 of 3 bytes
[WARN] [1779443299.335080]: Modbus transport error: Serial read timeout on /dev/ttyS0 after 0 of 3 bytes
