... logging to /root/.ros/log/ea563170-58ea-11f1-a06e-c285ead2937b/roslaunch-LPA3588-53773.log
Checking log directory for disk usage. This may take a while.
Press Ctrl-C to interrupt
Done checking log file disk usage. Usage is <1GB.
]2;/home/neardi/work/Grinder/catkin_ws/src/grinder_scheduler/launch/grinder_system.launch
[1mstarted roslaunch server http://LPA3588:46633/[0m

SUMMARY
========

PARAMETERS
 * /chassis_driver/baudrate: 19200
 * /chassis_driver/cmd_source_hold_sec: 0.2
 * /chassis_driver/cmd_vel_deadband_angular: 0.0
 * /chassis_driver/cmd_vel_deadband_linear: 0.0
 * /chassis_driver/cmd_vel_drive_left_sign: 1
 * /chassis_driver/cmd_vel_drive_right_sign: 1
 * /chassis_driver/cmd_vel_drive_swap_lr: False
 * /chassis_driver/cmd_vel_enabled: True
 * /chassis_driver/cmd_vel_filter_angular_accel: 0.2
 * /chassis_driver/cmd_vel_filter_angular_deadband: 0.005
 * /chassis_driver/cmd_vel_filter_enabled: True
 * /chassis_driver/cmd_vel_filter_linear_accel: 0.2
 * /chassis_driver/cmd_vel_filter_sign_confirm_count: 2
 * /chassis_driver/cmd_vel_gear_ratio: 60.0
 * /chassis_driver/cmd_vel_max_abs_wheel_rpm: 3000.0
 * /chassis_driver/cmd_vel_max_angular: 0.1
 * /chassis_driver/cmd_vel_max_input_v: 0.1
 * /chassis_driver/cmd_vel_max_input_w: 0.1
 * /chassis_driver/cmd_vel_max_linear: 0.1
 * /chassis_driver/cmd_vel_scale: 1.0
 * /chassis_driver/cmd_vel_topic: /cmd_vel
 * /chassis_driver/cmd_vel_wheel_radius_m: 0.15
 * /chassis_driver/cmd_vel_wheel_track_m: 0.79
 * /chassis_driver/command_timeout: 5
 * /chassis_driver/disc_speed_max: 32767
 * /chassis_driver/disc_speed_min: -32768
 * /chassis_driver/drive_left_sign: -1
 * /chassis_driver/drive_right_sign: -1
 * /chassis_driver/drive_swap_lr: False
 * /chassis_driver/enable_cmd_ramp_limit: False
 * /chassis_driver/enable_safe_stop_on_comm_error: False
 * /chassis_driver/left_speed_max: 32767
 * /chassis_driver/left_speed_min: -32768
 * /chassis_driver/manual_drive_max_wheel_speed: 600
 * /chassis_driver/manual_wheel_deadband_rpm: 30
 * /chassis_driver/manual_wheel_hyst_enter_rpm: 60
 * /chassis_driver/manual_wheel_hyst_exit_rpm: 30
 * /chassis_driver/max_cmd_step_rpm: 50
 * /chassis_driver/max_echo_deviation: 2000
 * /chassis_driver/max_echo_failures: 20
 * /chassis_driver/max_retries: 3
 * /chassis_driver/poll_rate_hz: 20.0
 * /chassis_driver/port: /dev/ttyS0
 * /chassis_driver/right_speed_max: 32767
 * /chassis_driver/right_speed_min: -32768
 * /chassis_driver/rs485_raw_log_enabled: False
 * /chassis_driver/rs485_raw_log_file: temp/chassis_rs48...
 * /chassis_driver/safe_stop_on_error_interval: 2.0
 * /chassis_driver/slave_id: 1
 * /chassis_driver/startup_zero_output: True
 * /chassis_driver/stop_on_timeout: True
 * /chassis_driver/task_enable_default: False
 * /chassis_driver/timeout: 0.1
 * /chassis_driver/write_verify: False
 * /grinder_scheduler/aurora_ip_address: 192.168.11.1
 * /grinder_scheduler/aurora_no_preview_image: False
 * /grinder_scheduler/aurora_raw_image_on: True
 * /grinder_scheduler/change_map_service: /change_map
 * /grinder_scheduler/default_path_spacing: 0.725
 * /grinder_scheduler/depth_image_colorized_topic: /slamware_ros_sdk...
 * /grinder_scheduler/first_frame_save_dir: temp
 * /grinder_scheduler/global_plan_publish_hz: 2
 * /grinder_scheduler/inflation_radius: 0.65
 * /grinder_scheduler/initial_map_preview_dir: temp
 * /grinder_scheduler/initial_map_preview_format: jpg
 * /grinder_scheduler/initial_map_preview_max_edge: 320
 * /grinder_scheduler/left_image_topic: /slamware_ros_sdk...
 * /grinder_scheduler/live_map_dir: temp/live_map
 * /grinder_scheduler/live_map_enabled: True
 * /grinder_scheduler/live_map_hz: 1.0
 * /grinder_scheduler/live_map_image_name: map1.pgm
 * /grinder_scheduler/live_map_yaml_name: map.yaml
 * /grinder_scheduler/live_preview_enabled: True
 * /grinder_scheduler/live_preview_file: temp/aurora_map_p...
 * /grinder_scheduler/live_preview_format: jpg
 * /grinder_scheduler/live_preview_hz: 1.0
 * /grinder_scheduler/live_preview_max_edge: 320
 * /grinder_scheduler/local_rtsp_enabled: True
 * /grinder_scheduler/local_rtsp_encoder: libx264
 * /grinder_scheduler/local_rtsp_fps: 15
 * /grinder_scheduler/local_rtsp_host: 0.0.0.0
 * /grinder_scheduler/local_rtsp_log_dir: temp
 * /grinder_scheduler/local_rtsp_mediamtx_path: /home/neardi/work...
 * /grinder_scheduler/local_rtsp_port: 8554
 * /grinder_scheduler/local_rtsp_public_host: auto
 * /grinder_scheduler/local_rtsp_start_server: True
 * /grinder_scheduler/local_rtsp_width: 640
 * /grinder_scheduler/manual_reverse_guard_sec: 1.0
 * /grinder_scheduler/map_topic: /map
 * /grinder_scheduler/navigation_map_yaml_path: /home/neardi/work...
 * /grinder_scheduler/odom_topic: /odom
 * /grinder_scheduler/overlap_ratio: 0.1
 * /grinder_scheduler/path_goal_reach_dist: 0.03
 * /grinder_scheduler/path_segment_timeout: 60.0
 * /grinder_scheduler/persist_state_dir: temp/grinder_sche...
 * /grinder_scheduler/persist_state_enabled: True
 * /grinder_scheduler/planned_path_preview_arrow_len_px: 12
 * /grinder_scheduler/planned_path_preview_arrow_step: 10
 * /grinder_scheduler/planned_path_preview_dir: temp
 * /grinder_scheduler/planned_path_preview_format: jpg
 * /grinder_scheduler/planned_path_preview_include_overlay: True
 * /grinder_scheduler/planned_path_preview_max_edge: 320
 * /grinder_scheduler/planned_path_preview_show_direction: True
 * /grinder_scheduler/planner_script_path: third_party/path_...
 * /grinder_scheduler/right_image_topic: /slamware_ros_sdk...
 * /grinder_scheduler/save_first_frame_on_startup: False
 * /grinder_scheduler/scheduler_tick_hz: 5
 * /grinder_scheduler/set_map_localization_topic: /slamware_ros_sdk...
 * /grinder_scheduler/set_map_update_topic: /slamware_ros_sdk...
 * /grinder_scheduler/sl_linka_host: 0.0.0.0
 * /grinder_scheduler/sl_linka_port: 8002
 * /grinder_scheduler/sl_linka_python_sdk_dir: third_party/sl_li...
 * /grinder_scheduler/start_aurora_driver: False
 * /grinder_scheduler/stcm_local_dir: maps/raw
 * /grinder_scheduler/stream_enabled: True
 * /grinder_scheduler/stream_fps: 8
 * /grinder_scheduler/stream_push_hz: 20
 * /grinder_scheduler/stream_url: rtmp://127.0.0.1:...
 * /grinder_scheduler/stream_width: 1280
 * /grinder_scheduler/sync_get_stcm_service: /slamware_ros_sdk...
 * /grinder_scheduler/sync_set_stcm_service: /slamware_ros_sdk...
 * /grinder_scheduler/turn_radius: 0.8
 * /grinder_scheduler/use_depth_colorized_image: False
 * /grinder_scheduler/vehicle_length: 0.5
 * /grinder_scheduler/vehicle_width: 0.5
 * /move_base/TebLocalPlannerROS/acc_lim_theta: 0.05
 * /move_base/TebLocalPlannerROS/acc_lim_x: 0.1
 * /move_base/TebLocalPlannerROS/allow_init_with_backwards_motion: False
 * /move_base/TebLocalPlannerROS/complete_global_plan: True
 * /move_base/TebLocalPlannerROS/costmap_converter/CostmapToLinesDBSRANSAC/cluster_max_distance: 0.2
 * /move_base/TebLocalPlannerROS/costmap_converter/CostmapToLinesDBSRANSAC/cluster_min_pts: 2
 * /move_base/TebLocalPlannerROS/costmap_converter/CostmapToLinesDBSRANSAC/convex_hull_min_pt_separation: 0.1
 * /move_base/TebLocalPlannerROS/costmap_converter/CostmapToLinesDBSRANSAC/ransac_convert_outlier_pts: True
 * /move_base/TebLocalPlannerROS/costmap_converter/CostmapToLinesDBSRANSAC/ransac_filter_remaining_outlier_pts: False
 * /move_base/TebLocalPlannerROS/costmap_converter/CostmapToLinesDBSRANSAC/ransac_inlier_distance: 0.15
 * /move_base/TebLocalPlannerROS/costmap_converter/CostmapToLinesDBSRANSAC/ransac_min_inliers: 10
 * /move_base/TebLocalPlannerROS/costmap_converter/CostmapToLinesDBSRANSAC/ransac_no_iterations: 1500
 * /move_base/TebLocalPlannerROS/costmap_converter/CostmapToLinesDBSRANSAC/ransac_remainig_outliers: 3
 * /move_base/TebLocalPlannerROS/costmap_converter_plugin: 
 * /move_base/TebLocalPlannerROS/costmap_converter_rate: 5
 * /move_base/TebLocalPlannerROS/costmap_converter_spin_thread: True
 * /move_base/TebLocalPlannerROS/costmap_obstacles_behind_robot_dist: 0.3
 * /move_base/TebLocalPlannerROS/delete_detours_backwards: True
 * /move_base/TebLocalPlannerROS/dt_hysteresis: 0.1
 * /move_base/TebLocalPlannerROS/dt_ref: 0.4
 * /move_base/TebLocalPlannerROS/dynamic_obstacle_inflation_dist: 0.3
 * /move_base/TebLocalPlannerROS/enable_homotopy_class_planning: False
 * /move_base/TebLocalPlannerROS/enable_multithreading: True
 * /move_base/TebLocalPlannerROS/exact_arc_length: False
 * /move_base/TebLocalPlannerROS/feasibility_check_no_poses: 5
 * /move_base/TebLocalPlannerROS/footprint_model/type: polygon
 * /move_base/TebLocalPlannerROS/footprint_model/vertices: [[-0.15, 0.5], [1...
 * /move_base/TebLocalPlannerROS/free_goal_vel: False
 * /move_base/TebLocalPlannerROS/global_plan_overwrite_orientation: True
 * /move_base/TebLocalPlannerROS/global_plan_prune_distance: 1
 * /move_base/TebLocalPlannerROS/global_plan_viapoint_sep: 0.2
 * /move_base/TebLocalPlannerROS/h_signature_prescaler: 0.5
 * /move_base/TebLocalPlannerROS/h_signature_threshold: 0.1
 * /move_base/TebLocalPlannerROS/include_costmap_obstacles: True
 * /move_base/TebLocalPlannerROS/include_dynamic_obstacles: False
 * /move_base/TebLocalPlannerROS/inflation_dist: 0.35
 * /move_base/TebLocalPlannerROS/max_global_plan_lookahead_dist: 1.0
 * /move_base/TebLocalPlannerROS/max_number_classes: 4
 * /move_base/TebLocalPlannerROS/max_ratio_detours_duration_best_duration: 3.0
 * /move_base/TebLocalPlannerROS/max_samples: 200
 * /move_base/TebLocalPlannerROS/max_vel_theta: 0.1
 * /move_base/TebLocalPlannerROS/max_vel_x: 0.1
 * /move_base/TebLocalPlannerROS/max_vel_x_backwards: 0.05
 * /move_base/TebLocalPlannerROS/max_vel_y: 0.0
 * /move_base/TebLocalPlannerROS/min_obstacle_dist: 0.25
 * /move_base/TebLocalPlannerROS/min_turning_radius: 0.0
 * /move_base/TebLocalPlannerROS/no_inner_iterations: 5
 * /move_base/TebLocalPlannerROS/no_outer_iterations: 4
 * /move_base/TebLocalPlannerROS/obstacle_cost_exponent: 4
 * /move_base/TebLocalPlannerROS/obstacle_heading_threshold: 0.45
 * /move_base/TebLocalPlannerROS/obstacle_poses_affected: 15
 * /move_base/TebLocalPlannerROS/odom_topic: odom
 * /move_base/TebLocalPlannerROS/optimization_activate: True
 * /move_base/TebLocalPlannerROS/optimization_verbose: False
 * /move_base/TebLocalPlannerROS/oscillation_filter_duration: 10
 * /move_base/TebLocalPlannerROS/oscillation_omega_eps: 0.03
 * /move_base/TebLocalPlannerROS/oscillation_recovery: True
 * /move_base/TebLocalPlannerROS/oscillation_recovery_min_duration: 10
 * /move_base/TebLocalPlannerROS/oscillation_v_eps: 0.03
 * /move_base/TebLocalPlannerROS/penalty_epsilon: 0.03
 * /move_base/TebLocalPlannerROS/publish_feedback: False
 * /move_base/TebLocalPlannerROS/roadmap_graph_area_length_scale: 1.0
 * /move_base/TebLocalPlannerROS/roadmap_graph_area_width: 5
 * /move_base/TebLocalPlannerROS/roadmap_graph_no_samples: 15
 * /move_base/TebLocalPlannerROS/selection_alternative_time_cost: False
 * /move_base/TebLocalPlannerROS/selection_cost_hysteresis: 1.0
 * /move_base/TebLocalPlannerROS/selection_obst_cost_scale: 100.0
 * /move_base/TebLocalPlannerROS/selection_prefer_initial_plan: 0.9
 * /move_base/TebLocalPlannerROS/shrink_horizon_backup: True
 * /move_base/TebLocalPlannerROS/shrink_horizon_min_duration: 10
 * /move_base/TebLocalPlannerROS/switching_blocking_period: 0.0
 * /move_base/TebLocalPlannerROS/teb_autosize: True
 * /move_base/TebLocalPlannerROS/viapoints_all_candidates: True
 * /move_base/TebLocalPlannerROS/visualize_hc_graph: False
 * /move_base/TebLocalPlannerROS/visualize_with_time_as_z_axis_scale: False
 * /move_base/TebLocalPlannerROS/weight_acc_lim_theta: 1.0
 * /move_base/TebLocalPlannerROS/weight_acc_lim_x: 1.0
 * /move_base/TebLocalPlannerROS/weight_adapt_factor: 2
 * /move_base/TebLocalPlannerROS/weight_dynamic_obstacle: 10
 * /move_base/TebLocalPlannerROS/weight_dynamic_obstacle_inflation: 0.2
 * /move_base/TebLocalPlannerROS/weight_inflation: 0.2
 * /move_base/TebLocalPlannerROS/weight_kinematics_forward_drive: 800
 * /move_base/TebLocalPlannerROS/weight_kinematics_nh: 1000
 * /move_base/TebLocalPlannerROS/weight_kinematics_turning_radius: 1
 * /move_base/TebLocalPlannerROS/weight_max_vel_theta: 1
 * /move_base/TebLocalPlannerROS/weight_max_vel_x: 2
 * /move_base/TebLocalPlannerROS/weight_obstacle: 100
 * /move_base/TebLocalPlannerROS/weight_optimaltime: 1
 * /move_base/TebLocalPlannerROS/weight_shortest_path: 1
 * /move_base/TebLocalPlannerROS/weight_viapoint: 20
 * /move_base/TebLocalPlannerROS/xy_goal_tolerance: 0.12
 * /move_base/TebLocalPlannerROS/yaw_goal_tolerance: 0.05
 * /move_base/base_global_planner: carrot_planner/Ca...
 * /move_base/base_local_planner: teb_local_planner...
 * /move_base/controller_frequency: 10.0
 * /move_base/controller_patience: 10.0
 * /move_base/global_costmap/always_send_full_costmap: True
 * /move_base/global_costmap/footprint: [[-0.15, 0.5], [1...
 * /move_base/global_costmap/footprint_padding: 0.0
 * /move_base/global_costmap/global_frame: map
 * /move_base/global_costmap/inflation_layer/cost_scaling_factor: 10.0
 * /move_base/global_costmap/inflation_layer/enabled: True
 * /move_base/global_costmap/inflation_layer/inflation_radius: 0.1
 * /move_base/global_costmap/map_type: costmap
 * /move_base/global_costmap/obstacle_layer/combination_method: 1
 * /move_base/global_costmap/obstacle_layer/enabled: True
 * /move_base/global_costmap/obstacle_layer/inflation_radius: 0.2
 * /move_base/global_costmap/obstacle_layer/laser_scan_sensor/clearing: True
 * /move_base/global_costmap/obstacle_layer/laser_scan_sensor/data_type: LaserScan
 * /move_base/global_costmap/obstacle_layer/laser_scan_sensor/marking: True
 * /move_base/global_costmap/obstacle_layer/laser_scan_sensor/topic: scan
 * /move_base/global_costmap/obstacle_layer/observation_sources: laser_scan_sensor
 * /move_base/global_costmap/obstacle_layer/obstacle_range: 3.0
 * /move_base/global_costmap/obstacle_layer/raytrace_range: 4.0
 * /move_base/global_costmap/obstacle_layer/track_unknown_space: True
 * /move_base/global_costmap/plugins: [{'name': 'static...
 * /move_base/global_costmap/publish_frequency: 2.0
 * /move_base/global_costmap/robot_base_frame: base_link
 * /move_base/global_costmap/robot_radius: 0.0
 * /move_base/global_costmap/static_layer/enabled: True
 * /move_base/global_costmap/static_layer/map_topic: map
 * /move_base/global_costmap/static_map: True
 * /move_base/global_costmap/transform_tolerance: 0.5
 * /move_base/global_costmap/update_frequency: 2.0
 * /move_base/local_costmap/always_send_full_costmap: True
 * /move_base/local_costmap/footprint: [[-0.15, 0.5], [1...
 * /move_base/local_costmap/footprint_padding: 0.0
 * /move_base/local_costmap/global_frame: map
 * /move_base/local_costmap/height: 5
 * /move_base/local_costmap/inflation_layer/cost_scaling_factor: 10.0
 * /move_base/local_costmap/inflation_layer/enabled: True
 * /move_base/local_costmap/inflation_layer/inflation_radius: 0.1
 * /move_base/local_costmap/map_type: costmap
 * /move_base/local_costmap/obstacle_layer/combination_method: 1
 * /move_base/local_costmap/obstacle_layer/enabled: True
 * /move_base/local_costmap/obstacle_layer/inflation_radius: 0.2
 * /move_base/local_costmap/obstacle_layer/laser_scan_sensor/clearing: True
 * /move_base/local_costmap/obstacle_layer/laser_scan_sensor/data_type: LaserScan
 * /move_base/local_costmap/obstacle_layer/laser_scan_sensor/marking: True
 * /move_base/local_costmap/obstacle_layer/laser_scan_sensor/topic: scan
 * /move_base/local_costmap/obstacle_layer/observation_sources: laser_scan_sensor
 * /move_base/local_costmap/obstacle_layer/obstacle_range: 3.0
 * /move_base/local_costmap/obstacle_layer/raytrace_range: 4.0
 * /move_base/local_costmap/obstacle_layer/track_unknown_space: True
 * /move_base/local_costmap/plugins: [{'name': 'static...
 * /move_base/local_costmap/publish_frequency: 5.0
 * /move_base/local_costmap/resolution: 0.1
 * /move_base/local_costmap/robot_base_frame: base_link
 * /move_base/local_costmap/robot_radius: 0.0
 * /move_base/local_costmap/rolling_window: True
 * /move_base/local_costmap/static_layer/enabled: True
 * /move_base/local_costmap/static_layer/map_topic: map
 * /move_base/local_costmap/static_map: False
 * /move_base/local_costmap/transform_tolerance: 0.5
 * /move_base/local_costmap/update_frequency: 5.0
 * /move_base/local_costmap/width: 5
 * /rosdistro: noetic
 * /rosversion: 1.17.4
 * /slamware_ros_sdk_server_node/angle_compensate: True
 * /slamware_ros_sdk_server_node/camera_left: base_camera_left
 * /slamware_ros_sdk_server_node/camera_right: base_camera_right
 * /slamware_ros_sdk_server_node/imu_frame: base_imu_link
 * /slamware_ros_sdk_server_node/imu_raw_data_period: 0.005
 * /slamware_ros_sdk_server_node/ip_address: 192.168.11.1
 * /slamware_ros_sdk_server_node/ladar_data_clockwise: True
 * /slamware_ros_sdk_server_node/laser_frame: base_laser_link
 * /slamware_ros_sdk_server_node/map_frame: map
 * /slamware_ros_sdk_server_node/map_pub_period: 0.2
 * /slamware_ros_sdk_server_node/no_preview_image: False
 * /slamware_ros_sdk_server_node/odom_frame: odom
 * /slamware_ros_sdk_server_node/raw_image_on: False
 * /slamware_ros_sdk_server_node/robot_frame: base_link
 * /slamware_ros_sdk_server_node/robot_pose_pub_period: 0.05
 * /slamware_ros_sdk_server_node/robot_pose_topic: robot_pose
 * /slamware_ros_sdk_server_node/scan_pub_period: 0.1
 * /use_sim_time: False

NODES
  /
    baselink2map (tf2_ros/static_transform_publisher)
    chassis_driver (grinder_chassis_driver/chassis_driver_node.py)
    grinder_scheduler (grinder_scheduler/scheduler_node.py)
    move_base (move_base/move_base)
    odom2map (tf2_ros/static_transform_publisher)
    rviz (rviz/rviz)
    slamware_ros_sdk_server_node (slamware_ros_sdk/slamware_ros_sdk_server_node)
QStandardPaths: XDG_RUNTIME_DIR not set, defaulting to '/tmp/runtime-root'
Cannot find EGLConfig, returning null config
Unable to find an X11 visual which matches EGL config 0
[0m[INFO] [1779790149.699262514]: Trying to connect to Aurora, tryCnt: 1.[0m
[0m[INFO] [1779790149.740698435]: Selected device: tcp/192.168.11.1:7447[0m
[0m[INFO] [1779790149.741091893]: Connecting to the selected device...[0m
[0m[INFO] [1779790149.776707897]: Connected to the selected device[0m
[0m[INFO] [1779790149.792078149]: Connected to Aurora, OK, tryCnt: 1.[0m
[0m[INFO] [1779790149.792166524]: Odometry:0.1000[0m
[0m[INFO] [1779790149.794916649]: RobotPose:0.0500[0m
[0m[INFO] [1779790149.796323941]: ExploreMapUpdate:0.2000[0m
[0m[INFO] [1779790149.796384316]: ExploreMapPublish:0.2000[0m
[0m[INFO] [1779790149.799359316]: LaserScan:0.1000[0m
[0m[INFO] [1779790149.801361899]: ServerImuRawDataWorker:0.0050[0m
[0m[INFO] [1779790149.803191233]: RosConnectWorker:0.1000[0m
[0m[INFO] [1779790149.805589900]: SystemStatus:0.0500[0m
[0m[INFO] [1779790149.821181235]: StereoImage:0.0500[0m
[0m[INFO] [1779790149.831003694]: PointCloud:0.1000[0m
[0m[INFO] [1779790149.882788824]: SlamwareRosSdkServer, work thread begin.[0m
[0m[INFO] [1779790149.882880991]: reset all 12 workers on work loop begin.[0m
[0m[INFO] [1779790149.883096533]: Depth camera supported, subscription enabled, post-filtering on[0m
[0m[INFO] [1779790149.883475408]: Semantic segmentation supported and subscription enabled[0m
[0m[INFO] [1779790149.883536658]: Semantic segmentation label set: coco80[0m
[0m[INFO] [1779790149.883602866]: Label ID: 0, Name: (null)[0m
[0m[INFO] [1779790149.883688616]: Label ID: 1, Name: person[0m
[0m[INFO] [1779790149.883769116]: Label ID: 2, Name: bicycle[0m
[0m[INFO] [1779790149.883829199]: Label ID: 3, Name: car[0m
[0m[INFO] [1779790149.883892199]: Label ID: 4, Name: motorcycle[0m
[0m[INFO] [1779790149.883954324]: Label ID: 5, Name: airplane[0m
[0m[INFO] [1779790149.884175116]: Label ID: 6, Name: bus[0m
[0m[INFO] [1779790149.884221491]: Label ID: 7, Name: train[0m
[0m[INFO] [1779790149.884264074]: Label ID: 8, Name: truck[0m
[0m[INFO] [1779790149.884329408]: Label ID: 9, Name: boat[0m
[0m[INFO] [1779790149.884392991]: Label ID: 10, Name: traffic light[0m
[0m[INFO] [1779790149.884476408]: Label ID: 11, Name: fire hydrant[0m
[0m[INFO] [1779790149.884527741]: Label ID: 12, Name: stop sign[0m
[0m[INFO] [1779790149.884568283]: Label ID: 13, Name: parking meter[0m
[0m[INFO] [1779790149.884607074]: Label ID: 14, Name: bench[0m
[0m[INFO] [1779790149.884645283]: Label ID: 15, Name: bird[0m
[0m[INFO] [1779790149.884683491]: Label ID: 16, Name: cat[0m
[0m[INFO] [1779790149.884721116]: Label ID: 17, Name: dog[0m
[0m[INFO] [1779790149.884759908]: Label ID: 18, Name: horse[0m
[0m[INFO] [1779790149.884797533]: Label ID: 19, Name: sheep[0m
[0m[INFO] [1779790149.884835741]: Label ID: 20, Name: cow[0m
[0m[INFO] [1779790149.884873366]: Label ID: 21, Name: elephant[0m
[0m[INFO] [1779790149.884911283]: Label ID: 22, Name: bear[0m
[0m[INFO] [1779790149.884949491]: Label ID: 23, Name: zebra[0m
[0m[INFO] [1779790149.884987408]: Label ID: 24, Name: giraffe[0m
[0m[INFO] [1779790149.885024741]: Label ID: 25, Name: backpack[0m
[0m[INFO] [1779790149.885063241]: Label ID: 26, Name: umbrella[0m
[0m[INFO] [1779790149.885101158]: Label ID: 27, Name: handbag[0m
[0m[INFO] [1779790149.885139366]: Label ID: 28, Name: tie[0m
[0m[INFO] [1779790149.885177283]: Label ID: 29, Name: suitcase[0m
[0m[INFO] [1779790149.885214616]: Label ID: 30, Name: frisbee[0m
[0m[INFO] [1779790149.885275575]: Label ID: 31, Name: skis[0m
[0m[INFO] [1779790149.885316408]: Label ID: 32, Name: snowboard[0m
[0m[INFO] [1779790149.885354908]: Label ID: 33, Name: sports ball[0m
[0m[INFO] [1779790149.885408866]: Label ID: 34, Name: kite[0m
[0m[INFO] [1779790149.885452325]: Label ID: 35, Name: baseball bat[0m
[0m[INFO] [1779790149.885494033]: Label ID: 36, Name: baseball glove[0m
[0m[INFO] [1779790149.885535741]: Label ID: 37, Name: skateboard[0m
[0m[INFO] [1779790149.885575408]: Label ID: 38, Name: surfboard[0m
[0m[INFO] [1779790149.885615366]: Label ID: 39, Name: tennis racket[0m
[0m[[33m[WARN] [1779790150.104977013]: global_costmap: Pre-Hydro parameter "static_map" unused since "plugins" is provided[0m
[33m[WARN] [1779790150.110443139]: global_costmap: Pre-Hydro parameter "map_type" unused since "plugins" is provided[0m
[33m[WARN] [1779790150.777730164]: local_costmap: Pre-Hydro parameter "static_map" unused since "plugins" is provided[0m
[33m[WARN] [1779790150.782709790]: local_costmap: Pre-Hydro parameter "map_type" unused since "plugins" is provided[0m
[INFO] [1779790150.497602]: Loaded task registry state: 8 map-bound tasks
[INFO] [1779790150.556475]: Loaded map overlay state: map_id=map_1778827104561 dir=/home/neardi/work/Grinder/temp/grinder_scheduler_state/map_states/map_1778827104561
[INFO] [1779790150.560408]: Loaded scheduler local state from /home/neardi/work/Grinder/temp/grinder_scheduler_state
[INFO] [1779790152.879962]: Starting mediamtx on rtsp://192.168.11.127:8554 using /home/neardi/work/Grinder/tools/mediamtx/mediamtx
[INFO] [1779790153.001486]: mediamtx rtsp listener is ready on 127.0.0.1:8554
[INFO] [1779790153.649588]: Starting ffmpeg RTSP publisher left -> rtsp://127.0.0.1:8554/left (encoder=libx264)
[INFO] [1779790153.803924]: Map switched, loaded task-map binding: map_id=map_1778827104561 task_id=<empty> selected_regions=work_region_1
[INFO] [1779790153.864487]: Starting ffmpeg RTSP publisher right -> rtsp://127.0.0.1:8554/right (encoder=libx264)
[INFO] [1779790153.908492]: Saved initial map preview to /home/neardi/work/Grinder/temp/aurora_map_preview_s1p0031_res0p05_oxm5p5_oym6p65_ow321_oh321_pw320_ph320_v48.jpg
[INFO] [1779790154.020011]: Live map cropped to free-space bbox: size=321x321 margin=0.50m
[INFO] [1779790159.687913]: Live map cropped to free-space bbox: size=321x321 margin=0.50m
[INFO] [1779790165.174939]: Live map cropped to free-space bbox: size=737x694 margin=0.50m
[INFO] [1779790171.019988]: Live map cropped to free-space bbox: size=737x694 margin=0.50m
[INFO] [1779790176.695962]: Live map cropped to free-space bbox: size=737x694 margin=0.50m
[INFO] [1779790182.479920]: Live map cropped to free-space bbox: size=737x694 margin=0.50m
[INFO] [1779790188.132452]: Live map cropped to free-space bbox: size=737x694 margin=0.50m
[INFO] [1779790193.549871]: Live map cropped to free-space bbox: size=737x694 margin=0.50m
[INFO] [1779790199.597168]: Live map cropped to free-space bbox: size=737x694 margin=0.50m
[INFO] [1779790204.844204]: Live map cropped to free-space bbox: size=737x694 margin=0.50m
[INFO] [1779790210.594094]: Live map cropped to free-space bbox: size=737x694 margin=0.50m
[INFO] [1779790215.988304]: Live map cropped to free-space bbox: size=737x694 margin=0.50m
[INFO] [1779790221.595659]: Live map cropped to free-space bbox: size=737x694 margin=0.50m
[INFO] [1779790226.801528]: Live map cropped to free-space bbox: size=737x694 margin=0.50m
[INFO] [1779790233.236779]: Live map cropped to free-space bbox: size=737x694 margin=0.50m
[INFO] [1779790238.943660]: Live map cropped to free-space bbox: size=737x694 margin=0.50m
[INFO] [1779790244.150267]: Live map cropped to free-space bbox: size=737x694 margin=0.50m
[INFO] [1779790250.176927]: Live map cropped to free-space bbox: size=737x694 margin=0.50m
[INFO] [1779790255.722284]: Live map cropped to free-space bbox: size=737x694 margin=0.50m
[INFO] [1779790261.239145]: Live map cropped to free-space bbox: size=737x694 margin=0.50m
[INFO] [1779790267.231685]: Live map cropped to free-space bbox: size=737x694 margin=0.50m
[INFO] [1779790272.647427]: Live map cropped to free-space bbox: size=737x694 margin=0.50m
[INFO] [1779790278.972322]: Live map cropped to free-space bbox: size=737x694 margin=0.50m
[INFO] [1779790284.089521]: Live map cropped to free-space bbox: size=737x694 margin=0.50m
[INFO] [1779790289.507163]: Live map cropped to free-space bbox: size=737x694 margin=0.50m
[INFO] [1779790291.401994]: PathPlanRequest: request_id=req_1779790154 active_work_region_id=work_region_1 force_replan=true use_all_regions=false work_region_count=1 has_start=false has_end=false global_direction=x
[INFO] [1779790291.407065]: PathPlanRequest selection: map_id=map_1778827104561 task_id=task selected_regions=work_region_1 region_repeat_config={"work_region_1": 1}
[INFO] [1779790292.073908]: Planning input regions: work_total=1 work_selected=1 obstacle=0 active_work_region_id=work_region_1 force_use_all=false
[INFO] [1779790292.431278]: Planning started: task_id=task map_version=48 map_size=737x694 resolution=0.0500
[INFO] [1779790292.456242]: Plan request poses: current_pose=(0.469, -0.592, 86.4deg) request_start=(<empty>) request_end=(<empty>)
   [障碍物膨胀] 膨胀半径: 12像素, 原始: 287272, 膨胀后: 401955
[INFO] [1779790292.863560]: PlannerAdapter input start candidates: current_pose=(0.469,-0.592) request_start=<empty> direction=x
[INFO] [1779790292.900793]: Region planning start from robot pose: region_idx=1 region_id=work_region_1 robot=(0.469,-0.592) start_grid=(343,385)
[INFO] [1779790292.905323]: Region planning effective start: region_idx=1 region_id=work_region_1 source=current_pose start_grid=(343,385) start_world=(0.450,-0.600)
[INFO] [1779790293.119582]: Single-region planning merged: region_idx=1 region_id=work_region_1 points=280 cumulative=280
[INFO] [1779790293.130401]: Prepended start pose point: x=0.469 y=-0.592 heading=86.4deg path_points=281
[INFO] [1779790293.142406]: Precomputed goal points: count=10
[INFO] [1779790293.149665]: Published planned path to navigation: points=281
[INFO] [1779790293.562317]: Path preview paint override: obstacle_regions=0 erase_regions=1
[INFO] [1779790293.594788]: Saved planned path preview latest files: /home/neardi/work/Grinder/temp/aurora_path_preview_latest.jpg, /home/neardi/work/Grinder/temp/aurora_path_preview_tasktask_latest.jpg
[INFO] [1779790293.617036]: Saved planned path debug json to /home/neardi/work/Grinder/temp/path_debug/planned_path_tasktask_mapv48_pathv1_1779790293.json
[INFO] [1779790293.632182]: Planning success: path_version=1 points=281 length_m=16.374
[INFO] [1779790293.952618]: Saved planned path preview latest files: /home/neardi/work/Grinder/temp/aurora_path_preview_latest.jpg, /home/neardi/work/Grinder/temp/aurora_path_preview_tasktask_latest.jpg
[INFO] [1779790295.374763]: Live map cropped to free-space bbox: size=737x694 margin=0.50m
[INFO] [1779790300.465796]: Live map cropped to free-space bbox: size=737x694 margin=0.50m
[INFO] [1779790305.937747]: Live map cropped to free-space bbox: size=737x694 margin=0.50m
[INFO] [1779790310.981048]: PathPlanRequest: request_id=req_1779790154 active_work_region_id=work_region_1 force_replan=true use_all_regions=false work_region_count=1 has_start=false has_end=false global_direction=x
[INFO] [1779790310.998839]: PathPlanRequest selection: map_id=map_1778827104561 task_id=task selected_regions=work_region_1 region_repeat_config={"work_region_1": 1}
[INFO] [1779790311.440691]: Live map cropped to free-space bbox: size=737x694 margin=0.50m
[INFO] [1779790311.610369]: Planning input regions: work_total=1 work_selected=1 obstacle=0 active_work_region_id=work_region_1 force_use_all=false
[INFO] [1779790311.780862]: Planning started: task_id=task map_version=48 map_size=737x694 resolution=0.0500
[INFO] [1779790311.793399]: Plan request poses: current_pose=(0.469, -0.593, 86.4deg) request_start=(<empty>) request_end=(<empty>)
   [障碍物膨胀] 膨胀半径: 12像素, 原始: 287253, 膨胀后: 402066
[INFO] [1779790312.234676]: PlannerAdapter input start candidates: current_pose=(0.469,-0.593) request_start=<empty> direction=x
[INFO] [1779790312.237216]: Region planning start from robot pose: region_idx=1 region_id=work_region_1 robot=(0.469,-0.593) start_grid=(343,385)
[INFO] [1779790312.238857]: Region planning effective start: region_idx=1 region_id=work_region_1 source=current_pose start_grid=(343,385) start_world=(0.450,-0.600)
[INFO] [1779790312.603809]: Single-region planning merged: region_idx=1 region_id=work_region_1 points=197 cumulative=197
[INFO] [1779790312.619954]: Prepended start pose point: x=0.470 y=-0.592 heading=86.4deg path_points=198
[INFO] [1779790312.649982]: Precomputed goal points: count=6
[INFO] [1779790312.658164]: Published planned path to navigation: points=198
[INFO] [1779790313.158534]: Path preview paint override: obstacle_regions=0 erase_regions=1
[INFO] [1779790313.266133]: Saved planned path preview latest files: /home/neardi/work/Grinder/temp/aurora_path_preview_latest.jpg, /home/neardi/work/Grinder/temp/aurora_path_preview_tasktask_latest.jpg
[33m[WARN] [1779790327.639231475]: makePlan is called.
[0m
[0m[INFO] [1779790150.112873597]: global_costmap: Using plugin "static_layer"[0m
[0m[INFO] [1779790150.134941683]: Requesting the map...[0m
[0m[INFO] [1779790150.450161048]: Resizing costmap to 4 X 4 at 0.050000 m/pix[0m
[0m[INFO] [1779790150.549925933]: Received a 4 X 4 map at 0.050000 m/pix[0m
[0m[INFO] [1779790150.561061184]: global_costmap: Using plugin "obstacle_layer"[0m
[0m[INFO] [1779790150.584900270]:     Subscribed to Topics: laser_scan_sensor[0m
[0m[INFO] [1779790150.671623279]: global_costmap: Using plugin "inflation_layer"[0m
[0m[INFO] [1779790150.785340040]: local_costmap: Using plugin "static_layer"[0m
[0m[INFO] [1779790150.796764333]: Requesting the map...[0m
[0m[INFO] [1779790150.798470583]: Resizing costmap to 321 X 321 at 0.050000 m/pix[0m
[0m[INFO] [1779790150.800706792]: Resizing static layer to 321 X 321 at 0.050000 m/pix[0m
[0m[INFO] [1779790150.901192093]: Received a 321 X 321 map at 0.050000 m/pix[0m
[0m[INFO] [1779790150.906385219]: local_costmap: Using plugin "obstacle_layer"[0m
[0m[INFO] [1779790150.910084136]:     Subscribed to Topics: laser_scan_sensor[0m
[0m[INFO] [1779790150.946112264]: Created local_planner teb_local_planner/TebLocalPlannerROS[0m
[0m[INFO] [1779790151.067161818]: Footprint model 'polygon' loaded for trajectory optimization.[0m
[0m[INFO] [1779790151.068330818]: Parallel planning in distinctive topologies disabled.[0m
[0m[INFO] [1779790151.068458277]: No costmap conversion plugin specified. All occupied costmap cells are treaten as point obstacles.[0m
[0m[INFO] [1779790151.158307369]: max_vel_trans is not set, setting it equal to max_vel_x: 0.1[0m
[0m[INFO] [1779790151.159105369]: Footprint model 'polygon' loaded for trajectory optimization.[0m
[0m[INFO] [1779790151.356495764]: Recovery behavior will clear layer 'obstacles'[0m
[0m[INFO] [1779790151.378359391]: Recovery behavior will clear layer 'obstacles'[0m
[0m[INFO] [1779790151.519699030]: odom received![0m
[0m[INFO] [1779790159.902806206]: Resizing costmap to 737 X 694 at 0.050000 m/pix[0m
[0m[INFO] [1779790159.922231208]: Resizing static layer to 737 X 694 at 0.050000 m/pix[0m
[0m[INFO] [1779790327.778992614]: delta_orient: -1.507818, ??????????????????.[0m
[0m[INFO] [1779790327.879501541]: delta_orient: -1.507980, ??????????????????.[0m
[0m[INFO] [1779790327.972216259]: delta_orient: -1.507955, ??????????????????.[0m
[0m[INFO] [1779790328.058972809]: delta_orient: -1.507937, ??????????????????.[0m
[0m[INFO] [1779790328.164559945]: delta_orient: -1.507731, ??????????????????.[0m
[0m[INFO] [1779790328.258012579]: delta_orient: -1.507760, ??????????????????.[0m
[0m[INFO] [1779790328.356208589]: delta_orient: -1.507728, ??????????????????.[0m
[0m[INFO] [1779790328.482996143]: delta_orient: -1.507927, ??????????????????.[0m
[0m[INFO] [1779790328.562934401]: delta_orient: -1.506616, ??????????????????.[0m
[0m[INFO] [1779790328.647543993]: delta_orient: -1.504512, ??????????????????.[0m
[0m[INFO] [1779790328.760603505]: delta_orient: -1.500279, ??????????????????.[0m
[0m[INFO] [1779790328.867787890]: delta_orient: -1.500279, ??????????????????.[0m
[0m[INFO] [1779790328.970947484]: delta_orient: -1.495033, ??????????????????.[0m
[0m[INFO] [1779790329.058317993]: delta_orient: -1.484016, ??????????????????.[0m
[0m[INFO] [1779790329.150374044]: delta_orient: -1.484016, ??????????????????.[0m
[0m[INFO] [1779790329.261003805]: delta_orient: -1.484016, ??????????????????.[0m
[0m[INFO] [1779790329.346748439]: delta_orient: -1.455429, ??????????????????.[0m
[0m[INFO] [1779790329.443893240]: delta_orient: -1.435507, ??????????????????.[0m
[0m[INFO] [1779790329.540978875]: delta_orient: -1.376961, ??????????????????.[0m
[0m[INFO] [1779790329.644242885]: delta_orient: -1.366238, ??????????????????.[0m
[0m[INFO] [1779790329.741551937]: delta_orient: -1.357355, ??????????????????.[0m
[0m[INFO] [1779790329.852375656]: delta_orient: -1.355803, ??????????????????.[0m
[0m[INFO] [1779790329.949893874]: delta_orient: -1.342133, ??????????????????.[0m
[0m[INFO] [1779790330.061915719]: delta_orient: -1.342133, ??????????????????.[0m
[0m[INFO] [1779790330.148819686]: delta_orient: -1.326258, ??????????????????.[0m
[0m[INFO] [1779790330.246450862]: delta_orient: -1.316254, ??????????????????.[0m
[0m[INFO] [1779790330.383837334]: delta_orient: -1.293909, ??????????????????.[0m
[0m[INFO] [1779790330.468990885]: delta_orient: -1.293909, ??????????????????.[0m
[0m[INFO] [1779790330.556264477]: delta_orient: -1.272223, ??????????????????.[0m
[0m[INFO] [1779790330.661847821]: delta_orient: -1.272223, ??????????????????.[0m
[0m[INFO] [1779790330.754563413]: delta_orient: -1.248801, ??????????????????.[0m
[0m[INFO] [1779790330.876749884]: delta_orient: -1.245080, ??????????????????.[0m
[0m[INFO] [1779790330.950491391]: delta_orient: -1.232915, ??????????????????.[0m
[0m[INFO] [1779790331.056945360]: delta_orient: -1.218777, ??????????????????.[0m
[0m[INFO] [1779790331.159504121]: delta_orient: -1.218777, ??????????????????.[0m
[0m[INFO] [1779790331.266745006]: delta_orient: -1.191138, ??????????????????.[0m
[0m[INFO] [1779790331.361248516]: delta_orient: -1.170865, ??????????????????.[0m
[0m[INFO] [1779790331.466116985]: delta_orient: -1.162434, ??????????????????.[0m
[0m[INFO] [1779790331.555281244]: delta_orient: -1.155173, ??????????????????.[0m
[0m[INFO] [1779790331.675761798]: delta_orient: -1.148727, ??????????????????.[0m
[0m[INFO] [1779790331.745623846]: delta_orient: -1.136244, ??????????????????.[0m
[0m[INFO] [1779790331.857230691]: delta_orient: -1.121891, ??????????????????.[0m
[0m[INFO] [1779790331.947267825]: delta_orient: -1.106629, ??????????????????.[0m
[0m[INFO] [1779790332.048752960]: delta_orient: -1.106629, ??????????????????.[0m
[0m[INFO] [1779790332.199812059]: delta_orient: -1.083545, ??????????????????.[0m
[0m[INFO] [1779790332.263026065]: delta_orient: -1.075055, ??????????????????.[0m
[0m[INFO] [1779790332.368982159]: delta_orient: -1.066159, ??????????????????.[0m
[0m[INFO] [1779790332.477132753]: delta_orient: -1.038426, ??????????????????.[0m
[0m[INFO] [1779790332.549467552]: delta_orient: -1.038426, ??????????????????.[0m
[0m[INFO] [1779790332.648592229]: delta_orient: -1.038426, ??????????????????.[0m
[0m[INFO] [1779790332.760875823]: delta_orient: -1.015869, ??????????????????.[0m
[0m[INFO] [1779790332.847601457]: delta_orient: -1.001905, ??????????????????.[0m
[0m[INFO] [1779790332.979490137]: delta_orient: -0.986557, ??????????????????.[0m
[0m[INFO] [1779790333.046219977]: delta_orient: -0.978651, ??????????????????.[0m
[0m[INFO] [1779790333.176702907]: delta_orient: -0.969831, ??????????????????.[0m
[0m[INFO] [1779790333.246379455]: delta_orient: -0.960979, ??????????????????.[0m
[0m[INFO] [1779790333.382364386]: delta_orient: -0.953981, ??????????????????.[0m
[0m[INFO] [1779790333.458335935]: delta_orient: -0.929758, ??????????????????.[0m
[0m[INFO] [1779790333.556118236]: delta_orient: -0.915666, ??????????????????.[0m
[0m[INFO] [1779790333.673131373]: delta_orient: -0.907933, ??????????????????.[0m
[0m[INFO] [1779790333.747691214]: delta_orient: -0.900712, ??????????????????.[0m
[0m[INFO] [1779790333.851785308]: delta_orient: -0.877400, ??????????????????.[0m
[0m[INFO] [1779790333.963573986]: delta_orient: -0.868843, ??????????????????.[0m
[0m[INFO] [1779790334.050020036]: delta_orient: -0.852104, ??????????????????.[0m
[0m[INFO] [1779790334.144571671]: delta_orient: -0.844331, ??????????????????.[0m
[0m[INFO] [1779790334.240787264]: delta_orient: -0.827099, ??????????????????.[0m
[0m[INFO] [1779790334.343005357]: delta_orient: -0.818987, ??????????????????.[0m
[0m[INFO] [1779790334.458213702]: delta_orient: -0.811841, ??????????????????.[0m
[0m[INFO] [1779790334.550584253]: delta_orient: -0.811841, ??????????????????.[0m
[0m[INFO] [1779790334.696394351]: delta_orient: -0.789814, ??????????????????.[0m
[0m[INFO] [1779790334.750333815]: delta_orient: -0.782704, ??????????????????.[0m
[0m[INFO] [1779790334.902703288]: delta_orient: -0.768054, ??????????????????.[0m
[0m[INFO] [1779790334.957462961]: delta_orient: -0.768054, ??????????????????.[0m
[0m[INFO] [1779790335.109349559]: delta_orient: -0.742752, ??????????????????.[0m
[0m[INFO] [1779790335.152734397]: delta_orient: -0.725918, ??????????????????.[0m
[0m[INFO] [1779790335.272148826]: delta_orient: -0.725918, ??????????????????.[0m
[0m[INFO] [1779790335.380656420]: delta_orient: -0.710720, ??????????????????.[0m
[0m[INFO] [1779790335.440123467]: delta_orient: -0.703508, ??????????????????.[0m
[0m[INFO] [1779790335.562521688]: delta_orient: -0.695226, ??????????????????.[0m
[0m[INFO] [1779790335.644050988]: delta_orient: -0.679328, ??????????????????.[0m
[0m[INFO] [1779790335.770358417]: delta_orient: -0.665569, ??????????????????.[0m
[0m[INFO] [1779790335.845510175]: delta_orient: -0.650743, ??????????????????.[0m
[0m[INFO] [1779790335.958168644]: delta_orient: -0.642024, ??????????????????.[0m
[0m[INFO] [1779790336.048934612]: delta_orient: -0.625403, ??????????????????.[0m
[0m[INFO] [1779790336.143092496]: delta_orient: -0.608058, ??????????????????.[0m
[0m[INFO] [1779790336.255674674]: delta_orient: -0.599327, ??????????????????.[0m
[0m[INFO] [1779790336.353555684]: delta_orient: -0.591247, ??????????????????.[0m
[0m[INFO] [1779790336.453053986]: delta_orient: -0.575273, ??????????????????.[0m
[0m[INFO] [1779790336.554026163]: delta_orient: -0.559588, ??????????????????.[0m
[0m[INFO] [1779790336.682282259]: delta_orient: -0.552338, ??????????????????.[0m
[0m[INFO] [1779790336.764730309]: delta_orient: -0.544978, ??????????????????.[0m
[0m[INFO] [1779790336.855796235]: delta_orient: -0.521015, ??????????????????.[0m
[0m[INFO] [1779790336.959744787]: delta_orient: -0.514080, ??????????????????.[0m
[0m[INFO] [1779790337.056476630]: delta_orient: -0.514080, ??????????????????.[0m
[0m[INFO] [1779790337.167829474]: delta_orient: -0.498393, ??????????????????.[0m
[0m[INFO] [1779790337.258803067]: delta_orient: -0.483496, ??????????????????.[0m
[0m[INFO] [1779790337.363407036]: delta_orient: -0.475889, ??????????????????.[0m
[0m[INFO] [1779790337.462893796]: delta_orient: -0.461686, ??????????????????.[0m
[0m[INFO] [1779790337.554079013]: delta_orient: -0.461686, ??????????????????.[0m
[0m[INFO] [1779790337.677112026]: delta_orient: -0.439362, ??????????????????.[0m
[0m[INFO] [1779790337.755597492]: delta_orient: -0.431512, ??????????????????.[0m
[0m[INFO] [1779790337.856580669]: delta_orient: -0.415547, ??????????????????.[0m
[0m[INFO] [1779790337.960411096]: delta_orient: -0.407656, ??????????????????.[0m
[0m[INFO] [1779790338.066768815]: delta_orient: -0.392904, ??????????????????.[0m
[0m[INFO] [1779790338.153241282]: delta_orient: -0.384788, ??????????????????.[0m
[0m[INFO] [1779790338.277154419]: delta_orient: -0.368140, ??????????????????.[0m
[0m[INFO] [1779790338.353317927]: delta_orient: -0.368140, ??????????????????.[0m
[0m[INFO] [1779790338.452291812]: delta_orient: -0.368140, ??????????????????.[0m
[0m[INFO] [1779790338.559918864]: delta_orient: -0.340284, ??????????????????.[0m
[0m[INFO] [1779790338.652465873]: delta_orient: -0.333754, ??????????????????.[0m
[0m[INFO] [1779790338.751632842]: delta_orient: -0.320033, ??????????????????.[0m
[0m[INFO] [1779790338.857855519]: delta_orient: -0.305760, ??????????????????.[0m
[0m[INFO] [1779790338.956374987]: delta_orient: -0.289579, ??????????????????.[0m
[0m[INFO] [1779790339.054610081]: delta_orient: -0.289579, ??????????????????.[0m
[0m[INFO] [1779790339.151846799]: delta_orient: -0.272106, ??????????????????.[0m
[0m[INFO] [1779790339.252801975]: delta_orient: -0.263622, ??????????????????.[0m
[0m[INFO] [1779790339.360444778]: delta_orient: -0.239467, ??????????????????.[0m
[0m[INFO] [1779790339.453477996]: delta_orient: -0.232605, ??????????????????.[0m
[0m[INFO] [1779790339.575107966]: delta_orient: -0.219126, ??????????????????.[0m
[0m[INFO] [1779790339.665215475]: delta_orient: -0.212091, ??????????????????.[0m
[0m[INFO] [1779790339.743536733]: delta_o[33m[WARN] [1779790363.436472447]: makePlan is called.
[0m
[33m[WARN] [1779790384.836294097]: makePlan is called.
[0m
[33m[WARN] [1779790417.501572796]: makePlan is called.
[0m
rient: -0.195937, ??????????????????.[0m
[0m[INFO] [1779790339.859011370]: delta_orient: -0.195937, ??????????????????.[0m
[0m[INFO] [1779790339.977621757]: delta_orient: -0.170610, ??????????????????.[0m
[0m[INFO] [1779790340.057470765]: delta_orient: -0.154488, ??????????????????.[0m
[0m[INFO] [1779790340.186644778]: delta_orient: -0.154488, ??????????????????.[0m
[0m[INFO] [1779790340.260124368]: delta_orient: -0.146420, ??????????????????.[0m
[0m[INFO] [1779790340.347044710]: delta_orient: -0.138734, ??????????????????.[0m
[0m[INFO] [1779790340.455714596]: delta_orient: -0.124644, ??????????????????.[0m
[0m[INFO] [1779790340.576806859]: delta_orient: -0.109654, ??????????????????.[0m
[0m[INFO] [1779790340.681867536]: delta_orient: -0.094131, ??????????????????.[0m
[0m[INFO] [1779790340.763686669]: delta_orient: -0.085558, ??????????????????.[0m
[0m[INFO] [1779790340.852260595]: delta_orient: -0.069458, ??????????????????.[0m
[0m[INFO] [1779790340.951456146]: delta_orient: -0.054624, ??????????????????.[0m
[0m[INFO] [1779790416.736358969]: GOAL Reached![0m
[0m[INFO] [1779790417.609139182]: delta_orient: -1.608645, ??????????????????.[0m
[0m[INFO] [1779790417.705474650]: delta_orient: -1.608466, ??????????????????.[0m
[0m[INFO] [1779790417.806902327]: delta_orient: -1.608387, ??????????????????.[0m
[0m[INFO] [1779790417.916706379]: delta_orient: -1.608288, ??????????????????.[0m
[0m[INFO] [1779790418.028533724]: delta_orient: -1.607988, ??????????????????.[0m
[0m[INFO] [1779790418.124581900]: delta_orient: -1.605872, ??????????????????.[0m
[0m[INFO] [1779790418.221814827]: delta_orient: -1.603600, ??????????????????.[0m
[0m[INFO] [1779790418.324991045]: delta_orient: -1.600978, ??????????????????.[0m
[0m[INFO] [1779790418.436384973]: delta_orient: -1.579780, ??????????????????.[0m
[0m[INFO] [1779790418.507643230]: delta_orient: -1.568737, ??????????????????.[0m
[0m[INFO] [1779790418.605542615]: delta_orient: -1.540690, ??????????????????.[0m
[0m[INFO] [1779790418.705337542]: delta_orient: -1.525604, ??????????????????.[0m
[0m[INFO] [1779790418.805083469]: delta_orient: -1.508485, ??????????????????.[0m
[0m[INFO] [1779790418.905386770]: delta_orient: -1.503754, ??????????????????.[0m
[0m[INFO] [1779790419.004941947]: delta_orient: -1.503754, ??????????????????.[0m
[0m[INFO] [1779790419.105449124]: delta_orient: -1.501222, ??????????????????.[0m
[0m[INFO] [1779790419.204962592]: delta_orient: -1.483645, ??????????????????.[0m
[0m[INFO] [1779790419.304790769]: delta_orient: -1.483645, ??????????????????.[0m
[0m[INFO] [1779790419.404898945]: delta_orient: -1.466485, ??????????????????.[0m
[0m[INFO] [1779790419.504765622]: delta_orient: -1.457305, ??????????????????.[0m
[0m[INFO] [1779790419.614995508]: delta_orient: -1.441025, ??????????????????.[0m
[0m[INFO] [1779790419.720919519]: delta_orient: -1.434117, ??????????????????.[0m
[0m[INFO] [1779790419.821046362]: delta_orient: -1.427377, ??????????????????.[0m
[0m[INFO] [1779790419.935620624]: delta_orient: -1.405697, ??????????????????.[0m
[0m[INFO] [1779790420.004687297]: delta_orient: -1.380266, ??????????????????.[0m
[0m[INFO] [1779790420.104786432]: delta_orient: -1.380266, ??????????????????.[0m
[0m[INFO] [1779790420.205263859]: delta_orient: -1.364242, ??????????????????.[0m
[0m[INFO] [1779790420.316883245]: delta_orient: -1.356735, ??????????????????.[0m
[0m[INFO] [1779790420.420170006]: delta_orient: -1.341387, ??????????????????.[0m
[0m[INFO] [1779790420.505233723]: delta_orient: -1.333674, ??????????????????.[0m
[0m[INFO] [1779790420.604753024]: delta_orient: -1.318512, ??????????????????.[0m
[0m[INFO] [1779790420.704839034]: delta_orient: -1.301385, ??????????????????.[0m
[0m[INFO] [1779790420.816096754]: delta_orient: -1.301385, ??????????????????.[0m
[0m[INFO] [1779790420.915246514]: delta_orient: -1.293264, ??????????????????.[0m
[0m[INFO] [1779790421.015472232]: delta_orient: -1.277498, ??????????????????.[0m
[0m[INFO] [1779790421.105433908]: delta_orient: -1.261839, ??????????????????.[0m
[0m[INFO] [1779790421.204619835]: delta_orient: -1.253390, ??????????????????.[0m
[0m[INFO] [1779790421.307261720]: delta_orient: -1.245789, ??????????????????.[0m
[0m[INFO] [1779790421.414864272]: delta_orient: -1.238014, ??????????????????.[0m
[0m[INFO] [1779790421.520363616]: delta_orient: -1.215462, ??????????????????.[0m
[0m[INFO] [1779790421.618315793]: delta_orient: -1.208110, ??????????????????.[0m
[0m[INFO] [1779790421.705621260]: delta_orient: -1.192737, ??????????????????.[0m
[0m[INFO] [1779790421.805153687]: delta_orient: -1.192737, ??????????????????.[0m
[0m[INFO] [1779790421.904769530]: delta_orient: -1.184522, ??????????????????.[0m
[0m[INFO] [1779790422.006375707]: delta_orient: -1.152042, ??????????????????.[0m
[0m[INFO] [1779790422.104553050]: delta_orient: -1.152042, ??????????????????.[0m
[0m[INFO] [1779790422.204922852]: delta_orient: -1.138117, ??????????????????.[0m
[0m[INFO] [1779790422.314206279]: delta_orient: -1.130413, ??????????????????.[0m
[0m[INFO] [1779790422.448569543]: delta_orient: -1.113622, ??????????????????.[0m
[0m[INFO] [1779790422.504764674]: delta_orient: -1.098061, ??????????????????.[0m
[0m[INFO] [1779790422.637772562]: delta_orient: -1.083806, ??????????????????.[0m
[0m[INFO] [1779790422.704500652]: delta_orient: -1.067519, ??????????????????.[0m
[0m[INFO] [1779790422.804284787]: delta_orient: -1.058896, ??????????????????.[0m
[0m[INFO] [1779790422.904472005]: delta_orient: -1.041797, ??????????????????.[0m
[0m[INFO] [1779790423.005938474]: delta_orient: -1.041797, ??????????????????.[0m
[0m[INFO] [1779790423.105313109]: delta_orient: -1.018711, ??????????????????.[0m
[0m[INFO] [1779790423.204494077]: delta_orient: -1.011444, ??????????????????.[0m
[0m[INFO] [1779790423.304566087]: delta_orient: -0.995576, ??????????????????.[0m
[0m[INFO] [1779790423.413491640]: delta_orient: -0.988321, ??????????????????.[0m
[0m[INFO] [1779790423.504971149]: delta_orient: -0.988321, ??????????????????.[0m
[0m[INFO] [1779790423.604363867]: delta_orient: -0.973015, ??????????????????.[0m
[0m[INFO] [1779790423.717170045]: delta_orient: -0.964433, ??????????????????.[0m
[0m[INFO] [1779790423.804479013]: delta_orient: -0.947473, ??????????????????.[0m
[0m[INFO] [1779790423.912501857]: delta_orient: -0.930255, ??????????????????.[0m
[0m[INFO] [1779790424.013238575]: delta_orient: -0.913156, ??????????????????.[0m
[0m[INFO] [1779790424.104486209]: delta_orient: -0.904563, ??????????????????.[0m
[0m[INFO] [1779790424.204458761]: delta_orient: -0.887891, ??????????????????.[0m
[0m[INFO] [1779790424.316371856]: delta_orient: -0.879501, ??????????????????.[0m
[0m[INFO] [1779790424.404314323]: delta_orient: -0.863921, ??????????????????.[0m
[0m[INFO] [1779790424.504357458]: delta_orient: -0.847617, ??????????????????.[0m
[0m[INFO] [1779790424.605148426]: delta_orient: -0.839917, ??????????????????.[0m
[0m[INFO] [1779790424.704670645]: delta_orient: -0.831779, ??????????????????.[0m
[0m[INFO] [1779790424.804093113]: delta_orient: -0.823748, ??????????????????.[0m
[0m[INFO] [1779790424.904453290]: delta_orient: -0.807269, ??????????????????.[0m
[0m[INFO] [1779790425.004262508]: delta_orient: -0.790628, ??????????????????.[0m
[0m[INFO] [1779790425.111964811]: delta_orient: -0.782228, ??????????????????.[0m
[0m[INFO] [1779790425.211727946]: delta_orient: -0.766620, ??????????????????.[0m
[0m[INFO] [1779790425.304285163]: delta_orient: -0.752103, ??????????????????.[0m
[0m[INFO] [1779790425.404413465]: delta_orient: -0.737645, ??????????????????.[0m
[0m[INFO] [1779790425.504120017]: delta_orient: -0.737645, ??????????????????.[0m
[0m[INFO] [1779790425.603827735]: delta_orient: -0.729999, ??????????????????.[0m
[0m[INFO] [1779790425.714772204]: delta_orient: -0.714709, ??????????????????.[0m
[0m[INFO] [1779790425.811232797]: delta_orient: -0.698855, ??????????????????.[0m
[0m[INFO] [1779790425.910668099]: delta_orient: -0.690431, ??????????????????.[0m
[0m[INFO] [1779790426.015571568]: delta_orient: -0.681781, ??????????????????.[0m
[0m[INFO] [1779790426.116923703]: delta_orient: -0.666534, ??????????????????.[0m
[0m[INFO] [1779790426.225540381]: delta_orient: -0.659060, ??????????????????.[0m
[0m[INFO] [1779790426.322157015]: delta_orient: -0.644246, ??????????????????.[0m
[0m[INFO] [1779790426.414148400]: delta_orient: -0.629176, ??????????????????.[0m
[0m[INFO] [1779790426.503906492]: delta_orient: -0.621149, ??????????????????.[0m
[0m[INFO] [1779790426.603811669]: delta_orient: -0.613874, ??????????????????.[0m
[0m[INFO] [1779790426.708844638]: delta_orient: -0.593999, ??????????????????.[0m
[0m[INFO] [1779790426.803887439]: delta_orient: -0.593999, ??????????????????.[0m
[0m[INFO] [1779790426.906631699]: delta_orient: -0.579797, ??????????????????.[0m
[0m[INFO] [1779790427.003893209]: delta_orient: -0.572677, ??????????????????.[0m
[0m[INFO] [1779790427.103930219]: delta_orient: -0.565060, ??????????????????.[0m
[0m[INFO] [1779790427.204131729]: delta_orient: -0.549261, ??????????????????.[0m
[0m[INFO] [1779790427.304407031]: delta_orient: -0.530500, ??????????????????.[0m
[0m[INFO] [1779790427.404063999]: delta_orient: -0.513538, ??????????????????.[0m
[0m[INFO] [1779790427.503818968]: delta_orient: -0.505484, ??????????????????.[0m
[0m[INFO] [1779790427.603862103]: delta_orient: -0.498156, ??????????????????.[0m
[0m[INFO] [1779790427.704889321]: delta_orient: -0.483577, ??????????????????.[0m
[0m[INFO] [1779790427.803775706]: delta_orient: -0.476504, ??????????????????.[0m
[0m[INFO] [1779790427.903677674]: delta_orient: -0.459244, ??????????????????.[0m
[0m[INFO] [1779790428.003689893]: delta_orient: -0.459244, ??????????????????.[0m
[0m[INFO] [1779790428.104169653]: delta_orient: -0.451529, ??????????????????.[0m
[0m[INFO] [1779790428.210263122]: delta_orient: -0.443426, ??????????????????.[0m
[0m[INFO] [1779790428.316010091]: delta_orient: -0.425026, ??????????????????.[0m
[0m[INFO] [1779790428.403680725]: delta_orient: -0.415835, ??????????????????.[0m
[0m[INFO] [1779790428.503678651]: delta_orient: -0.392063, ??????????????????.[0m
[0m[INFO] [1779790428.603904370]: delta_orient: -0.384298, ??????????????????.[0m
[0m[INFO] [1779790428.703665463]: delta_orient: -0.363172, ??????????????????.[0m
[0m[INFO] [1779790428.803678556]: delta_orient: -0.356658, ??????????????????.[0m
[0m[INFO] [1779790428.911435984]: delta_orient: -0.349392, ??????????????????.[0m
[0m[INFO] [1779790429.009387285]: delta_orient: -0.341642, ??????????????????.[0m
[0m[INFO] [1779790429.123431880]: delta_orient: -0.326068, ??????????????????.[0m
[0m[INFO] [1779790429.217144681]: delta_orient: -0.317447, ??????????????????.[0m
[0m[INFO] [1779790429.310650691]: delta_orient: -0.292254, ??????????????????.[0m
[0m[INFO] [1779790429.410013367]: delta_orient: -0.284182, ??????????????????.[0m
[0m[INFO] [1779790429.513146419]: delta_orient: -0.268132, ??????????????????.[0m
[0m[INFO] [1779790429.612940471]: delta_orient: -0.259793, ??????????????????.[0m
[0m[INFO] [1779790429.703676230]: delta_orient: -0.252651, ??????????????????.[0m
[0m[INFO] [1779790429.803635074]: delta_orient: -0.252651, ??????????????????.[0m
[0m[INFO] [1779790429.903582250]: delta_orient: -0.246096, ??????????????????.[0m
[0m[INFO] [1779790430.004060552]: delta_orient: -0.226056, ??????????????????.[0m
[0m[INFO] [1779790430.108119938]: delta_orient: -0.209935, ??????????????????.[0m
[0m[INFO] [1779790430.221611532]: delta_orient: -0.193141, ??????????????????.[0m
[0m[INFO] [1779790430.310497250]: delta_orient: -0.176915, ??????????????????.[0m
[0m[INFO] [1779790430.404791342]: delta_orient: -0.176915, ??????????????????.[0m
[0m[INFO] [1779790430.503806936]: delta_orient: -0.161205, ??????????????????.[0m
[0m[INFO] [1779790430.604116362]: delta_orient: -0.153110, ??????????????????.[0m
[0m[INFO] [1779790430.711450290]: delta_orient: -0.137793, ??????????????????.[0m
[0m[INFO] [1779790430.803698924]: delta_orient: -0.116844, ??????????????????.[0m
[0m[INFO] [1[33m[WARN] [1779790441.101857876]: makePlan is called.
[0m
[33m[WARN] [1779790441.336445107]: Control loop missed its desired rate of 10.0000Hz... the loop actually took 0.1348 seconds[0m
[INFO] [1779790313.304627]: Saved planned path debug json to /home/neardi/work/Grinder/temp/path_debug/planned_path_tasktask_mapv48_pathv2_1779790313.json
[INFO] [1779790313.338970]: Planning success: path_version=2 points=198 length_m=9.821
[INFO] [1779790313.946757]: Saved planned path preview latest files: /home/neardi/work/Grinder/temp/aurora_path_preview_latest.jpg, /home/neardi/work/Grinder/temp/aurora_path_preview_tasktask_latest.jpg
[INFO] [1779790316.724520]: Live map cropped to free-space bbox: size=737x694 margin=0.50m
[INFO] [1779790322.357935]: Live map cropped to free-space bbox: size=737x694 margin=0.50m
[INFO] [1779790327.578514]: Skip chassis enable control by scheduler (requested enabled=True).
[INFO] [1779790327.597557]: task_enable runtime enabled reason=task_start_nav_cmd_vel_forward
[INFO] [1779790327.625247]: Published planned path to navigation: points=198
[INFO] [1779790327.633267]: Execution cursor update: idx=44 x=2.600 y=-0.600 force=True
[INFO] [1779790327.640162]: Task execution started: regions=work_region_1 active=work_region_1 mode=move_base_goal
[INFO] [1779790328.182837]: Live map cropped to free-space bbox: size=737x694 margin=0.50m
[INFO] [1779790329.897389]: Execution cursor update: idx=44 x=2.600 y=-0.600 force=False
[INFO] [1779790332.299318]: Execution cursor update: idx=44 x=2.600 y=-0.600 force=False
[INFO] [1779790334.279516]: Live map cropped to free-space bbox: size=737x694 margin=0.50m
[INFO] [1779790334.704761]: Execution cursor update: idx=44 x=2.600 y=-0.600 force=False
[INFO] [1779790336.895830]: Execution cursor update: idx=44 x=2.600 y=-0.600 force=False
[INFO] [1779790338.907533]: Execution cursor update: idx=44 x=2.600 y=-0.600 force=False
[INFO] [1779790339.591769]: Live map cropped to free-space bbox: size=737x694 margin=0.50m
[INFO] [1779790341.098811]: Execution cursor update: idx=44 x=2.600 y=-0.600 force=False
[INFO] [1779790343.142947]: Execution cursor update: idx=44 x=2.600 y=-0.600 force=False
[INFO] [1779790345.288621]: Live map cropped to free-space bbox: size=737x694 margin=0.50m
[INFO] [1779790345.355247]: Execution cursor update: idx=44 x=2.600 y=-0.600 force=False
[INFO] [1779790347.876811]: Execution cursor update: idx=44 x=2.600 y=-0.600 force=False
[INFO] [1779790350.435464]: Execution cursor update: idx=44 x=2.600 y=-0.600 force=False
[INFO] [1779790351.027248]: Live map cropped to free-space bbox: size=737x694 margin=0.50m
[INFO] [1779790352.882321]: Execution cursor update: idx=44 x=2.600 y=-0.600 force=False
[INFO] [1779790355.585755]: Execution cursor update: idx=44 x=2.600 y=-0.600 force=False
[INFO] [1779790356.509956]: Live map cropped to free-space bbox: size=737x694 margin=0.50m
[INFO] [1779790357.814703]: Execution cursor update: idx=44 x=2.600 y=-0.600 force=False
[INFO] [1779790360.013273]: Execution cursor update: idx=44 x=2.600 y=-0.600 force=False
[INFO] [1779790361.808839]: Live map cropped to free-space bbox: size=737x694 margin=0.50m
[INFO] [1779790362.016499]: Execution cursor update: idx=44 x=2.600 y=-0.600 force=False
[INFO] [1779790364.418097]: Execution cursor update: idx=60 x=2.650 y=0.150 force=False
[INFO] [1779790366.707207]: Execution cursor update: idx=60 x=2.650 y=0.150 force=False
[INFO] [1779790367.466018]: Live map cropped to free-space bbox: size=737x694 margin=0.50m
[INFO] [1779790368.907121]: Execution cursor update: idx=60 x=2.650 y=0.150 force=False
[INFO] [1779790371.302783]: Execution cursor update: idx=60 x=2.650 y=0.150 force=False
[INFO] [1779790372.838301]: Live map cropped to free-space bbox: size=737x694 margin=0.50m
[INFO] [1779790373.312040]: Execution cursor update: idx=60 x=2.650 y=0.150 force=False
[INFO] [1779790375.509731]: Execution cursor update: idx=60 x=2.650 y=0.150 force=False
[INFO] [1779790377.702332]: Execution cursor update: idx=60 x=2.650 y=0.150 force=False
[INFO] [1779790378.350976]: Live map cropped to free-space bbox: size=737x694 margin=0.50m
[INFO] [1779790380.100363]: Execution cursor update: idx=60 x=2.650 y=0.150 force=False
[INFO] [1779790382.302618]: Execution cursor update: idx=60 x=2.650 y=0.150 force=False
[INFO] [1779790384.013906]: Live map cropped to free-space bbox: size=737x694 margin=0.50m
[INFO] [1779790384.817355]: Execution cursor update: idx=120 x=-0.300 y=0.200 force=True
[INFO] [1779790387.292949]: Execution cursor update: idx=120 x=-0.300 y=0.200 force=False
[INFO] [1779790389.583260]: Live map cropped to free-space bbox: size=737x694 margin=0.50m
[INFO] [1779790389.597989]: Execution cursor update: idx=120 x=-0.300 y=0.200 force=False
[INFO] [1779790391.739294]: Execution cursor update: idx=120 x=-0.300 y=0.200 force=False
[INFO] [1779790393.983469]: Execution cursor update: idx=120 x=-0.300 y=0.200 force=False
[INFO] [1779790395.165106]: Live map cropped to free-space bbox: size=737x694 margin=0.50m
[INFO] [1779790396.287516]: Execution cursor update: idx=120 x=-0.300 y=0.200 force=False
[INFO] [1779790398.335049]: Execution cursor update: idx=120 x=-0.300 y=0.200 force=False
[INFO] [1779790400.707417]: Live map cropped to free-space bbox: size=737x694 margin=0.50m
[INFO] [1779790400.718004]: Execution cursor update: idx=120 x=-0.300 y=0.200 force=False
[INFO] [1779790402.834509]: Execution cursor update: idx=120 x=-0.300 y=0.200 force=False
[INFO] [1779790405.044942]: Execution cursor update: idx=120 x=-0.300 y=0.200 force=False
[INFO] [1779790406.185103]: Live map cropped to free-space bbox: size=737x694 margin=0.50m
[INFO] [1779790407.254160]: Execution cursor update: idx=120 x=-0.300 y=0.200 force=False
[INFO] [1779790409.387460]: Execution cursor update: idx=120 x=-0.300 y=0.200 force=False
[INFO] [1779790411.586547]: Live map cropped to free-space bbox: size=737x694 margin=0.50m
[INFO] [1779790411.604705]: Execution cursor update: idx=120 x=-0.300 y=0.200 force=False
[INFO] [1779790413.804401]: Execution cursor update: idx=120 x=-0.300 y=0.200 force=False
[INFO] [1779790416.014728]: Execution cursor update: idx=120 x=-0.300 y=0.200 force=False
[INFO] [1779790417.070952]: Live map cropped to free-space bbox: size=737x694 margin=0.50m
[INFO] [1779790418.701892]: Execution cursor update: idx=136 x=-0.350 y=0.950 force=False
[INFO] [1779790420.900354]: Execution cursor update: idx=136 x=-0.350 y=0.950 force=False
[INFO] [1779790422.624789]: Live map cropped to free-space bbox: size=737x694 margin=0.50m
[INFO] [1779790422.904600]: Execution cursor update: idx=136 x=-0.350 y=0.950 force=False
[INFO] [1779790425.300781]: Execution cursor update: idx=136 x=-0.350 y=0.950 force=False
[INFO] [1779790427.710134]: Execution cursor update: idx=136 x=-0.350 y=0.950 force=False
[INFO] [1779790428.188689]: Live map cropped to free-space bbox: size=737x694 margin=0.50m
[INFO] [1779790429.900465]: Execution cursor update: idx=136 x=-0.350 y=0.950 force=False
[INFO] [1779790432.100265]: Execution cursor update: idx=136 x=-0.350 y=0.950 force=False
[INFO] [1779790433.795288]: Live map cropped to free-space bbox: size=737x694 margin=0.50m
[INFO] [1779790434.105731]: Execution cursor update: idx=136 x=-0.350 y=0.950 force=False
[INFO] [1779790436.500602]: Execution cursor update: idx=136 x=-0.350 y=0.950 force=False
[INFO] [1779790438.512490]: Execution cursor update: idx=136 x=-0.350 y=0.950 force=False
[INFO] [1779790439.441664]: Live map cropped to free-space bbox: size=737x694 margin=0.50m
[INFO] [1779790440.666428]: Execution cursor update: idx=136 x=-0.350 y=0.950 force=False
[INFO] [1779790443.442931]: Execution cursor update: idx=196 x=2.600 y=1.000 force=False
[INFO] [1779790445.281688]: Live map cropped to free-space bbox: size=737x694 margin=0.50m
[INFO] [1779790445.611089]: Execution cursor update: idx=196 x=2.600 y=1.000 force=False
[INFO] [1779790447.859636]: Execution cursor update: idx=196 x=2.600 y=1.000 force=False
[INFO] [1779790450.082142]: Execution cursor update: idx=196 x=2.600 y=1.000 force=False
[INFO] [1779790450.613091]: Live map cropped to free-space bbox: size=737x694 margin=0.50m
[INFO] [1779790452.470893]: Execution cursor update: idx=196 x=2.600 y=1.000 force=False
[INFO] [1779790454.836891]: Execution cursor update: idx=196 x=2.600 y=1.000 force=False
