... logging to /home/neardi/.ros/log/09b6e0fa-5a49-11f1-b8d2-c285ead2937b/roslaunch-LPA3588-25121.log
Checking log directory for disk usage. This may take a while.
Press Ctrl-C to interrupt
Done checking log file disk usage. Usage is <1GB.
]2;/home/neardi/work/Grinder/catkin_ws/src/grinder_scheduler/launch/grinder_system.launch
[1mstarted roslaunch server http://LPA3588:38407/[0m

SUMMARY
========

PARAMETERS
 * /chassis_driver/baudrate: 19200
 * /chassis_driver/cmd_source_hold_sec: 0.2
 * /chassis_driver/cmd_vel_deadband_angular: 0.0
 * /chassis_driver/cmd_vel_deadband_linear: 0.0
 * /chassis_driver/cmd_vel_drive_left_sign: 1
 * /chassis_driver/cmd_vel_drive_right_sign: 1
 * /chassis_driver/cmd_vel_drive_swap_lr: False
 * /chassis_driver/cmd_vel_enabled: True
 * /chassis_driver/cmd_vel_filter_angular_accel: 0.2
 * /chassis_driver/cmd_vel_filter_angular_deadband: 0.005
 * /chassis_driver/cmd_vel_filter_enabled: True
 * /chassis_driver/cmd_vel_filter_linear_accel: 0.2
 * /chassis_driver/cmd_vel_filter_sign_confirm_count: 2
 * /chassis_driver/cmd_vel_gear_ratio: 60.0
 * /chassis_driver/cmd_vel_max_abs_wheel_rpm: 3000.0
 * /chassis_driver/cmd_vel_max_angular: 0.1
 * /chassis_driver/cmd_vel_max_input_v: 0.1
 * /chassis_driver/cmd_vel_max_input_w: 0.1
 * /chassis_driver/cmd_vel_max_linear: 0.1
 * /chassis_driver/cmd_vel_scale: 1.0
 * /chassis_driver/cmd_vel_topic: /cmd_vel
 * /chassis_driver/cmd_vel_wheel_radius_m: 0.15
 * /chassis_driver/cmd_vel_wheel_track_m: 0.79
 * /chassis_driver/command_timeout: 5
 * /chassis_driver/disc_speed_max: 32767
 * /chassis_driver/disc_speed_min: -32768
 * /chassis_driver/drive_left_sign: -1
 * /chassis_driver/drive_right_sign: -1
 * /chassis_driver/drive_swap_lr: False
 * /chassis_driver/enable_cmd_ramp_limit: False
 * /chassis_driver/enable_safe_stop_on_comm_error: False
 * /chassis_driver/left_speed_max: 32767
 * /chassis_driver/left_speed_min: -32768
 * /chassis_driver/manual_drive_max_wheel_speed: 600
 * /chassis_driver/manual_wheel_deadband_rpm: 30
 * /chassis_driver/manual_wheel_hyst_enter_rpm: 60
 * /chassis_driver/manual_wheel_hyst_exit_rpm: 30
 * /chassis_driver/max_cmd_step_rpm: 50
 * /chassis_driver/max_echo_deviation: 2000
 * /chassis_driver/max_echo_failures: 20
 * /chassis_driver/max_retries: 3
 * /chassis_driver/poll_rate_hz: 20.0
 * /chassis_driver/port: /dev/ttyS0
 * /chassis_driver/right_speed_max: 32767
 * /chassis_driver/right_speed_min: -32768
 * /chassis_driver/rs485_raw_log_enabled: False
 * /chassis_driver/rs485_raw_log_file: temp/chassis_rs48...
 * /chassis_driver/safe_stop_on_error_interval: 2.0
 * /chassis_driver/slave_id: 1
 * /chassis_driver/startup_zero_output: True
 * /chassis_driver/stop_on_timeout: True
 * /chassis_driver/task_enable_default: False
 * /chassis_driver/timeout: 0.1
 * /chassis_driver/write_verify: False
 * /grinder_scheduler/aurora_ip_address: 192.168.11.1
 * /grinder_scheduler/aurora_no_preview_image: False
 * /grinder_scheduler/aurora_raw_image_on: True
 * /grinder_scheduler/change_map_service: /change_map
 * /grinder_scheduler/default_path_spacing: 0.425
 * /grinder_scheduler/depth_image_colorized_topic: /slamware_ros_sdk...
 * /grinder_scheduler/draw_region_id_on_preview: True
 * /grinder_scheduler/draw_region_label_on_preview: False
 * /grinder_scheduler/first_frame_save_dir: temp
 * /grinder_scheduler/global_plan_publish_hz: 2
 * /grinder_scheduler/inflation_radius: 0.06
 * /grinder_scheduler/initial_map_preview_dir: temp
 * /grinder_scheduler/initial_map_preview_format: jpg
 * /grinder_scheduler/initial_map_preview_max_edge: 640
 * /grinder_scheduler/left_image_topic: /slamware_ros_sdk...
 * /grinder_scheduler/live_map_cache_clear_mode: all
 * /grinder_scheduler/live_map_dir: temp/live_map
 * /grinder_scheduler/live_map_enabled: True
 * /grinder_scheduler/live_map_hz: 1.0
 * /grinder_scheduler/live_map_image_name: map1.pgm
 * /grinder_scheduler/live_map_yaml_name: map.yaml
 * /grinder_scheduler/live_preview_enabled: True
 * /grinder_scheduler/live_preview_file: temp/aurora_map_p...
 * /grinder_scheduler/live_preview_format: jpg
 * /grinder_scheduler/live_preview_hz: 1.0
 * /grinder_scheduler/live_preview_max_edge: 640
 * /grinder_scheduler/local_rtsp_enabled: True
 * /grinder_scheduler/local_rtsp_encoder: libx264
 * /grinder_scheduler/local_rtsp_fps: 15
 * /grinder_scheduler/local_rtsp_host: 0.0.0.0
 * /grinder_scheduler/local_rtsp_log_dir: temp
 * /grinder_scheduler/local_rtsp_mediamtx_path: /home/neardi/work...
 * /grinder_scheduler/local_rtsp_port: 8554
 * /grinder_scheduler/local_rtsp_public_host: auto
 * /grinder_scheduler/local_rtsp_start_server: True
 * /grinder_scheduler/local_rtsp_width: 640
 * /grinder_scheduler/manual_reverse_guard_sec: 1.0
 * /grinder_scheduler/map_topic: /map
 * /grinder_scheduler/navigation_map_yaml_path: /home/neardi/work...
 * /grinder_scheduler/odom_topic: /slamware_ros_sdk...
 * /grinder_scheduler/overlap_ratio: 0
 * /grinder_scheduler/path_goal_reach_dist: 0.03
 * /grinder_scheduler/path_plan_request_use_all_regions: True
 * /grinder_scheduler/path_segment_timeout: 60.0
 * /grinder_scheduler/persist_state_dir: temp/grinder_sche...
 * /grinder_scheduler/persist_state_enabled: True
 * /grinder_scheduler/planned_path_preview_arrow_len_px: 12
 * /grinder_scheduler/planned_path_preview_arrow_step: 10
 * /grinder_scheduler/planned_path_preview_dir: temp
 * /grinder_scheduler/planned_path_preview_format: jpg
 * /grinder_scheduler/planned_path_preview_include_overlay: True
 * /grinder_scheduler/planned_path_preview_max_edge: 640
 * /grinder_scheduler/planned_path_preview_show_direction: True
 * /grinder_scheduler/planner_script_path: third_party/path_...
 * /grinder_scheduler/preview_max_edge_cap: 640
 * /grinder_scheduler/right_image_topic: /slamware_ros_sdk...
 * /grinder_scheduler/save_first_frame_on_startup: False
 * /grinder_scheduler/scheduler_tick_hz: 5
 * /grinder_scheduler/set_map_localization_topic: /slamware_ros_sdk...
 * /grinder_scheduler/set_map_update_topic: /slamware_ros_sdk...
 * /grinder_scheduler/sl_linka_host: 0.0.0.0
 * /grinder_scheduler/sl_linka_port: 8002
 * /grinder_scheduler/sl_linka_python_sdk_dir: third_party/sl_li...
 * /grinder_scheduler/start_aurora_driver: False
 * /grinder_scheduler/stcm_local_dir: maps/raw
 * /grinder_scheduler/stream_enabled: True
 * /grinder_scheduler/stream_fps: 8
 * /grinder_scheduler/stream_push_hz: 20
 * /grinder_scheduler/stream_url: rtmp://127.0.0.1:...
 * /grinder_scheduler/stream_width: 1280
 * /grinder_scheduler/sync_get_stcm_service: /slamware_ros_sdk...
 * /grinder_scheduler/sync_set_stcm_service: /slamware_ros_sdk...
 * /grinder_scheduler/turn_radius: 0.1
 * /grinder_scheduler/use_depth_colorized_image: False
 * /grinder_scheduler/vehicle_length: 1.531
 * /grinder_scheduler/vehicle_width: 0.8
 * /move_base/TebLocalPlannerROS/acc_lim_theta: 0.05
 * /move_base/TebLocalPlannerROS/acc_lim_x: 0.1
 * /move_base/TebLocalPlannerROS/allow_init_with_backwards_motion: False
 * /move_base/TebLocalPlannerROS/complete_global_plan: True
 * /move_base/TebLocalPlannerROS/costmap_converter/CostmapToLinesDBSRANSAC/cluster_max_distance: 0.2
 * /move_base/TebLocalPlannerROS/costmap_converter/CostmapToLinesDBSRANSAC/cluster_min_pts: 2
 * /move_base/TebLocalPlannerROS/costmap_converter/CostmapToLinesDBSRANSAC/convex_hull_min_pt_separation: 0.1
 * /move_base/TebLocalPlannerROS/costmap_converter/CostmapToLinesDBSRANSAC/ransac_convert_outlier_pts: True
 * /move_base/TebLocalPlannerROS/costmap_converter/CostmapToLinesDBSRANSAC/ransac_filter_remaining_outlier_pts: False
 * /move_base/TebLocalPlannerROS/costmap_converter/CostmapToLinesDBSRANSAC/ransac_inlier_distance: 0.15
 * /move_base/TebLocalPlannerROS/costmap_converter/CostmapToLinesDBSRANSAC/ransac_min_inliers: 10
 * /move_base/TebLocalPlannerROS/costmap_converter/CostmapToLinesDBSRANSAC/ransac_no_iterations: 1500
 * /move_base/TebLocalPlannerROS/costmap_converter/CostmapToLinesDBSRANSAC/ransac_remainig_outliers: 3
 * /move_base/TebLocalPlannerROS/costmap_converter_plugin: 
 * /move_base/TebLocalPlannerROS/costmap_converter_rate: 5
 * /move_base/TebLocalPlannerROS/costmap_converter_spin_thread: True
 * /move_base/TebLocalPlannerROS/costmap_obstacles_behind_robot_dist: 0.3
 * /move_base/TebLocalPlannerROS/delete_detours_backwards: True
 * /move_base/TebLocalPlannerROS/dt_hysteresis: 0.1
 * /move_base/TebLocalPlannerROS/dt_ref: 0.4
 * /move_base/TebLocalPlannerROS/dynamic_obstacle_inflation_dist: 0.3
 * /move_base/TebLocalPlannerROS/enable_homotopy_class_planning: False
 * /move_base/TebLocalPlannerROS/enable_multithreading: True
 * /move_base/TebLocalPlannerROS/exact_arc_length: False
 * /move_base/TebLocalPlannerROS/feasibility_check_no_poses: 5
 * /move_base/TebLocalPlannerROS/footprint_model/type: polygon
 * /move_base/TebLocalPlannerROS/footprint_model/vertices: [[-0.15, 0.5], [1...
 * /move_base/TebLocalPlannerROS/free_goal_vel: False
 * /move_base/TebLocalPlannerROS/global_plan_overwrite_orientation: False
 * /move_base/TebLocalPlannerROS/global_plan_prune_distance: 1
 * /move_base/TebLocalPlannerROS/global_plan_viapoint_sep: 0.2
 * /move_base/TebLocalPlannerROS/h_signature_prescaler: 0.5
 * /move_base/TebLocalPlannerROS/h_signature_threshold: 0.1
 * /move_base/TebLocalPlannerROS/include_costmap_obstacles: True
 * /move_base/TebLocalPlannerROS/include_dynamic_obstacles: False
 * /move_base/TebLocalPlannerROS/inflation_dist: 0.35
 * /move_base/TebLocalPlannerROS/max_global_plan_lookahead_dist: 1.0
 * /move_base/TebLocalPlannerROS/max_number_classes: 4
 * /move_base/TebLocalPlannerROS/max_ratio_detours_duration_best_duration: 3.0
 * /move_base/TebLocalPlannerROS/max_samples: 200
 * /move_base/TebLocalPlannerROS/max_vel_theta: 0.1
 * /move_base/TebLocalPlannerROS/max_vel_x: 0.1
 * /move_base/TebLocalPlannerROS/max_vel_x_backwards: 0.05
 * /move_base/TebLocalPlannerROS/max_vel_y: 0.0
 * /move_base/TebLocalPlannerROS/min_obstacle_dist: 0.25
 * /move_base/TebLocalPlannerROS/min_turning_radius: 0.0
 * /move_base/TebLocalPlannerROS/no_inner_iterations: 5
 * /move_base/TebLocalPlannerROS/no_outer_iterations: 4
 * /move_base/TebLocalPlannerROS/obstacle_cost_exponent: 4
 * /move_base/TebLocalPlannerROS/obstacle_heading_threshold: 0.45
 * /move_base/TebLocalPlannerROS/obstacle_poses_affected: 15
 * /move_base/TebLocalPlannerROS/odom_topic: odom
 * /move_base/TebLocalPlannerROS/optimization_activate: True
 * /move_base/TebLocalPlannerROS/optimization_verbose: False
 * /move_base/TebLocalPlannerROS/oscillation_filter_duration: 10
 * /move_base/TebLocalPlannerROS/oscillation_omega_eps: 0.03
 * /move_base/TebLocalPlannerROS/oscillation_recovery: True
 * /move_base/TebLocalPlannerROS/oscillation_recovery_min_duration: 10
 * /move_base/TebLocalPlannerROS/oscillation_v_eps: 0.03
 * /move_base/TebLocalPlannerROS/penalty_epsilon: 0.03
 * /move_base/TebLocalPlannerROS/publish_feedback: False
 * /move_base/TebLocalPlannerROS/roadmap_graph_area_length_scale: 1.0
 * /move_base/TebLocalPlannerROS/roadmap_graph_area_width: 5
 * /move_base/TebLocalPlannerROS/roadmap_graph_no_samples: 15
 * /move_base/TebLocalPlannerROS/selection_alternative_time_cost: False
 * /move_base/TebLocalPlannerROS/selection_cost_hysteresis: 1.0
 * /move_base/TebLocalPlannerROS/selection_obst_cost_scale: 100.0
 * /move_base/TebLocalPlannerROS/selection_prefer_initial_plan: 0.9
 * /move_base/TebLocalPlannerROS/shrink_horizon_backup: True
 * /move_base/TebLocalPlannerROS/shrink_horizon_min_duration: 10
 * /move_base/TebLocalPlannerROS/switching_blocking_period: 0.0
 * /move_base/TebLocalPlannerROS/teb_autosize: True
 * /move_base/TebLocalPlannerROS/viapoints_all_candidates: True
 * /move_base/TebLocalPlannerROS/visualize_hc_graph: False
 * /move_base/TebLocalPlannerROS/visualize_with_time_as_z_axis_scale: False
 * /move_base/TebLocalPlannerROS/weight_acc_lim_theta: 1.0
 * /move_base/TebLocalPlannerROS/weight_acc_lim_x: 1.0
 * /move_base/TebLocalPlannerROS/weight_adapt_factor: 2
 * /move_base/TebLocalPlannerROS/weight_dynamic_obstacle: 10
 * /move_base/TebLocalPlannerROS/weight_dynamic_obstacle_inflation: 0.2
 * /move_base/TebLocalPlannerROS/weight_inflation: 0.2
 * /move_base/TebLocalPlannerROS/weight_kinematics_forward_drive: 800
 * /move_base/TebLocalPlannerROS/weight_kinematics_nh: 1000
 * /move_base/TebLocalPlannerROS/weight_kinematics_turning_radius: 1
 * /move_base/TebLocalPlannerROS/weight_max_vel_theta: 1
 * /move_base/TebLocalPlannerROS/weight_max_vel_x: 2
 * /move_base/TebLocalPlannerROS/weight_obstacle: 100
 * /move_base/TebLocalPlannerROS/weight_optimaltime: 1
 * /move_base/TebLocalPlannerROS/weight_shortest_path: 1
 * /move_base/TebLocalPlannerROS/weight_viapoint: 20
 * /move_base/TebLocalPlannerROS/xy_goal_tolerance: 0.12
 * /move_base/TebLocalPlannerROS/yaw_goal_tolerance: 0.05
 * /move_base/base_global_planner: carrot_planner/Ca...
 * /move_base/base_local_planner: teb_local_planner...
 * /move_base/controller_frequency: 10.0
 * /move_base/controller_patience: 10.0
 * /move_base/global_costmap/always_send_full_costmap: True
 * /move_base/global_costmap/footprint: [[-0.15, 0.5], [1...
 * /move_base/global_costmap/footprint_padding: 0.0
 * /move_base/global_costmap/global_frame: map
 * /move_base/global_costmap/inflation_layer/cost_scaling_factor: 10.0
 * /move_base/global_costmap/inflation_layer/enabled: True
 * /move_base/global_costmap/inflation_layer/inflation_radius: 0.1
 * /move_base/global_costmap/map_type: costmap
 * /move_base/global_costmap/obstacle_layer/combination_method: 1
 * /move_base/global_costmap/obstacle_layer/enabled: True
 * /move_base/global_costmap/obstacle_layer/inflation_radius: 0.2
 * /move_base/global_costmap/obstacle_layer/laser_scan_sensor/clearing: True
 * /move_base/global_costmap/obstacle_layer/laser_scan_sensor/data_type: LaserScan
 * /move_base/global_costmap/obstacle_layer/laser_scan_sensor/marking: True
 * /move_base/global_costmap/obstacle_layer/laser_scan_sensor/topic: scan
 * /move_base/global_costmap/obstacle_layer/observation_sources: laser_scan_sensor
 * /move_base/global_costmap/obstacle_layer/obstacle_range: 3.0
 * /move_base/global_costmap/obstacle_layer/raytrace_range: 4.0
 * /move_base/global_costmap/obstacle_layer/track_unknown_space: True
 * /move_base/global_costmap/plugins: [{'name': 'static...
 * /move_base/global_costmap/publish_frequency: 2.0
 * /move_base/global_costmap/robot_base_frame: base_link
 * /move_base/global_costmap/robot_radius: 0.0
 * /move_base/global_costmap/static_layer/enabled: True
 * /move_base/global_costmap/static_layer/map_topic: map
 * /move_base/global_costmap/static_map: True
 * /move_base/global_costmap/transform_tolerance: 0.5
 * /move_base/global_costmap/update_frequency: 2.0
 * /move_base/local_costmap/always_send_full_costmap: True
 * /move_base/local_costmap/footprint: [[-0.15, 0.5], [1...
 * /move_base/local_costmap/footprint_padding: 0.0
 * /move_base/local_costmap/global_frame: map
 * /move_base/local_costmap/height: 5
 * /move_base/local_costmap/inflation_layer/cost_scaling_factor: 10.0
 * /move_base/local_costmap/inflation_layer/enabled: True
 * /move_base/local_costmap/inflation_layer/inflation_radius: 0.1
 * /move_base/local_costmap/map_type: costmap
 * /move_base/local_costmap/obstacle_layer/combination_method: 1
 * /move_base/local_costmap/obstacle_layer/enabled: True
 * /move_base/local_costmap/obstacle_layer/inflation_radius: 0.2
 * /move_base/local_costmap/obstacle_layer/laser_scan_sensor/clearing: True
 * /move_base/local_costmap/obstacle_layer/laser_scan_sensor/data_type: LaserScan
 * /move_base/local_costmap/obstacle_layer/laser_scan_sensor/marking: True
 * /move_base/local_costmap/obstacle_layer/laser_scan_sensor/topic: scan
 * /move_base/local_costmap/obstacle_layer/observation_sources: laser_scan_sensor
 * /move_base/local_costmap/obstacle_layer/obstacle_range: 3.0
 * /move_base/local_costmap/obstacle_layer/raytrace_range: 4.0
 * /move_base/local_costmap/obstacle_layer/track_unknown_space: True
 * /move_base/local_costmap/plugins: [{'name': 'static...
 * /move_base/local_costmap/publish_frequency: 5.0
 * /move_base/local_costmap/resolution: 0.1
 * /move_base/local_costmap/robot_base_frame: base_link
 * /move_base/local_costmap/robot_radius: 0.0
 * /move_base/local_costmap/rolling_window: True
 * /move_base/local_costmap/static_layer/enabled: True
 * /move_base/local_costmap/static_layer/map_topic: map
 * /move_base/local_costmap/static_map: False
 * /move_base/local_costmap/transform_tolerance: 0.5
 * /move_base/local_costmap/update_frequency: 5.0
 * /move_base/local_costmap/width: 5
 * /rosdistro: noetic
 * /rosversion: 1.17.4
 * /slamware_ros_sdk_server_node/angle_compensate: True
 * /slamware_ros_sdk_server_node/camera_left: base_camera_left
 * /slamware_ros_sdk_server_node/camera_right: base_camera_right
 * /slamware_ros_sdk_server_node/imu_frame: base_imu_link
 * /slamware_ros_sdk_server_node/imu_raw_data_period: 0.005
 * /slamware_ros_sdk_server_node/ip_address: 192.168.11.1
 * /slamware_ros_sdk_server_node/ladar_data_clockwise: True
 * /slamware_ros_sdk_server_node/laser_frame: base_laser_link
 * /slamware_ros_sdk_server_node/map_frame: map
 * /slamware_ros_sdk_server_node/map_pub_period: 0.2
 * /slamware_ros_sdk_server_node/no_preview_image: False
 * /slamware_ros_sdk_server_node/odom_frame: odom
 * /slamware_ros_sdk_server_node/raw_image_on: False
 * /slamware_ros_sdk_server_node/robot_frame: base_link
 * /slamware_ros_sdk_server_node/robot_pose_pub_period: 0.05
 * /slamware_ros_sdk_server_node/robot_pose_topic: robot_pose
 * /slamware_ros_sdk_server_node/scan_pub_period: 0.1
 * /use_sim_time: False

NODES
  /
    baselink2map (tf2_ros/static_transform_publisher)
    chassis_driver (grinder_chassis_driver/chassis_driver_node.py)
    grinder_scheduler (grinder_scheduler/scheduler_node.py)
    move_base (move_base/move_base)
    odom2map (tf2_ros/static_transform_publisher)
    rviz (rviz/rviz)
    slamware_ros_sdk_server_node (slamware_ros_sdk/slamware_ros_sdk_server_node)
[0m[INFO] [1779940519.838381887]: Trying to connect to Aurora, tryCnt: 1.[0m
[0m[INFO] [1779940519.867259515]: Selected device: tcp/192.168.11.1:7447[0m
[0m[INFO] [1779940519.867300640]: Connecting to the selected device...[0m
[0m[INFO] [1779940519.915334645]: Connected to the selected device[0m
[0m[INFO] [1779940519.952392066]: Connected to Aurora, OK, tryCnt: 1.[0m
[0m[INFO] [1779940519.952767732]: Odometry:0.1000[0m
[0m[INFO] [1779940519.961533191]: RobotPose:0.0500[0m
[0m[INFO] [1779940519.964348650]: ExploreMapUpdate:0.2000[0m
[0m[INFO] [1779940519.964393275]: ExploreMapPublish:0.2000[0m
[0m[INFO] [1779940519.968544276]: LaserScan:0.1000[0m
[0m[INFO] [1779940519.969761401]: ServerImuRawDataWorker:0.0050[0m
[0m[INFO] [1779940519.970940026]: RosConnectWorker:0.1000[0m
[0m[INFO] [1779940519.972365693]: SystemStatus:0.0500[0m
[0m[INFO] [1779940519.974857109]: StereoImage:0.0500[0m
[0m[INFO] [1779940519.979147527]: PointCloud:0.1000[0m
[0m[INFO] [1779940520.011313113]: SlamwareRosSdkServer, work thread begin.[0m
[0m[INFO] [1779940520.011427738]: reset all 12 workers on work loop begin.[0m
[0m[INFO] [1779940520.011670697]: Depth camera supported, subscription enabled, post-filtering on[0m
[0m[INFO] [1779940520.011834613]: Semantic segmentation supported and subscription enabled[0m
[0m[INFO] [1779940520.011901113]: Semantic segmentation label set: coco80[0m
[0m[INFO] [1779940520.011981030]: Label ID: 0, Name: (null)[0m
[0m[INFO] [1779940520.012025655]: Label ID: 1, Name: person[0m
[0m[INFO] [1779940520.012060655]: Label ID: 2, Name: bicycle[0m
[0m[INFO] [1779940520.012101488]: Label ID: 3, Name: car[0m
[0m[INFO] [1779940520.012141155]: Label ID: 4, Name: motorcycle[0m
[0m[INFO] [1779940520.012176447]: Label ID: 5, Name: airplane[0m
[0m[INFO] [1779940520.012216113]: Label ID: 6, Name: bus[0m
[0m[INFO] [1779940520.012254905]: Label ID: 7, Name: train[0m
[0m[INFO] [1779940520.012294280]: Label ID: 8, Name: truck[0m
[0m[INFO] [1779940520.012340363]: Label ID: 9, Name: boat[0m
[0m[INFO] [1779940520.012378572]: Label ID: 10, Name: traffic light[0m
[0m[INFO] [1779940520.012413863]: Label ID: 11, Name: fire hydrant[0m
[0m[INFO] [1779940520.012453238]: Label ID: 12, Name: stop sign[0m
[0m[INFO] [1779940520.012485905]: Label ID: 13, Name: parking meter[0m
[0m[INFO] [1779940520.012526738]: Label ID: 14, Name: bench[0m
[0m[INFO] [1779940520.012566988]: Label ID: 15, Name: bird[0m
[0m[INFO] [1779940520.012606947]: Label ID: 16, Name: cat[0m
[0m[INFO] [1779940520.012646322]: Label ID: 17, Name: dog[0m
[0m[INFO] [1779940520.012685988]: Label ID: 18, Name: horse[0m
[0m[INFO] [1779940520.012725363]: Label ID: 19, Name: sheep[0m
[0m[INFO] [1779940520.012764738]: Label ID: 20, Name: cow[0m
[0m[INFO] [1779940520.012804113]: Label ID: 21, Name: elephant[0m
[0m[INFO] [1779940520.012843197]: Label ID: 22, Name: bear[0m
[0m[INFO] [1779940520.012883155]: Label ID: 23, Name: zebra[0m
[0m[INFO] [1779940520.012922238]: Label ID: 24, Name: giraffe[0m
[0m[INFO] [1779940520.012961905]: Label ID: 25, Name: backpack[0m
[0m[INFO] [1779940520.013001572]: Label ID: 26, Name: umbrella[0m
[0m[INFO] [1779940520.013041238]: Label ID: 27, Name: handbag[0m
[0m[INFO] [1779940520.013080905]: Label ID: 28, Name: tie[0m
[0m[INFO] [1779940520.013119988]: Label ID: 29, Name: suitcase[0m
[0m[INFO] [1779940520.013159947]: Label ID: 30, Name: frisbee[0m
[0m[INFO] [1779940520.013199030]: Label ID: 31, Name: skis[0m
[0m[INFO] [1779940520.013238988]: Label ID: 32, Name: snowboard[0m
[0m[INFO] [1779940520.013278655]: Label ID: 33, Name: sports ball[0m
[0m[INFO] [1779940520.013318322]: Label ID: 34, Name: kite[0m
[0m[INFO] [1779940520.013357988]: Label ID: 35, Name: baseball bat[0m
[0m[INFO] [1779940520.013397655]: Label ID: 36, Name: baseball glove[0m
[0m[INFO] [1779940520.013437613]: Label ID: 37, Name: skateboard[0m
[0m[INFO] [1779940520.013476988]: Label ID: 38, Name: surfboard[0m
[0m[INFO] [1779940520.013516363]: Label ID: 39, Name: tennis racket[0m
[0m[[33m[WARN] [1779940520.222454718]: global_costmap: Pre-Hydro parameter "static_map" unused since "plugins" is provided[0m
[33m[WARN] [1779940520.224975885]: global_costmap: Pre-Hydro parameter "map_type" unused since "plugins" is provided[0m
[33m[WARN] [1779940520.841831697]: local_costmap: Pre-Hydro parameter "static_map" unused since "plugins" is provided[0m
[33m[WARN] [1779940520.842822488]: local_costmap: Pre-Hydro parameter "map_type" unused since "plugins" is provided[0m
[WARN] [1779940521.614339]: RTSP encoder probe failed, skip encoder=h264_v4l2m2m for stream left
[WARN] [1779940521.788840]: RTSP encoder probe failed, skip encoder=h264_vaapi for stream left
[WARN] [1779940521.937247]: RTSP encoder probe failed, skip encoder=h264_omx for stream left
[WARN] [1779940522.667385]: RTSP encoder probe failed, skip encoder=h264_v4l2m2m for stream right
[WARN] [1779940522.890919]: RTSP encoder probe failed, skip encoder=h264_vaapi for stream right
[WARN] [1779940523.039740]: RTSP encoder probe failed, skip encoder=h264_omx for stream right
[WARN] [1779940523.811895]: Failed to export live map files: Failed to write map image: /home/neardi/work/Grinder/temp/live_map/map1.pgm
[WARN] [1779940526.020248]: Failed to export live map files: Failed to write map image: /home/neardi/work/Grinder/temp/live_map/map1.pgm
[WARN] [1779940528.396647]: Failed to export live map files: Failed to write map image: /home/neardi/work/Grinder/temp/live_map/map1.pgm
[WARN] [1779940530.657755]: Failed to export live map files: Failed to write map image: /home/neardi/work/Grinder/temp/live_map/map1.pgm
[WARN] [1779940532.823009]: Failed to export live map files: Failed to write map image: /home/neardi/work/Grinder/temp/live_map/map1.pgm
[WARN] [1779940535.032647]: Failed to export live map files: Failed to write map image: /home/neardi/work/Grinder/temp/live_map/map1.pgm
[WARN] [1779940537.411378]: Failed to export live map files: Failed to write map image: /home/neardi/work/Grinder/temp/live_map/map1.pgm
[WARN] [1779940539.592160]: Failed to export live map files: Failed to write map image: /home/neardi/work/Grinder/temp/live_map/map1.pgm
[WARN] [1779940541.830344]: Failed to export live map files: Failed to write map image: /home/neardi/work/Grinder/temp/live_map/map1.pgm
[WARN] [1779940543.990650]: Failed to export live map files: Failed to write map image: /home/neardi/work/Grinder/temp/live_map/map1.pgm
[WARN] [1779940546.208882]: Failed to export live map files: Failed to write map image: /home/neardi/work/Grinder/temp/live_map/map1.pgm
[WARN] [1779940548.592461]: Failed to export live map files: Failed to write map image: /home/neardi/work/Grinder/temp/live_map/map1.pgm
[WARN] [1779940550.805635]: Failed to export live map files: Failed to write map image: /home/neardi/work/Grinder/temp/live_map/map1.pgm
[WARN] [1779940553.019549]: Failed to export live map files: Failed to write map image: /home/neardi/work/Grinder/temp/live_map/map1.pgm
[WARN] [1779940555.217242]: Failed to export live map files: Failed to write map image: /home/neardi/work/Grinder/temp/live_map/map1.pgm
[WARN] [1779940557.415735]: Failed to export live map files: Failed to write map image: /home/neardi/work/Grinder/temp/live_map/map1.pgm
[WARN] [1779940559.791785]: Failed to export live map files: Failed to write map image: /home/neardi/work/Grinder/temp/live_map/map1.pgm
[WARN] [1779940561.844774]: Failed to export live map files: Failed to write map image: /home/neardi/work/Grinder/temp/live_map/map1.pgm
[WARN] [1779940564.186027]: Failed to export live map files: Failed to write map image: /home/neardi/work/Grinder/temp/live_map/map1.pgm
[WARN] [1779940566.200984]: Failed to export live map files: Failed to write map image: /home/neardi/work/Grinder/temp/live_map/map1.pgm
[WARN] [1779940568.423461]: Failed to export live map files: Failed to write map image: /home/neardi/work/Grinder/temp/live_map/map1.pgm
[WARN] [1779940570.602083]: Failed to export live map files: Failed to write map image: /home/neardi/work/Grinder/temp/live_map/map1.pgm
[WARN] [1779940572.637442]: Failed to export live map files: Failed to write map image: /home/neardi/work/Grinder/temp/live_map/map1.pgm
[WARN] [1779940574.791652]: Failed to export live map files: Failed to write map image: /home/neardi/work/Grinder/temp/live_map/map1.pgm
[WARN] [1779940576.803218]: Failed to export live map files: Failed to write map image: /home/neardi/work/Grinder/temp/live_map/map1.pgm
[WARN] [1779940579.039563]: Failed to export live map files: Failed to write map image: /home/neardi/work/Grinder/temp/live_map/map1.pgm
[WARN] [1779940581.219299]: Failed to export live map files: Failed to write map image: /home/neardi/work/Grinder/temp/live_map/map1.pgm
[WARN] [1779940583.241125]: Failed to export live map files: Failed to write map image: /home/neardi/work/Grinder/temp/live_map/map1.pgm
[WARN] [1779940585.411627]: Failed to export live map files: Failed to write map image: /home/neardi/work/Grinder/temp/live_map/map1.pgm
[WARN] [1779940587.815415]: Failed to export live map files: Failed to write map image: /home/neardi/work/Grinder/temp/live_map/map1.pgm
[WARN] [1779940589.993398]: Failed to export live map files: Failed to write map image: /home/neardi/work/Grinder/temp/live_map/map1.pgm
[WARN] [1779940592.190536]: Failed to export live map files: Failed to write map image: /home/neardi/work/Grinder/temp/live_map/map1.pgm
[WARN] [1779940594.255289]: Failed to export live map files: Failed to write map image: /home/neardi/work/Grinder/temp/live_map/map1.pgm
[WARN] [1779940596.402215]: Failed to export live map files: Failed to write map image: /home/neardi/work/Grinder/temp/live_map/map1.pgm
[WARN] [1779940598.633882]: Failed to export live map files: Failed to write map image: /home/neardi/work/Grinder/temp/live_map/map1.pgm
[WARN] [1779940601.002051]: Failed to export live map files: Failed to write map image: /home/neardi/work/Grinder/temp/live_map/map1.pgm
[WARN] [1779940603.186520]: Failed to export live map files: Failed to write map image: /home/neardi/work/Grinder/temp/live_map/map1.pgm
[WARN] [1779940605.215338]: Failed to export live map files: Failed to write map image: /home/neardi/work/Grinder/temp/live_map/map1.pgm
[WARN] [1779940607.601387]: Failed to export live map files: Failed to write map image: /home/neardi/work/Grinder/temp/live_map/map1.pgm
[WARN] [1779940609.651000]: Failed to export live map files: Failed to write map image: /home/neardi/work/Grinder/temp/live_map/map1.pgm
[WARN] [1779940611.834183]: Failed to export live map files: Failed to write map image: /home/neardi/work/Grinder/temp/live_map/map1.pgm
[WARN] [1779940614.043318]: Failed to export live map files: Failed to write map image: /home/neardi/work/Grinder/temp/live_map/map1.pgm
[WARN] [1779940616.382163]: Failed to export live map files: Failed to write map image: /home/neardi/work/Grinder/temp/live_map/map1.pgm
[WARN] [1779940618.422193]: Failed to export live map files: Failed to write map image: /home/neardi/work/Grinder/temp/live_map/map1.pgm
[WARN] [1779940620.813133]: Failed to export live map files: Failed to write map image: /home/neardi/work/Grinder/temp/live_map/map1.pgm
[WARN] [1779940623.043593]: Failed to export live map files: Failed to write map image: /home/neardi/work/Grinder/temp/live_map/map1.pgm
[WARN] [1779940625.407431]: Failed to export live map files: Failed to write map image: /home/neardi/work/Grinder/temp/live_map/map1.pgm
[WARN] [1779940627.588756]: Failed to export live map files: Failed to write map image: /home/neardi/work/Grinder/temp/live_map/map1.pgm
[WARN] [1779940629.597204]: Failed to export live map files: Failed to write map image: /home/neardi/work/Grinder/temp/live_map/map1.pgm
[WARN] [1779940631.645108]: Failed to export live map files: Failed to write map image: /home/neardi/work/Grinder/temp/live_map/map1.pgm
[WARN] [1779940634.015324]: Failed to export live map files: Failed to write map image: /home/neardi/work/Grinder/temp/live_map/map1.pgm
[WARN] [1779940636.393612]: Failed to export live map files: Failed to write map image: /home/neardi/work/Grinder/temp/live_map/map1.pgm
[WARN] [1779940638.624192]: Failed to export live map files: Failed to write map image: /home/neardi/work/Grinder/temp/live_map/map1.pgm
[WARN] [1779940640.791851]: Failed to export live map files: Failed to write map image: /home/neardi/work/Grinder/temp/live_map/map1.pgm
[WARN] [1779940642.992736]: Failed to export live map files: Failed to write map image: /home/neardi/work/Grinder/temp/live_map/map1.pgm
[WARN] [1779940520.479391]: Failed to send startup safe state: Serial read timeout on /dev/ttyS0 after 0 of 8 bytes
[WARN] [1779940520.653176]: Modbus transport error: Serial read timeout on /dev/ttyS0 after 0 of 3 bytes
[WARN] [1779940522.732587]: Modbus transport error: Serial read timeout on /dev/ttyS0 after 0 of 3 bytes
[WARN] [1779940524.822317]: Modbus transport error: Serial read timeout on /dev/ttyS0 after 0 of 3 bytes
[WARN] [1779940526.921818]: Modbus transport error: Serial read timeout on /dev/ttyS0 after 0 of 3 bytes
[WARN] [1779940528.991863]: Modbus transport error: Serial read timeout on /dev/ttyS0 after 0 of 3 bytes
[WARN] [1779940531.065286]: Modbus transport error: Serial read timeout on /dev/ttyS0 after 0 of 3 bytes
[WARN] [1779940533.169293]: Modbus transport error: Serial read timeout on /dev/ttyS0 after 0 of 3 bytes
[WARN] [1779940535.248582]: Modbus transport error: Serial read timeout on /dev/ttyS0 after 0 of 3 bytes
[WARN] [1779940537.321671]: Modbus transport error: Serial read timeout on /dev/ttyS0 after 0 of 3 bytes
[WARN] [1779940539.398535]: Modbus transport error: Serial read timeout on /dev/ttyS0 after 0 of 3 bytes
[WARN] [1779940541.499876]: Modbus transport error: Serial read timeout on /dev/ttyS0 after 0 of 3 bytes
[WARN] [1779940543.579368]: Modbus transport error: Serial read timeout on /dev/ttyS0 after 0 of 3 bytes
[WARN] [1779940545.645378]: Modbus transport error: Serial read timeout on /dev/ttyS0 after 0 of 3 bytes
[WARN] [1779940547.726314]: Modbus transport error: Serial read timeout on /dev/ttyS0 after 0 of 3 bytes
[WARN] [1779940549.808282]: Modbus transport error: Serial read timeout on /dev/ttyS0 after 0 of 3 bytes
[WARN] [1779940551.905871]: Modbus transport error: Serial read timeout on /dev/ttyS0 after 0 of 3 bytes
[WARN] [1779940554.005798]: Modbus transport error: Serial read timeout on /dev/ttyS0 after 0 of 3 bytes
[WARN] [1779940556.084249]: Modbus transport error: Serial read timeout on /dev/ttyS0 after 0 of 3 bytes
[WARN] [1779940558.158142]: Modbus transport error: Serial read timeout on /dev/ttyS0 after 0 of 3 bytes
[WARN] [1779940560.256255]: Modbus transport error: Serial read timeout on /dev/ttyS0 after 0 of 3 bytes
[WARN] [1779940562.344909]: Modbus transport error: Serial read timeout on /dev/ttyS0 after 0 of 3 bytes
[WARN] [1779940564.417852]: Modbus transport error: Serial read timeout on /dev/ttyS0 after 0 of 3 bytes
[WARN] [1779940566.514882]: Modbus transport error: Serial read timeout on /dev/ttyS0 after 0 of 3 bytes
[WARN] [1779940568.605729]: Modbus transport error: Serial read timeout on /dev/ttyS0 after 0 of 3 bytes
[WARN] [1779940570.665107]: Modbus transport error: Serial read timeout on /dev/ttyS0 after 0 of 3 bytes
[WARN] [1779940572.728855]: Modbus transport error: Serial read timeout on /dev/ttyS0 after 0 of 3 bytes
[WARN] [1779940574.784886]: Modbus transport error: Serial read timeout on /dev/ttyS0 after 0 of 3 bytes
[WARN] [1779940576.874961]: Modbus transport error: Serial read timeout on /dev/ttyS0 after 0 of 3 bytes
[WARN] [1779940578.958506]: Modbus transport error: Serial read timeout on /dev/ttyS0 after 0 of 3 bytes
[WARN] [1779940581.041630]: Modbus transport error: Serial read timeout on /dev/ttyS0 after 0 of 3 bytes
[WARN] [1779940583.147886]: Modbus transport error: Serial read timeout on /dev/ttyS0 after 0 of 3 bytes
[WARN] [1779940585.258559]: Modbus transport error: Serial read timeout on /dev/ttyS0 after 0 of 3 bytes
[WARN] [1779940587.335373]: Modbus transport error: Serial read timeout on /dev/ttyS0 after 0 of 3 bytes
[WARN] [1779940589.418622]: Modbus transport error: Serial read timeout on /dev/ttyS0 after 0 of 3 bytes
[WARN] [1779940591.498254]: Modbus transport error: Serial read timeout on /dev/ttyS0 after 0 of 3 bytes
[WARN] [1779940593.586308]: Modbus transport error: Serial read timeout on /dev/ttyS0 after 0 of 3 bytes
[WARN] [1779940595.678209]: Modbus transport error: Serial read timeout on /dev/ttyS0 after 0 of 3 bytes
[WARN] [1779940597.782001]: Modbus transport error: Serial read timeout on /dev/ttyS0 after 0 of 3 bytes
[WARN] [1779940599.867872]: Modbus transport error: Serial read timeout on /dev/ttyS0 after 0 of 3 bytes
[WARN] [1779940601.962986]: Modbus transport error: Serial read timeout on /dev/ttyS0 after 0 of 3 bytes
[WARN] [1779940604.039247]: Modbus transport error: Serial read timeout on /dev/ttyS0 after 0 of 3 bytes
[WARN] [1779940606.155267]: Modbus transport error: Serial read timeout on /dev/ttyS0 after 0 of 3 bytes
[WARN] [1779940608.227435]: Modbus transport error: Serial read timeout on /dev/ttyS0 after 0 of 3 bytes
[WARN] [1779940610.326504]: Modbus transport error: Serial read timeout on /dev/ttyS0 after 0 of 3 bytes
[WARN] [1779940612.426934]: Modbus transport error: Serial read timeout on /dev/ttyS0 after 0 of 3 bytes
[WARN] [1779940614.510804]: Modbus transport error: Serial read timeout on /dev/ttyS0 after 0 of 3 bytes
[WARN] [1779940616.612650]: Modbus transport error: Serial read timeout on /dev/ttyS0 after 0 of 3 bytes
[WARN] [1779940618.699223]: Modbus transport error: Serial read timeout on /dev/ttyS0 after 0 of 3 bytes
[WARN] [1779940620.788421]: Modbus transport error: Serial read timeout on /dev/ttyS0 after 0 of 3 bytes
[WARN] [1779940622.861598]: Modbus transport error: Serial read timeout on /dev/ttyS0 after 0 of 3 bytes
[WARN] [1779940624.866195]: Modbus transport error: Serial read timeout on /dev/ttyS0 after 0 of 3 bytes
[WARN] [1779940626.968632]: Modbus transport error: Serial read timeout on /dev/ttyS0 after 0 of 3 bytes
[WARN] [1779940629.080649]: Modbus transport error: Serial read timeout on /dev/ttyS0 after 0 of 3 bytes
[WARN] [1779940631.165214]: Modbus transport error: Serial read timeout on /dev/ttyS0 after 0 of 3 bytes
[WARN] [1779940633.254982]: Modbus transport error: Serial read timeout on /dev/ttyS0 after 0 of 3 bytes
[WARN] [1779940635.324097]: Modbus transport error: Serial read timeout on /dev/ttyS0 after 0 of 3 bytes
[WARN] [1779940637.443549]: Modbus transport error: Serial read timeout on /dev/ttyS0 after 0 of 3 bytes
[WARN] [1779940639.518914]: Modbus transport error: Serial read timeout on /dev/ttyS0 after 0 of 3 bytes
[WARN] [1779940641.595429]: Modbus transport error: Serial read timeout on /dev/ttyS0 after 0 of 3 bytes
[WARN] [1779940643.685359]: Modbus transport error: Serial read timeout on /dev/ttyS0 after 0 of 3 bytes
[WARN] [1779940645.755771]: Modbus transport error: Serial read timeout on /dev/ttyS0 after 0 of 3 bytes
[WARN] [1779940647.818625]: Modbus transport error: Serial read timeout on /dev/ttyS0 after 0 of 3 bytes
[WARN] [1779940649.902133]: Modbus transport error: Serial read timeout on /dev/ttyS0 after 0 of 3 bytes
[WARN] [1779940652.014559]: Modbus transport error: Serial read timeout on /dev/ttyS0 after 0 of 3 bytes
[WARN] [1779940654.078603]: Modbus transport error: Serial read timeout on /dev/ttyS0 after 0 of 3 bytes
[WARN] [1779940656.171832]: Modbus transport error: Serial read timeout on /dev/ttyS0 after 0 of 3 bytes
[WARN] [1779940658.257886]: Modbus transport error: Serial read timeout on /dev/ttyS0 after 0 of 3 bytes
[WARN] [1779940660.335333]: Modbus transport error: Serial read timeout on /dev/ttyS0 after 0 of 3 bytes
[WARN] [1779940662.413602]: Modbus transport error: Serial read timeout on /dev/ttyS0 after 0 of 3 bytes
[WARN] [1779940664.518532]: Modbus transport error: Serial read timeout on /dev/ttyS0 after 0 of 3 bytes
[WARN] [1779940666.612509]: Modbus transport error: Serial read timeout on /dev/ttyS0 after 0 of 3 bytes
[WARN] [1779940668.635056]: Modbus transport error: Serial read timeout on /dev/ttyS0 after 0 of 3 bytes
[WARN] [1779940670.712349]: Modbus transport error: Serial read timeout on /dev/ttyS0 after 0 of 3 bytes
[WARN] [1779940672.778601]: Modbus transport error: Serial read timeout on /dev/ttyS0 after 0 of 3 bytes
[WARN] [1779940674.885977]: Modbus transport error: Serial read timeout on /dev/ttyS0 after 0 of 3 bytes
[WARN] [1779940676.973424]: Modbus transport error: Serial read timeout on /dev/ttyS0 after 0 of 3 bytes
